May 20, 2014 11:55:01 PM org.apache.catalina.core.AprLifecycleListener init
INFO: Loaded APR based Apache Tomcat Native library 1.1.27 using APR version 1.4.6.
May 20, 2014 11:55:01 PM org.apache.catalina.core.AprLifecycleListener init
INFO: APR capabilities: IPv6 [true], sendfile [true], accept filters [false], random [true].
May 20, 2014 11:55:03 PM org.apache.catalina.core.AprLifecycleListener initializeSSL
INFO: OpenSSL successfully initialized (OpenSSL 1.0.1d 5 Feb 2013)
May 20, 2014 11:55:03 PM org.apache.coyote.AbstractProtocol init
INFO: Initializing ProtocolHandler ["http-apr-8080"]
May 20, 2014 11:55:03 PM org.apache.coyote.AbstractProtocol init
INFO: Initializing ProtocolHandler ["ajp-apr-8009"]
May 20, 2014 11:55:03 PM org.apache.catalina.startup.Catalina load
INFO: Initialization processed in 2601 ms
May 20, 2014 11:55:04 PM org.apache.catalina.core.StandardService startInternal
INFO: Starting service Catalina
May 20, 2014 11:55:04 PM org.apache.catalina.core.StandardEngine startInternal
INFO: Starting Servlet Engine: Apache Tomcat/7.0.42
May 20, 2014 11:55:04 PM org.apache.catalina.startup.HostConfig deployWAR
INFO: Deploying web application archive D:\softwares\apache-tomcat-7.0.42\webapps\ApnaAspatal.war
May 20, 2014 11:55:06 PM org.apache.catalina.startup.HostConfig deployWAR
INFO: Deploying web application archive D:\softwares\apache-tomcat-7.0.42\webapps\ApnaAspatalAdmin.war
May 20, 2014 11:55:07 PM org.apache.catalina.startup.HostConfig deployWAR
INFO: Deploying web application archive D:\softwares\apache-tomcat-7.0.42\webapps\ApnaAspatalBoothWebClient.war
May 20, 2014 11:55:07 PM org.apache.catalina.startup.HostConfig deployWAR
INFO: Deploying web application archive D:\softwares\apache-tomcat-7.0.42\webapps\ApnaAspatalDoctorWebClient.war
May 20, 2014 11:55:08 PM org.apache.catalina.startup.HostConfig deployWAR
INFO: Deploying web application archive D:\softwares\apache-tomcat-7.0.42\webapps\jenkins.war
May 20, 2014 11:56:08 PM org.apache.catalina.startup.HostConfig deployWAR
INFO: Deploying web application archive D:\softwares\apache-tomcat-7.0.42\webapps\remote-healthcare.war
May 20, 2014 11:56:09 PM jenkins.InitReactorRunner$1 onAttained
INFO: Started initialization
May 20, 2014 11:56:30 PM org.apache.catalina.loader.WebappClassLoader validateJarFile
INFO: validateJarFile(D:\softwares\apache-tomcat-7.0.42\webapps\remote-healthcare\WEB-INF\lib\servlet-api-2.5.jar) - jar not loaded. See Servlet Spec 2.3, section 9.7.2. Offending class: javax/servlet/Servlet.class
May 20, 2014 11:56:44 PM jenkins.InitReactorRunner$1 onAttained
INFO: Listed all plugins
May 20, 2014 11:56:44 PM jenkins.InitReactorRunner$1 onAttained
INFO: Prepared all plugins
May 20, 2014 11:56:45 PM jenkins.InitReactorRunner$1 onAttained
INFO: Started all plugins
May 20, 2014 11:56:45 PM jenkins.InitReactorRunner$1 onAttained
INFO: Augmented all extensions
May 20, 2014 11:56:46 PM jenkins.InitReactorRunner$1 onAttained
INFO: Loaded all jobs
May 20, 2014 11:57:03 PM org.jenkinsci.main.modules.sshd.SSHD start
INFO: Started SSHD at port 53178
May 20, 2014 11:57:04 PM jenkins.InitReactorRunner$1 onAttained
INFO: Completed initialization
May 20, 2014 11:57:05 PM org.springframework.web.context.support.StaticWebApplicationContext prepareRefresh
INFO: Refreshing org.springframework.web.context.support.StaticWebApplicationContext@8099c8: display name [Root WebApplicationContext]; startup date [Tue May 20 23:57:05 IST 2014]; root of context hierarchy
May 20, 2014 11:57:05 PM org.springframework.web.context.support.StaticWebApplicationContext obtainFreshBeanFactory
INFO: Bean factory for application context [org.springframework.web.context.support.StaticWebApplicationContext@8099c8]: org.springframework.beans.factory.support.DefaultListableBeanFactory@117f6a0
May 20, 2014 11:57:05 PM org.springframework.beans.factory.support.DefaultListableBeanFactory preInstantiateSingletons
INFO: Pre-instantiating singletons in org.springframework.beans.factory.support.DefaultListableBeanFactory@117f6a0: defining beans [authenticationManager]; root of factory hierarchy
May 20, 2014 11:57:06 PM org.springframework.web.context.support.StaticWebApplicationContext prepareRefresh
INFO: Refreshing org.springframework.web.context.support.StaticWebApplicationContext@1c2a1da: display name [Root WebApplicationContext]; startup date [Tue May 20 23:57:06 IST 2014]; root of context hierarchy
May 20, 2014 11:57:06 PM org.springframework.web.context.support.StaticWebApplicationContext obtainFreshBeanFactory
INFO: Bean factory for application context [org.springframework.web.context.support.StaticWebApplicationContext@1c2a1da]: org.springframework.beans.factory.support.DefaultListableBeanFactory@1c3d409
May 20, 2014 11:57:06 PM org.springframework.beans.factory.support.DefaultListableBeanFactory preInstantiateSingletons
INFO: Pre-instantiating singletons in org.springframework.beans.factory.support.DefaultListableBeanFactory@1c3d409: defining beans [filter,legacy]; root of factory hierarchy
May 20, 2014 11:57:06 PM hudson.TcpSlaveAgentListener <init>
INFO: JNLP slave agent listener started on TCP port 53179
May 20, 2014 11:57:07 PM hudson.WebAppMain$3 run
INFO: Jenkins is fully up and running
May 20, 2014 11:57:50 PM org.apache.catalina.startup.HostConfig deployDirectory
INFO: Deploying web application directory D:\softwares\apache-tomcat-7.0.42\webapps\docs
May 20, 2014 11:57:50 PM org.apache.catalina.startup.HostConfig deployDirectory
INFO: Deploying web application directory D:\softwares\apache-tomcat-7.0.42\webapps\examples
May 20, 2014 11:57:51 PM org.apache.catalina.startup.HostConfig deployDirectory
INFO: Deploying web application directory D:\softwares\apache-tomcat-7.0.42\webapps\host-manager
May 20, 2014 11:57:51 PM org.apache.catalina.startup.HostConfig deployDirectory
INFO: Deploying web application directory D:\softwares\apache-tomcat-7.0.42\webapps\manager
May 20, 2014 11:57:51 PM org.apache.catalina.startup.HostConfig deployDirectory
INFO: Deploying web application directory D:\softwares\apache-tomcat-7.0.42\webapps\ROOT
May 20, 2014 11:57:51 PM org.apache.coyote.AbstractProtocol start
INFO: Starting ProtocolHandler ["http-apr-8080"]
May 20, 2014 11:57:51 PM org.apache.coyote.AbstractProtocol start
INFO: Starting ProtocolHandler ["ajp-apr-8009"]
May 20, 2014 11:57:51 PM org.apache.catalina.startup.Catalina start
INFO: Server startup in 167765 ms
