Apr 05, 2014 11:35:02 AM org.apache.catalina.core.AprLifecycleListener init
INFO: Loaded APR based Apache Tomcat Native library 1.1.27 using APR version 1.4.6.
Apr 05, 2014 11:35:02 AM org.apache.catalina.core.AprLifecycleListener init
INFO: APR capabilities: IPv6 [true], sendfile [true], accept filters [false], random [true].
Apr 05, 2014 11:35:03 AM org.apache.catalina.core.AprLifecycleListener initializeSSL
INFO: OpenSSL successfully initialized (OpenSSL 1.0.1d 5 Feb 2013)
Apr 05, 2014 11:35:04 AM org.apache.coyote.AbstractProtocol init
INFO: Initializing ProtocolHandler ["http-apr-8080"]
Apr 05, 2014 11:35:04 AM org.apache.coyote.AbstractProtocol init
SEVERE: Failed to initialize end point associated with ProtocolHandler ["http-apr-8080"]
java.lang.Exception: Socket bind failed: [730048] Only one usage of each socket address (protocol/network address/port) is normally permitted.  
	at org.apache.tomcat.util.net.AprEndpoint.bind(AprEndpoint.java:446)
	at org.apache.tomcat.util.net.AbstractEndpoint.init(AbstractEndpoint.java:610)
	at org.apache.coyote.AbstractProtocol.init(AbstractProtocol.java:429)
	at org.apache.catalina.connector.Connector.initInternal(Connector.java:981)
	at org.apache.catalina.util.LifecycleBase.init(LifecycleBase.java:102)
	at org.apache.catalina.core.StandardService.initInternal(StandardService.java:559)
	at org.apache.catalina.util.LifecycleBase.init(LifecycleBase.java:102)
	at org.apache.catalina.core.StandardServer.initInternal(StandardServer.java:814)
	at org.apache.catalina.util.LifecycleBase.init(LifecycleBase.java:102)
	at org.apache.catalina.startup.Catalina.load(Catalina.java:640)
	at org.apache.catalina.startup.Catalina.load(Catalina.java:665)
	at sun.reflect.NativeMethodAccessorImpl.invoke0(Native Method)
	at sun.reflect.NativeMethodAccessorImpl.invoke(NativeMethodAccessorImpl.java:57)
	at sun.reflect.DelegatingMethodAccessorImpl.invoke(DelegatingMethodAccessorImpl.java:43)
	at java.lang.reflect.Method.invoke(Method.java:606)
	at org.apache.catalina.startup.Bootstrap.load(Bootstrap.java:281)
	at org.apache.catalina.startup.Bootstrap.main(Bootstrap.java:455)

Apr 05, 2014 11:35:04 AM org.apache.catalina.core.StandardService initInternal
SEVERE: Failed to initialize connector [Connector[HTTP/1.1-8080]]
org.apache.catalina.LifecycleException: Failed to initialize component [Connector[HTTP/1.1-8080]]
	at org.apache.catalina.util.LifecycleBase.init(LifecycleBase.java:106)
	at org.apache.catalina.core.StandardService.initInternal(StandardService.java:559)
	at org.apache.catalina.util.LifecycleBase.init(LifecycleBase.java:102)
	at org.apache.catalina.core.StandardServer.initInternal(StandardServer.java:814)
	at org.apache.catalina.util.LifecycleBase.init(LifecycleBase.java:102)
	at org.apache.catalina.startup.Catalina.load(Catalina.java:640)
	at org.apache.catalina.startup.Catalina.load(Catalina.java:665)
	at sun.reflect.NativeMethodAccessorImpl.invoke0(Native Method)
	at sun.reflect.NativeMethodAccessorImpl.invoke(NativeMethodAccessorImpl.java:57)
	at sun.reflect.DelegatingMethodAccessorImpl.invoke(DelegatingMethodAccessorImpl.java:43)
	at java.lang.reflect.Method.invoke(Method.java:606)
	at org.apache.catalina.startup.Bootstrap.load(Bootstrap.java:281)
	at org.apache.catalina.startup.Bootstrap.main(Bootstrap.java:455)
Caused by: org.apache.catalina.LifecycleException: Protocol handler initialization failed
	at org.apache.catalina.connector.Connector.initInternal(Connector.java:983)
	at org.apache.catalina.util.LifecycleBase.init(LifecycleBase.java:102)
	... 12 more
Caused by: java.lang.Exception: Socket bind failed: [730048] Only one usage of each socket address (protocol/network address/port) is normally permitted.  
	at org.apache.tomcat.util.net.AprEndpoint.bind(AprEndpoint.java:446)
	at org.apache.tomcat.util.net.AbstractEndpoint.init(AbstractEndpoint.java:610)
	at org.apache.coyote.AbstractProtocol.init(AbstractProtocol.java:429)
	at org.apache.catalina.connector.Connector.initInternal(Connector.java:981)
	... 13 more

Apr 05, 2014 11:35:04 AM org.apache.coyote.AbstractProtocol init
INFO: Initializing ProtocolHandler ["ajp-apr-8009"]
Apr 05, 2014 11:35:04 AM org.apache.coyote.AbstractProtocol init
SEVERE: Failed to initialize end point associated with ProtocolHandler ["ajp-apr-8009"]
java.lang.Exception: Socket bind failed: [730048] Only one usage of each socket address (protocol/network address/port) is normally permitted.  
	at org.apache.tomcat.util.net.AprEndpoint.bind(AprEndpoint.java:446)
	at org.apache.tomcat.util.net.AbstractEndpoint.init(AbstractEndpoint.java:610)
	at org.apache.coyote.AbstractProtocol.init(AbstractProtocol.java:429)
	at org.apache.catalina.connector.Connector.initInternal(Connector.java:981)
	at org.apache.catalina.util.LifecycleBase.init(LifecycleBase.java:102)
	at org.apache.catalina.core.StandardService.initInternal(StandardService.java:559)
	at org.apache.catalina.util.LifecycleBase.init(LifecycleBase.java:102)
	at org.apache.catalina.core.StandardServer.initInternal(StandardServer.java:814)
	at org.apache.catalina.util.LifecycleBase.init(LifecycleBase.java:102)
	at org.apache.catalina.startup.Catalina.load(Catalina.java:640)
	at org.apache.catalina.startup.Catalina.load(Catalina.java:665)
	at sun.reflect.NativeMethodAccessorImpl.invoke0(Native Method)
	at sun.reflect.NativeMethodAccessorImpl.invoke(NativeMethodAccessorImpl.java:57)
	at sun.reflect.DelegatingMethodAccessorImpl.invoke(DelegatingMethodAccessorImpl.java:43)
	at java.lang.reflect.Method.invoke(Method.java:606)
	at org.apache.catalina.startup.Bootstrap.load(Bootstrap.java:281)
	at org.apache.catalina.startup.Bootstrap.main(Bootstrap.java:455)

Apr 05, 2014 11:35:04 AM org.apache.catalina.core.StandardService initInternal
SEVERE: Failed to initialize connector [Connector[AJP/1.3-8009]]
org.apache.catalina.LifecycleException: Failed to initialize component [Connector[AJP/1.3-8009]]
	at org.apache.catalina.util.LifecycleBase.init(LifecycleBase.java:106)
	at org.apache.catalina.core.StandardService.initInternal(StandardService.java:559)
	at org.apache.catalina.util.LifecycleBase.init(LifecycleBase.java:102)
	at org.apache.catalina.core.StandardServer.initInternal(StandardServer.java:814)
	at org.apache.catalina.util.LifecycleBase.init(LifecycleBase.java:102)
	at org.apache.catalina.startup.Catalina.load(Catalina.java:640)
	at org.apache.catalina.startup.Catalina.load(Catalina.java:665)
	at sun.reflect.NativeMethodAccessorImpl.invoke0(Native Method)
	at sun.reflect.NativeMethodAccessorImpl.invoke(NativeMethodAccessorImpl.java:57)
	at sun.reflect.DelegatingMethodAccessorImpl.invoke(DelegatingMethodAccessorImpl.java:43)
	at java.lang.reflect.Method.invoke(Method.java:606)
	at org.apache.catalina.startup.Bootstrap.load(Bootstrap.java:281)
	at org.apache.catalina.startup.Bootstrap.main(Bootstrap.java:455)
Caused by: org.apache.catalina.LifecycleException: Protocol handler initialization failed
	at org.apache.catalina.connector.Connector.initInternal(Connector.java:983)
	at org.apache.catalina.util.LifecycleBase.init(LifecycleBase.java:102)
	... 12 more
Caused by: java.lang.Exception: Socket bind failed: [730048] Only one usage of each socket address (protocol/network address/port) is normally permitted.  
	at org.apache.tomcat.util.net.AprEndpoint.bind(AprEndpoint.java:446)
	at org.apache.tomcat.util.net.AbstractEndpoint.init(AbstractEndpoint.java:610)
	at org.apache.coyote.AbstractProtocol.init(AbstractProtocol.java:429)
	at org.apache.catalina.connector.Connector.initInternal(Connector.java:981)
	... 13 more

Apr 05, 2014 11:35:04 AM org.apache.catalina.startup.Catalina load
INFO: Initialization processed in 2648 ms
Apr 05, 2014 11:35:04 AM org.apache.catalina.core.StandardService startInternal
INFO: Starting service Catalina
Apr 05, 2014 11:35:04 AM org.apache.catalina.core.StandardEngine startInternal
INFO: Starting Servlet Engine: Apache Tomcat/7.0.42
Apr 05, 2014 11:35:04 AM org.apache.catalina.startup.HostConfig deployWAR
INFO: Deploying web application archive D:\softwares\apache-tomcat-7.0.42\webapps\ApnaAspatalAdmin.war
Apr 05, 2014 11:35:06 AM org.apache.catalina.startup.HostConfig deployWAR
INFO: Deploying web application archive D:\softwares\apache-tomcat-7.0.42\webapps\ApnaAspatalBoothWebClient.war
Apr 05, 2014 11:35:06 AM org.apache.catalina.startup.HostConfig deployWAR
INFO: Deploying web application archive D:\softwares\apache-tomcat-7.0.42\webapps\ApnaAspatalDoctorWebClient.war
Apr 05, 2014 11:35:06 AM org.apache.catalina.startup.HostConfig deployWAR
INFO: Deploying web application archive D:\softwares\apache-tomcat-7.0.42\webapps\remote-healthcare.war
Apr 05, 2014 11:35:31 AM org.apache.catalina.core.AprLifecycleListener init
INFO: Loaded APR based Apache Tomcat Native library 1.1.27 using APR version 1.4.6.
Apr 05, 2014 11:35:31 AM org.apache.catalina.core.AprLifecycleListener init
INFO: APR capabilities: IPv6 [true], sendfile [true], accept filters [false], random [true].
Apr 05, 2014 11:35:32 AM org.apache.catalina.core.AprLifecycleListener initializeSSL
INFO: OpenSSL successfully initialized (OpenSSL 1.0.1d 5 Feb 2013)
Apr 05, 2014 11:35:33 AM org.apache.coyote.AbstractProtocol init
INFO: Initializing ProtocolHandler ["http-apr-8080"]
Apr 05, 2014 11:35:33 AM org.apache.coyote.AbstractProtocol init
INFO: Initializing ProtocolHandler ["ajp-apr-8009"]
Apr 05, 2014 11:35:33 AM org.apache.catalina.startup.Catalina load
INFO: Initialization processed in 2241 ms
Apr 05, 2014 11:35:33 AM org.apache.catalina.core.StandardService startInternal
INFO: Starting service Catalina
Apr 05, 2014 11:35:33 AM org.apache.catalina.core.StandardEngine startInternal
INFO: Starting Servlet Engine: Apache Tomcat/7.0.42
Apr 05, 2014 11:35:33 AM org.apache.catalina.startup.HostConfig deployWAR
INFO: Deploying web application archive D:\softwares\apache-tomcat-7.0.42\webapps\ApnaAspatalAdmin.war
Apr 05, 2014 11:35:34 AM org.apache.catalina.startup.HostConfig deployWAR
INFO: Deploying web application archive D:\softwares\apache-tomcat-7.0.42\webapps\ApnaAspatalBoothWebClient.war
Apr 05, 2014 11:35:34 AM org.apache.catalina.startup.HostConfig deployWAR
INFO: Deploying web application archive D:\softwares\apache-tomcat-7.0.42\webapps\ApnaAspatalDoctorWebClient.war
Apr 05, 2014 11:35:34 AM org.apache.catalina.startup.HostConfig deployWAR
INFO: Deploying web application archive D:\softwares\apache-tomcat-7.0.42\webapps\remote-healthcare.war
Apr 05, 2014 11:35:45 AM org.apache.catalina.loader.WebappClassLoader validateJarFile
INFO: validateJarFile(D:\softwares\apache-tomcat-7.0.42\webapps\remote-healthcare\WEB-INF\lib\servlet-api-2.5.jar) - jar not loaded. See Servlet Spec 2.3, section 9.7.2. Offending class: javax/servlet/Servlet.class
Apr 05, 2014 11:36:17 AM org.apache.catalina.startup.HostConfig deployDirectory
INFO: Deploying web application directory D:\softwares\apache-tomcat-7.0.42\webapps\docs
Apr 05, 2014 11:36:17 AM org.apache.catalina.startup.HostConfig deployDirectory
INFO: Deploying web application directory D:\softwares\apache-tomcat-7.0.42\webapps\examples
Apr 05, 2014 11:36:17 AM org.apache.catalina.startup.HostConfig deployDirectory
INFO: Deploying web application directory D:\softwares\apache-tomcat-7.0.42\webapps\host-manager
Apr 05, 2014 11:36:17 AM org.apache.catalina.startup.HostConfig deployDirectory
INFO: Deploying web application directory D:\softwares\apache-tomcat-7.0.42\webapps\manager
Apr 05, 2014 11:36:17 AM org.apache.catalina.startup.HostConfig deployDirectory
INFO: Deploying web application directory D:\softwares\apache-tomcat-7.0.42\webapps\ROOT
Apr 05, 2014 11:36:17 AM org.apache.coyote.AbstractProtocol start
INFO: Starting ProtocolHandler ["http-apr-8080"]
Apr 05, 2014 11:36:17 AM org.apache.coyote.AbstractProtocol start
INFO: Starting ProtocolHandler ["ajp-apr-8009"]
Apr 05, 2014 11:36:17 AM org.apache.catalina.startup.Catalina start
INFO: Server startup in 44745 ms
Apr 05, 2014 11:38:15 AM org.apache.catalina.core.StandardServer await
INFO: A valid shutdown command was received via the shutdown port. Stopping the Server instance.
Apr 05, 2014 11:38:15 AM org.apache.coyote.AbstractProtocol pause
INFO: Pausing ProtocolHandler ["http-apr-8080"]
Apr 05, 2014 11:38:15 AM org.apache.coyote.AbstractProtocol pause
INFO: Pausing ProtocolHandler ["ajp-apr-8009"]
Apr 05, 2014 11:38:15 AM org.apache.catalina.core.StandardService stopInternal
INFO: Stopping service Catalina
Apr 05, 2014 11:38:15 AM org.apache.catalina.loader.WebappClassLoader clearReferencesThreads
SEVERE: The web application [] appears to have started a thread named [Abandoned connection cleanup thread] but has failed to stop it. This is very likely to create a memory leak.
Apr 05, 2014 11:38:15 AM org.apache.catalina.loader.WebappClassLoader clearReferencesJdbc
SEVERE: The web application [/remote-healthcare] registered the JDBC driver [com.mysql.jdbc.Driver] but failed to unregister it when the web application was stopped. To prevent a memory leak, the JDBC Driver has been forcibly unregistered.
Apr 05, 2014 11:38:15 AM org.apache.catalina.loader.WebappClassLoader clearReferencesThreads
SEVERE: The web application [/remote-healthcare] appears to have started a thread named [Timer-0] but has failed to stop it. This is very likely to create a memory leak.
Apr 05, 2014 11:38:15 AM org.apache.coyote.AbstractProtocol stop
INFO: Stopping ProtocolHandler ["http-apr-8080"]
Apr 05, 2014 11:38:15 AM org.apache.coyote.AbstractProtocol stop
INFO: Stopping ProtocolHandler ["ajp-apr-8009"]
Apr 05, 2014 11:38:15 AM org.apache.coyote.AbstractProtocol destroy
INFO: Destroying ProtocolHandler ["http-apr-8080"]
Apr 05, 2014 11:38:15 AM org.apache.coyote.AbstractProtocol destroy
INFO: Destroying ProtocolHandler ["ajp-apr-8009"]
Apr 05, 2014 11:39:02 AM org.apache.catalina.core.AprLifecycleListener init
INFO: Loaded APR based Apache Tomcat Native library 1.1.27 using APR version 1.4.6.
Apr 05, 2014 11:39:02 AM org.apache.catalina.core.AprLifecycleListener init
INFO: APR capabilities: IPv6 [true], sendfile [true], accept filters [false], random [true].
Apr 05, 2014 11:39:03 AM org.apache.catalina.core.AprLifecycleListener initializeSSL
INFO: OpenSSL successfully initialized (OpenSSL 1.0.1d 5 Feb 2013)
Apr 05, 2014 11:39:03 AM org.apache.coyote.AbstractProtocol init
INFO: Initializing ProtocolHandler ["http-apr-8080"]
Apr 05, 2014 11:39:03 AM org.apache.coyote.AbstractProtocol init
INFO: Initializing ProtocolHandler ["ajp-apr-8009"]
Apr 05, 2014 11:39:03 AM org.apache.catalina.startup.Catalina load
INFO: Initialization processed in 2031 ms
Apr 05, 2014 11:39:03 AM org.apache.catalina.core.StandardService startInternal
INFO: Starting service Catalina
Apr 05, 2014 11:39:03 AM org.apache.catalina.core.StandardEngine startInternal
INFO: Starting Servlet Engine: Apache Tomcat/7.0.42
Apr 05, 2014 11:39:03 AM org.apache.catalina.startup.HostConfig deployWAR
INFO: Deploying web application archive D:\softwares\apache-tomcat-7.0.42\webapps\ApnaAspatalAdmin.war
Apr 05, 2014 11:39:04 AM org.apache.catalina.startup.HostConfig deployWAR
INFO: Deploying web application archive D:\softwares\apache-tomcat-7.0.42\webapps\ApnaAspatalBoothWebClient.war
Apr 05, 2014 11:39:04 AM org.apache.catalina.startup.HostConfig deployWAR
INFO: Deploying web application archive D:\softwares\apache-tomcat-7.0.42\webapps\ApnaAspatalDoctorWebClient.war
Apr 05, 2014 11:39:05 AM org.apache.catalina.startup.HostConfig deployWAR
INFO: Deploying web application archive D:\softwares\apache-tomcat-7.0.42\webapps\remote-healthcare.war
Apr 05, 2014 11:39:07 AM org.apache.catalina.loader.WebappClassLoader validateJarFile
INFO: validateJarFile(D:\softwares\apache-tomcat-7.0.42\webapps\remote-healthcare\WEB-INF\lib\servlet-api-2.5.jar) - jar not loaded. See Servlet Spec 2.3, section 9.7.2. Offending class: javax/servlet/Servlet.class
Apr 05, 2014 11:39:32 AM org.apache.catalina.startup.HostConfig deployDirectory
INFO: Deploying web application directory D:\softwares\apache-tomcat-7.0.42\webapps\docs
Apr 05, 2014 11:39:32 AM org.apache.catalina.startup.HostConfig deployDirectory
INFO: Deploying web application directory D:\softwares\apache-tomcat-7.0.42\webapps\examples
Apr 05, 2014 11:39:32 AM org.apache.catalina.startup.HostConfig deployDirectory
INFO: Deploying web application directory D:\softwares\apache-tomcat-7.0.42\webapps\host-manager
Apr 05, 2014 11:39:32 AM org.apache.catalina.startup.HostConfig deployDirectory
INFO: Deploying web application directory D:\softwares\apache-tomcat-7.0.42\webapps\manager
Apr 05, 2014 11:39:32 AM org.apache.catalina.startup.HostConfig deployDirectory
INFO: Deploying web application directory D:\softwares\apache-tomcat-7.0.42\webapps\ROOT
Apr 05, 2014 11:39:32 AM org.apache.coyote.AbstractProtocol start
INFO: Starting ProtocolHandler ["http-apr-8080"]
Apr 05, 2014 11:39:32 AM org.apache.coyote.AbstractProtocol start
INFO: Starting ProtocolHandler ["ajp-apr-8009"]
Apr 05, 2014 11:39:32 AM org.apache.catalina.startup.Catalina start
INFO: Server startup in 29317 ms
Apr 05, 2014 11:43:55 AM org.apache.catalina.core.StandardServer await
INFO: A valid shutdown command was received via the shutdown port. Stopping the Server instance.
Apr 05, 2014 11:43:55 AM org.apache.coyote.AbstractProtocol pause
INFO: Pausing ProtocolHandler ["http-apr-8080"]
Apr 05, 2014 11:43:55 AM org.apache.coyote.AbstractProtocol pause
INFO: Pausing ProtocolHandler ["ajp-apr-8009"]
Apr 05, 2014 11:43:55 AM org.apache.catalina.core.StandardService stopInternal
INFO: Stopping service Catalina
Apr 05, 2014 11:43:55 AM org.apache.catalina.loader.WebappClassLoader clearReferencesThreads
SEVERE: The web application [] appears to have started a thread named [Abandoned connection cleanup thread] but has failed to stop it. This is very likely to create a memory leak.
Apr 05, 2014 11:43:56 AM org.apache.catalina.loader.WebappClassLoader clearReferencesJdbc
SEVERE: The web application [/remote-healthcare] registered the JDBC driver [com.mysql.jdbc.Driver] but failed to unregister it when the web application was stopped. To prevent a memory leak, the JDBC Driver has been forcibly unregistered.
Apr 05, 2014 11:43:56 AM org.apache.catalina.loader.WebappClassLoader clearReferencesThreads
SEVERE: The web application [/remote-healthcare] appears to have started a thread named [Timer-0] but has failed to stop it. This is very likely to create a memory leak.
Apr 05, 2014 11:43:56 AM org.apache.coyote.AbstractProtocol stop
INFO: Stopping ProtocolHandler ["http-apr-8080"]
Apr 05, 2014 11:43:56 AM org.apache.coyote.AbstractProtocol stop
INFO: Stopping ProtocolHandler ["ajp-apr-8009"]
Apr 05, 2014 11:43:56 AM org.apache.coyote.AbstractProtocol destroy
INFO: Destroying ProtocolHandler ["http-apr-8080"]
Apr 05, 2014 11:43:56 AM org.apache.coyote.AbstractProtocol destroy
INFO: Destroying ProtocolHandler ["ajp-apr-8009"]
Apr 05, 2014 11:46:02 AM org.apache.catalina.core.AprLifecycleListener init
INFO: Loaded APR based Apache Tomcat Native library 1.1.27 using APR version 1.4.6.
Apr 05, 2014 11:46:02 AM org.apache.catalina.core.AprLifecycleListener init
INFO: APR capabilities: IPv6 [true], sendfile [true], accept filters [false], random [true].
Apr 05, 2014 11:46:04 AM org.apache.catalina.core.AprLifecycleListener initializeSSL
INFO: OpenSSL successfully initialized (OpenSSL 1.0.1d 5 Feb 2013)
Apr 05, 2014 11:46:05 AM org.apache.coyote.AbstractProtocol init
INFO: Initializing ProtocolHandler ["http-apr-8080"]
Apr 05, 2014 11:46:05 AM org.apache.coyote.AbstractProtocol init
INFO: Initializing ProtocolHandler ["ajp-apr-8009"]
Apr 05, 2014 11:46:05 AM org.apache.catalina.startup.Catalina load
INFO: Initialization processed in 2931 ms
Apr 05, 2014 11:46:05 AM org.apache.catalina.core.StandardService startInternal
INFO: Starting service Catalina
Apr 05, 2014 11:46:05 AM org.apache.catalina.core.StandardEngine startInternal
INFO: Starting Servlet Engine: Apache Tomcat/7.0.42
Apr 05, 2014 11:46:05 AM org.apache.catalina.startup.HostConfig deployWAR
INFO: Deploying web application archive D:\softwares\apache-tomcat-7.0.42\webapps\ApnaAspatalAdmin.war
Apr 05, 2014 11:46:06 AM org.apache.catalina.util.SessionIdGenerator createSecureRandom
INFO: Creation of SecureRandom instance for session ID generation using [SHA1PRNG] took [159] milliseconds.
Apr 05, 2014 11:46:06 AM org.apache.catalina.startup.HostConfig deployWAR
INFO: Deploying web application archive D:\softwares\apache-tomcat-7.0.42\webapps\ApnaAspatalBoothWebClient.war
Apr 05, 2014 11:46:06 AM org.apache.catalina.startup.HostConfig deployWAR
INFO: Deploying web application archive D:\softwares\apache-tomcat-7.0.42\webapps\ApnaAspatalDoctorWebClient.war
Apr 05, 2014 11:46:06 AM org.apache.catalina.startup.HostConfig deployWAR
INFO: Deploying web application archive D:\softwares\apache-tomcat-7.0.42\webapps\remote-healthcare.war
Apr 05, 2014 11:46:08 AM org.apache.catalina.loader.WebappClassLoader validateJarFile
INFO: validateJarFile(D:\softwares\apache-tomcat-7.0.42\webapps\remote-healthcare\WEB-INF\lib\servlet-api-2.5.jar) - jar not loaded. See Servlet Spec 2.3, section 9.7.2. Offending class: javax/servlet/Servlet.class
Apr 05, 2014 11:46:34 AM org.apache.catalina.startup.HostConfig deployDirectory
INFO: Deploying web application directory D:\softwares\apache-tomcat-7.0.42\webapps\docs
Apr 05, 2014 11:46:34 AM org.apache.catalina.startup.HostConfig deployDirectory
INFO: Deploying web application directory D:\softwares\apache-tomcat-7.0.42\webapps\examples
Apr 05, 2014 11:46:34 AM org.apache.catalina.startup.HostConfig deployDirectory
INFO: Deploying web application directory D:\softwares\apache-tomcat-7.0.42\webapps\host-manager
Apr 05, 2014 11:46:34 AM org.apache.catalina.startup.HostConfig deployDirectory
INFO: Deploying web application directory D:\softwares\apache-tomcat-7.0.42\webapps\manager
Apr 05, 2014 11:46:34 AM org.apache.catalina.startup.HostConfig deployDirectory
INFO: Deploying web application directory D:\softwares\apache-tomcat-7.0.42\webapps\ROOT
Apr 05, 2014 11:46:34 AM org.apache.coyote.AbstractProtocol start
INFO: Starting ProtocolHandler ["http-apr-8080"]
Apr 05, 2014 11:46:34 AM org.apache.coyote.AbstractProtocol start
INFO: Starting ProtocolHandler ["ajp-apr-8009"]
Apr 05, 2014 11:46:34 AM org.apache.catalina.startup.Catalina start
INFO: Server startup in 29176 ms
Apr 05, 2014 11:48:48 AM org.apache.catalina.core.StandardServer await
INFO: A valid shutdown command was received via the shutdown port. Stopping the Server instance.
Apr 05, 2014 11:48:48 AM org.apache.coyote.AbstractProtocol pause
INFO: Pausing ProtocolHandler ["http-apr-8080"]
Apr 05, 2014 11:48:48 AM org.apache.coyote.AbstractProtocol pause
INFO: Pausing ProtocolHandler ["ajp-apr-8009"]
Apr 05, 2014 11:48:48 AM org.apache.catalina.core.StandardService stopInternal
INFO: Stopping service Catalina
Apr 05, 2014 11:48:48 AM org.apache.catalina.loader.WebappClassLoader clearReferencesThreads
SEVERE: The web application [] appears to have started a thread named [Abandoned connection cleanup thread] but has failed to stop it. This is very likely to create a memory leak.
Apr 05, 2014 11:48:48 AM org.apache.catalina.loader.WebappClassLoader clearReferencesJdbc
SEVERE: The web application [/remote-healthcare] registered the JDBC driver [com.mysql.jdbc.Driver] but failed to unregister it when the web application was stopped. To prevent a memory leak, the JDBC Driver has been forcibly unregistered.
Apr 05, 2014 11:48:48 AM org.apache.catalina.loader.WebappClassLoader clearReferencesThreads
SEVERE: The web application [/remote-healthcare] appears to have started a thread named [Timer-0] but has failed to stop it. This is very likely to create a memory leak.
Apr 05, 2014 11:48:48 AM org.apache.coyote.AbstractProtocol stop
INFO: Stopping ProtocolHandler ["http-apr-8080"]
Apr 05, 2014 11:48:48 AM org.apache.coyote.AbstractProtocol stop
INFO: Stopping ProtocolHandler ["ajp-apr-8009"]
Apr 05, 2014 11:48:49 AM org.apache.coyote.AbstractProtocol destroy
INFO: Destroying ProtocolHandler ["http-apr-8080"]
Apr 05, 2014 11:48:49 AM org.apache.coyote.AbstractProtocol destroy
INFO: Destroying ProtocolHandler ["ajp-apr-8009"]
Apr 05, 2014 11:50:24 AM org.apache.catalina.core.AprLifecycleListener init
INFO: Loaded APR based Apache Tomcat Native library 1.1.27 using APR version 1.4.6.
Apr 05, 2014 11:50:25 AM org.apache.catalina.core.AprLifecycleListener init
INFO: APR capabilities: IPv6 [true], sendfile [true], accept filters [false], random [true].
Apr 05, 2014 11:50:26 AM org.apache.catalina.core.AprLifecycleListener initializeSSL
INFO: OpenSSL successfully initialized (OpenSSL 1.0.1d 5 Feb 2013)
Apr 05, 2014 11:50:26 AM org.apache.coyote.AbstractProtocol init
INFO: Initializing ProtocolHandler ["http-apr-8080"]
Apr 05, 2014 11:50:26 AM org.apache.coyote.AbstractProtocol init
INFO: Initializing ProtocolHandler ["ajp-apr-8009"]
Apr 05, 2014 11:50:26 AM org.apache.catalina.startup.Catalina load
INFO: Initialization processed in 3333 ms
Apr 05, 2014 11:50:27 AM org.apache.catalina.core.StandardService startInternal
INFO: Starting service Catalina
Apr 05, 2014 11:50:27 AM org.apache.catalina.core.StandardEngine startInternal
INFO: Starting Servlet Engine: Apache Tomcat/7.0.42
Apr 05, 2014 11:50:27 AM org.apache.catalina.startup.HostConfig deployWAR
INFO: Deploying web application archive D:\softwares\apache-tomcat-7.0.42\webapps\ApnaAspatalAdmin.war
Apr 05, 2014 11:50:30 AM org.apache.catalina.startup.HostConfig deployWAR
INFO: Deploying web application archive D:\softwares\apache-tomcat-7.0.42\webapps\ApnaAspatalBoothWebClient.war
Apr 05, 2014 11:50:30 AM org.apache.catalina.startup.HostConfig deployWAR
INFO: Deploying web application archive D:\softwares\apache-tomcat-7.0.42\webapps\ApnaAspatalDoctorWebClient.war
Apr 05, 2014 11:50:30 AM org.apache.catalina.startup.HostConfig deployWAR
INFO: Deploying web application archive D:\softwares\apache-tomcat-7.0.42\webapps\remote-healthcare.war
Apr 05, 2014 11:50:32 AM org.apache.catalina.loader.WebappClassLoader validateJarFile
INFO: validateJarFile(D:\softwares\apache-tomcat-7.0.42\webapps\remote-healthcare\WEB-INF\lib\servlet-api-2.5.jar) - jar not loaded. See Servlet Spec 2.3, section 9.7.2. Offending class: javax/servlet/Servlet.class
Apr 05, 2014 11:50:55 AM org.apache.catalina.startup.HostConfig deployDirectory
INFO: Deploying web application directory D:\softwares\apache-tomcat-7.0.42\webapps\docs
Apr 05, 2014 11:50:55 AM org.apache.catalina.startup.HostConfig deployDirectory
INFO: Deploying web application directory D:\softwares\apache-tomcat-7.0.42\webapps\examples
Apr 05, 2014 11:50:56 AM org.apache.catalina.startup.HostConfig deployDirectory
INFO: Deploying web application directory D:\softwares\apache-tomcat-7.0.42\webapps\host-manager
Apr 05, 2014 11:50:56 AM org.apache.catalina.startup.HostConfig deployDirectory
INFO: Deploying web application directory D:\softwares\apache-tomcat-7.0.42\webapps\manager
Apr 05, 2014 11:50:56 AM org.apache.catalina.startup.HostConfig deployDirectory
INFO: Deploying web application directory D:\softwares\apache-tomcat-7.0.42\webapps\ROOT
Apr 05, 2014 11:50:56 AM org.apache.coyote.AbstractProtocol start
INFO: Starting ProtocolHandler ["http-apr-8080"]
Apr 05, 2014 11:50:56 AM org.apache.coyote.AbstractProtocol start
INFO: Starting ProtocolHandler ["ajp-apr-8009"]
Apr 05, 2014 11:50:56 AM org.apache.catalina.startup.Catalina start
INFO: Server startup in 29510 ms
Apr 05, 2014 11:53:34 AM org.apache.catalina.core.StandardServer await
INFO: A valid shutdown command was received via the shutdown port. Stopping the Server instance.
Apr 05, 2014 11:53:34 AM org.apache.coyote.AbstractProtocol pause
INFO: Pausing ProtocolHandler ["http-apr-8080"]
Apr 05, 2014 11:53:34 AM org.apache.coyote.AbstractProtocol pause
INFO: Pausing ProtocolHandler ["ajp-apr-8009"]
Apr 05, 2014 11:53:34 AM org.apache.catalina.core.StandardService stopInternal
INFO: Stopping service Catalina
Apr 05, 2014 11:53:34 AM org.apache.catalina.loader.WebappClassLoader clearReferencesThreads
SEVERE: The web application [] appears to have started a thread named [Abandoned connection cleanup thread] but has failed to stop it. This is very likely to create a memory leak.
Apr 05, 2014 11:53:34 AM org.apache.catalina.loader.WebappClassLoader clearReferencesJdbc
SEVERE: The web application [/remote-healthcare] registered the JDBC driver [com.mysql.jdbc.Driver] but failed to unregister it when the web application was stopped. To prevent a memory leak, the JDBC Driver has been forcibly unregistered.
Apr 05, 2014 11:53:34 AM org.apache.catalina.loader.WebappClassLoader clearReferencesThreads
SEVERE: The web application [/remote-healthcare] appears to have started a thread named [Timer-0] but has failed to stop it. This is very likely to create a memory leak.
Apr 05, 2014 11:53:34 AM org.apache.coyote.AbstractProtocol stop
INFO: Stopping ProtocolHandler ["http-apr-8080"]
Apr 05, 2014 11:53:34 AM org.apache.coyote.AbstractProtocol stop
INFO: Stopping ProtocolHandler ["ajp-apr-8009"]
Apr 05, 2014 11:53:34 AM org.apache.coyote.AbstractProtocol destroy
INFO: Destroying ProtocolHandler ["http-apr-8080"]
Apr 05, 2014 11:53:34 AM org.apache.coyote.AbstractProtocol destroy
INFO: Destroying ProtocolHandler ["ajp-apr-8009"]
Apr 05, 2014 11:54:40 AM org.apache.catalina.core.AprLifecycleListener init
INFO: Loaded APR based Apache Tomcat Native library 1.1.27 using APR version 1.4.6.
Apr 05, 2014 11:54:40 AM org.apache.catalina.core.AprLifecycleListener init
INFO: APR capabilities: IPv6 [true], sendfile [true], accept filters [false], random [true].
Apr 05, 2014 11:54:42 AM org.apache.catalina.core.AprLifecycleListener initializeSSL
INFO: OpenSSL successfully initialized (OpenSSL 1.0.1d 5 Feb 2013)
Apr 05, 2014 11:54:42 AM org.apache.coyote.AbstractProtocol init
INFO: Initializing ProtocolHandler ["http-apr-8080"]
Apr 05, 2014 11:54:42 AM org.apache.coyote.AbstractProtocol init
INFO: Initializing ProtocolHandler ["ajp-apr-8009"]
Apr 05, 2014 11:54:43 AM org.apache.catalina.startup.Catalina load
INFO: Initialization processed in 2909 ms
Apr 05, 2014 11:54:43 AM org.apache.catalina.core.StandardService startInternal
INFO: Starting service Catalina
Apr 05, 2014 11:54:43 AM org.apache.catalina.core.StandardEngine startInternal
INFO: Starting Servlet Engine: Apache Tomcat/7.0.42
Apr 05, 2014 11:54:43 AM org.apache.catalina.startup.HostConfig deployWAR
INFO: Deploying web application archive D:\softwares\apache-tomcat-7.0.42\webapps\ApnaAspatalAdmin.war
Apr 05, 2014 11:54:44 AM org.apache.catalina.startup.HostConfig deployWAR
INFO: Deploying web application archive D:\softwares\apache-tomcat-7.0.42\webapps\ApnaAspatalBoothWebClient.war
Apr 05, 2014 11:54:44 AM org.apache.catalina.startup.HostConfig deployWAR
INFO: Deploying web application archive D:\softwares\apache-tomcat-7.0.42\webapps\ApnaAspatalDoctorWebClient.war
Apr 05, 2014 11:54:44 AM org.apache.catalina.startup.HostConfig deployWAR
INFO: Deploying web application archive D:\softwares\apache-tomcat-7.0.42\webapps\remote-healthcare.war
Apr 05, 2014 11:54:46 AM org.apache.catalina.loader.WebappClassLoader validateJarFile
INFO: validateJarFile(D:\softwares\apache-tomcat-7.0.42\webapps\remote-healthcare\WEB-INF\lib\servlet-api-2.5.jar) - jar not loaded. See Servlet Spec 2.3, section 9.7.2. Offending class: javax/servlet/Servlet.class
Apr 05, 2014 11:55:11 AM org.apache.catalina.startup.HostConfig deployDirectory
INFO: Deploying web application directory D:\softwares\apache-tomcat-7.0.42\webapps\docs
Apr 05, 2014 11:55:11 AM org.apache.catalina.startup.HostConfig deployDirectory
INFO: Deploying web application directory D:\softwares\apache-tomcat-7.0.42\webapps\examples
Apr 05, 2014 11:55:11 AM org.apache.catalina.startup.HostConfig deployDirectory
INFO: Deploying web application directory D:\softwares\apache-tomcat-7.0.42\webapps\host-manager
Apr 05, 2014 11:55:11 AM org.apache.catalina.startup.HostConfig deployDirectory
INFO: Deploying web application directory D:\softwares\apache-tomcat-7.0.42\webapps\manager
Apr 05, 2014 11:55:11 AM org.apache.catalina.startup.HostConfig deployDirectory
INFO: Deploying web application directory D:\softwares\apache-tomcat-7.0.42\webapps\ROOT
Apr 05, 2014 11:55:11 AM org.apache.coyote.AbstractProtocol start
INFO: Starting ProtocolHandler ["http-apr-8080"]
Apr 05, 2014 11:55:12 AM org.apache.coyote.AbstractProtocol start
INFO: Starting ProtocolHandler ["ajp-apr-8009"]
Apr 05, 2014 11:55:12 AM org.apache.catalina.startup.Catalina start
INFO: Server startup in 29001 ms
Apr 05, 2014 11:57:44 AM org.apache.catalina.core.StandardServer await
INFO: A valid shutdown command was received via the shutdown port. Stopping the Server instance.
Apr 05, 2014 11:57:44 AM org.apache.coyote.AbstractProtocol pause
INFO: Pausing ProtocolHandler ["http-apr-8080"]
Apr 05, 2014 11:57:45 AM org.apache.coyote.AbstractProtocol pause
INFO: Pausing ProtocolHandler ["ajp-apr-8009"]
Apr 05, 2014 11:57:45 AM org.apache.catalina.core.StandardService stopInternal
INFO: Stopping service Catalina
Apr 05, 2014 11:57:45 AM org.apache.catalina.loader.WebappClassLoader clearReferencesThreads
SEVERE: The web application [] appears to have started a thread named [Abandoned connection cleanup thread] but has failed to stop it. This is very likely to create a memory leak.
Apr 05, 2014 11:57:45 AM org.apache.catalina.loader.WebappClassLoader clearReferencesJdbc
SEVERE: The web application [/remote-healthcare] registered the JDBC driver [com.mysql.jdbc.Driver] but failed to unregister it when the web application was stopped. To prevent a memory leak, the JDBC Driver has been forcibly unregistered.
Apr 05, 2014 11:57:45 AM org.apache.catalina.loader.WebappClassLoader clearReferencesThreads
SEVERE: The web application [/remote-healthcare] appears to have started a thread named [Timer-0] but has failed to stop it. This is very likely to create a memory leak.
Apr 05, 2014 11:57:45 AM org.apache.coyote.AbstractProtocol stop
INFO: Stopping ProtocolHandler ["http-apr-8080"]
Apr 05, 2014 11:57:45 AM org.apache.coyote.AbstractProtocol stop
INFO: Stopping ProtocolHandler ["ajp-apr-8009"]
Apr 05, 2014 11:57:45 AM org.apache.coyote.AbstractProtocol destroy
INFO: Destroying ProtocolHandler ["http-apr-8080"]
Apr 05, 2014 11:57:45 AM org.apache.coyote.AbstractProtocol destroy
INFO: Destroying ProtocolHandler ["ajp-apr-8009"]
Apr 05, 2014 11:58:42 AM org.apache.catalina.core.AprLifecycleListener init
INFO: Loaded APR based Apache Tomcat Native library 1.1.27 using APR version 1.4.6.
Apr 05, 2014 11:58:42 AM org.apache.catalina.core.AprLifecycleListener init
INFO: APR capabilities: IPv6 [true], sendfile [true], accept filters [false], random [true].
Apr 05, 2014 11:58:43 AM org.apache.catalina.core.AprLifecycleListener initializeSSL
INFO: OpenSSL successfully initialized (OpenSSL 1.0.1d 5 Feb 2013)
Apr 05, 2014 11:58:45 AM org.apache.coyote.AbstractProtocol init
INFO: Initializing ProtocolHandler ["http-apr-8080"]
Apr 05, 2014 11:58:45 AM org.apache.coyote.AbstractProtocol init
INFO: Initializing ProtocolHandler ["ajp-apr-8009"]
Apr 05, 2014 11:58:45 AM org.apache.catalina.startup.Catalina load
INFO: Initialization processed in 3850 ms
Apr 05, 2014 11:58:45 AM org.apache.catalina.core.StandardService startInternal
INFO: Starting service Catalina
Apr 05, 2014 11:58:45 AM org.apache.catalina.core.StandardEngine startInternal
INFO: Starting Servlet Engine: Apache Tomcat/7.0.42
Apr 05, 2014 11:58:45 AM org.apache.catalina.startup.HostConfig deployWAR
INFO: Deploying web application archive D:\softwares\apache-tomcat-7.0.42\webapps\ApnaAspatalAdmin.war
Apr 05, 2014 11:58:46 AM org.apache.catalina.startup.HostConfig deployWAR
INFO: Deploying web application archive D:\softwares\apache-tomcat-7.0.42\webapps\ApnaAspatalBoothWebClient.war
Apr 05, 2014 11:58:46 AM org.apache.catalina.startup.HostConfig deployWAR
INFO: Deploying web application archive D:\softwares\apache-tomcat-7.0.42\webapps\ApnaAspatalDoctorWebClient.war
Apr 05, 2014 11:58:47 AM org.apache.catalina.startup.HostConfig deployWAR
INFO: Deploying web application archive D:\softwares\apache-tomcat-7.0.42\webapps\remote-healthcare.war
Apr 05, 2014 11:58:49 AM org.apache.catalina.loader.WebappClassLoader validateJarFile
INFO: validateJarFile(D:\softwares\apache-tomcat-7.0.42\webapps\remote-healthcare\WEB-INF\lib\servlet-api-2.5.jar) - jar not loaded. See Servlet Spec 2.3, section 9.7.2. Offending class: javax/servlet/Servlet.class
Apr 05, 2014 11:59:15 AM org.apache.catalina.startup.HostConfig deployDirectory
INFO: Deploying web application directory D:\softwares\apache-tomcat-7.0.42\webapps\docs
Apr 05, 2014 11:59:15 AM org.apache.catalina.startup.HostConfig deployDirectory
INFO: Deploying web application directory D:\softwares\apache-tomcat-7.0.42\webapps\examples
Apr 05, 2014 11:59:16 AM org.apache.catalina.startup.HostConfig deployDirectory
INFO: Deploying web application directory D:\softwares\apache-tomcat-7.0.42\webapps\host-manager
Apr 05, 2014 11:59:16 AM org.apache.catalina.startup.HostConfig deployDirectory
INFO: Deploying web application directory D:\softwares\apache-tomcat-7.0.42\webapps\manager
Apr 05, 2014 11:59:16 AM org.apache.catalina.startup.HostConfig deployDirectory
INFO: Deploying web application directory D:\softwares\apache-tomcat-7.0.42\webapps\ROOT
Apr 05, 2014 11:59:16 AM org.apache.coyote.AbstractProtocol start
INFO: Starting ProtocolHandler ["http-apr-8080"]
Apr 05, 2014 11:59:16 AM org.apache.coyote.AbstractProtocol start
INFO: Starting ProtocolHandler ["ajp-apr-8009"]
Apr 05, 2014 11:59:16 AM org.apache.catalina.startup.Catalina start
INFO: Server startup in 30677 ms
Apr 05, 2014 12:01:13 PM org.apache.catalina.core.StandardServer await
INFO: A valid shutdown command was received via the shutdown port. Stopping the Server instance.
Apr 05, 2014 12:01:13 PM org.apache.coyote.AbstractProtocol pause
INFO: Pausing ProtocolHandler ["http-apr-8080"]
Apr 05, 2014 12:01:13 PM org.apache.coyote.AbstractProtocol pause
INFO: Pausing ProtocolHandler ["ajp-apr-8009"]
Apr 05, 2014 12:01:13 PM org.apache.catalina.core.StandardService stopInternal
INFO: Stopping service Catalina
Apr 05, 2014 12:01:13 PM org.apache.catalina.loader.WebappClassLoader clearReferencesThreads
SEVERE: The web application [] appears to have started a thread named [Abandoned connection cleanup thread] but has failed to stop it. This is very likely to create a memory leak.
Apr 05, 2014 12:01:14 PM org.apache.catalina.loader.WebappClassLoader clearReferencesJdbc
SEVERE: The web application [/remote-healthcare] registered the JDBC driver [com.mysql.jdbc.Driver] but failed to unregister it when the web application was stopped. To prevent a memory leak, the JDBC Driver has been forcibly unregistered.
Apr 05, 2014 12:01:14 PM org.apache.catalina.loader.WebappClassLoader clearReferencesThreads
SEVERE: The web application [/remote-healthcare] appears to have started a thread named [Timer-0] but has failed to stop it. This is very likely to create a memory leak.
Apr 05, 2014 12:01:14 PM org.apache.coyote.AbstractProtocol stop
INFO: Stopping ProtocolHandler ["http-apr-8080"]
Apr 05, 2014 12:01:14 PM org.apache.coyote.AbstractProtocol stop
INFO: Stopping ProtocolHandler ["ajp-apr-8009"]
Apr 05, 2014 12:01:14 PM org.apache.coyote.AbstractProtocol destroy
INFO: Destroying ProtocolHandler ["http-apr-8080"]
Apr 05, 2014 12:01:14 PM org.apache.coyote.AbstractProtocol destroy
INFO: Destroying ProtocolHandler ["ajp-apr-8009"]
Apr 05, 2014 12:01:59 PM org.apache.catalina.core.AprLifecycleListener init
INFO: Loaded APR based Apache Tomcat Native library 1.1.27 using APR version 1.4.6.
Apr 05, 2014 12:01:59 PM org.apache.catalina.core.AprLifecycleListener init
INFO: APR capabilities: IPv6 [true], sendfile [true], accept filters [false], random [true].
Apr 05, 2014 12:02:00 PM org.apache.catalina.core.AprLifecycleListener initializeSSL
INFO: OpenSSL successfully initialized (OpenSSL 1.0.1d 5 Feb 2013)
Apr 05, 2014 12:02:01 PM org.apache.coyote.AbstractProtocol init
INFO: Initializing ProtocolHandler ["http-apr-8080"]
Apr 05, 2014 12:02:01 PM org.apache.coyote.AbstractProtocol init
INFO: Initializing ProtocolHandler ["ajp-apr-8009"]
Apr 05, 2014 12:02:01 PM org.apache.catalina.startup.Catalina load
INFO: Initialization processed in 2076 ms
Apr 05, 2014 12:02:01 PM org.apache.catalina.core.StandardService startInternal
INFO: Starting service Catalina
Apr 05, 2014 12:02:01 PM org.apache.catalina.core.StandardEngine startInternal
INFO: Starting Servlet Engine: Apache Tomcat/7.0.42
Apr 05, 2014 12:02:01 PM org.apache.catalina.startup.HostConfig deployWAR
INFO: Deploying web application archive D:\softwares\apache-tomcat-7.0.42\webapps\ApnaAspatalAdmin.war
Apr 05, 2014 12:02:02 PM org.apache.catalina.startup.HostConfig deployWAR
INFO: Deploying web application archive D:\softwares\apache-tomcat-7.0.42\webapps\ApnaAspatalBoothWebClient.war
Apr 05, 2014 12:02:02 PM org.apache.catalina.startup.HostConfig deployWAR
INFO: Deploying web application archive D:\softwares\apache-tomcat-7.0.42\webapps\ApnaAspatalDoctorWebClient.war
Apr 05, 2014 12:02:03 PM org.apache.catalina.startup.HostConfig deployWAR
INFO: Deploying web application archive D:\softwares\apache-tomcat-7.0.42\webapps\remote-healthcare.war
Apr 05, 2014 12:02:05 PM org.apache.catalina.loader.WebappClassLoader validateJarFile
INFO: validateJarFile(D:\softwares\apache-tomcat-7.0.42\webapps\remote-healthcare\WEB-INF\lib\servlet-api-2.5.jar) - jar not loaded. See Servlet Spec 2.3, section 9.7.2. Offending class: javax/servlet/Servlet.class
Apr 05, 2014 12:02:30 PM org.apache.catalina.startup.HostConfig deployDirectory
INFO: Deploying web application directory D:\softwares\apache-tomcat-7.0.42\webapps\docs
Apr 05, 2014 12:02:30 PM org.apache.catalina.startup.HostConfig deployDirectory
INFO: Deploying web application directory D:\softwares\apache-tomcat-7.0.42\webapps\examples
Apr 05, 2014 12:02:30 PM org.apache.catalina.startup.HostConfig deployDirectory
INFO: Deploying web application directory D:\softwares\apache-tomcat-7.0.42\webapps\host-manager
Apr 05, 2014 12:02:30 PM org.apache.catalina.startup.HostConfig deployDirectory
INFO: Deploying web application directory D:\softwares\apache-tomcat-7.0.42\webapps\manager
Apr 05, 2014 12:02:31 PM org.apache.catalina.startup.HostConfig deployDirectory
INFO: Deploying web application directory D:\softwares\apache-tomcat-7.0.42\webapps\ROOT
Apr 05, 2014 12:02:31 PM org.apache.coyote.AbstractProtocol start
INFO: Starting ProtocolHandler ["http-apr-8080"]
Apr 05, 2014 12:02:31 PM org.apache.coyote.AbstractProtocol start
INFO: Starting ProtocolHandler ["ajp-apr-8009"]
Apr 05, 2014 12:02:31 PM org.apache.catalina.startup.Catalina start
INFO: Server startup in 29980 ms
Apr 05, 2014 12:03:25 PM org.apache.catalina.core.StandardServer await
INFO: A valid shutdown command was received via the shutdown port. Stopping the Server instance.
Apr 05, 2014 12:03:25 PM org.apache.coyote.AbstractProtocol pause
INFO: Pausing ProtocolHandler ["http-apr-8080"]
Apr 05, 2014 12:03:25 PM org.apache.coyote.AbstractProtocol pause
INFO: Pausing ProtocolHandler ["ajp-apr-8009"]
Apr 05, 2014 12:03:26 PM org.apache.catalina.core.StandardService stopInternal
INFO: Stopping service Catalina
Apr 05, 2014 12:03:26 PM org.apache.catalina.loader.WebappClassLoader clearReferencesThreads
SEVERE: The web application [] appears to have started a thread named [Abandoned connection cleanup thread] but has failed to stop it. This is very likely to create a memory leak.
Apr 05, 2014 12:03:26 PM org.apache.catalina.loader.WebappClassLoader clearReferencesJdbc
SEVERE: The web application [/remote-healthcare] registered the JDBC driver [com.mysql.jdbc.Driver] but failed to unregister it when the web application was stopped. To prevent a memory leak, the JDBC Driver has been forcibly unregistered.
Apr 05, 2014 12:03:26 PM org.apache.catalina.loader.WebappClassLoader clearReferencesThreads
SEVERE: The web application [/remote-healthcare] appears to have started a thread named [Timer-0] but has failed to stop it. This is very likely to create a memory leak.
Apr 05, 2014 12:03:26 PM org.apache.coyote.AbstractProtocol stop
INFO: Stopping ProtocolHandler ["http-apr-8080"]
Apr 05, 2014 12:03:26 PM org.apache.coyote.AbstractProtocol stop
INFO: Stopping ProtocolHandler ["ajp-apr-8009"]
Apr 05, 2014 12:03:26 PM org.apache.coyote.AbstractProtocol destroy
INFO: Destroying ProtocolHandler ["http-apr-8080"]
Apr 05, 2014 12:03:26 PM org.apache.coyote.AbstractProtocol destroy
INFO: Destroying ProtocolHandler ["ajp-apr-8009"]
Apr 05, 2014 12:03:47 PM org.apache.catalina.core.AprLifecycleListener init
INFO: Loaded APR based Apache Tomcat Native library 1.1.27 using APR version 1.4.6.
Apr 05, 2014 12:03:47 PM org.apache.catalina.core.AprLifecycleListener init
INFO: APR capabilities: IPv6 [true], sendfile [true], accept filters [false], random [true].
Apr 05, 2014 12:03:49 PM org.apache.catalina.core.AprLifecycleListener initializeSSL
INFO: OpenSSL successfully initialized (OpenSSL 1.0.1d 5 Feb 2013)
Apr 05, 2014 12:03:49 PM org.apache.coyote.AbstractProtocol init
INFO: Initializing ProtocolHandler ["http-apr-8080"]
Apr 05, 2014 12:03:49 PM org.apache.coyote.AbstractProtocol init
INFO: Initializing ProtocolHandler ["ajp-apr-8009"]
Apr 05, 2014 12:03:49 PM org.apache.catalina.startup.Catalina load
INFO: Initialization processed in 2649 ms
Apr 05, 2014 12:03:49 PM org.apache.catalina.core.StandardService startInternal
INFO: Starting service Catalina
Apr 05, 2014 12:03:49 PM org.apache.catalina.core.StandardEngine startInternal
INFO: Starting Servlet Engine: Apache Tomcat/7.0.42
Apr 05, 2014 12:03:49 PM org.apache.catalina.startup.HostConfig deployWAR
INFO: Deploying web application archive D:\softwares\apache-tomcat-7.0.42\webapps\ApnaAspatalAdmin.war
Apr 05, 2014 12:03:50 PM org.apache.catalina.startup.HostConfig deployWAR
INFO: Deploying web application archive D:\softwares\apache-tomcat-7.0.42\webapps\ApnaAspatalBoothWebClient.war
Apr 05, 2014 12:03:50 PM org.apache.catalina.startup.HostConfig deployWAR
INFO: Deploying web application archive D:\softwares\apache-tomcat-7.0.42\webapps\ApnaAspatalDoctorWebClient.war
Apr 05, 2014 12:03:50 PM org.apache.catalina.startup.HostConfig deployWAR
INFO: Deploying web application archive D:\softwares\apache-tomcat-7.0.42\webapps\remote-healthcare.war
Apr 05, 2014 12:03:52 PM org.apache.catalina.loader.WebappClassLoader validateJarFile
INFO: validateJarFile(D:\softwares\apache-tomcat-7.0.42\webapps\remote-healthcare\WEB-INF\lib\servlet-api-2.5.jar) - jar not loaded. See Servlet Spec 2.3, section 9.7.2. Offending class: javax/servlet/Servlet.class
Apr 05, 2014 12:04:16 PM org.apache.catalina.startup.HostConfig deployDirectory
INFO: Deploying web application directory D:\softwares\apache-tomcat-7.0.42\webapps\docs
Apr 05, 2014 12:04:16 PM org.apache.catalina.startup.HostConfig deployDirectory
INFO: Deploying web application directory D:\softwares\apache-tomcat-7.0.42\webapps\examples
Apr 05, 2014 12:04:17 PM org.apache.catalina.startup.HostConfig deployDirectory
INFO: Deploying web application directory D:\softwares\apache-tomcat-7.0.42\webapps\host-manager
Apr 05, 2014 12:04:17 PM org.apache.catalina.startup.HostConfig deployDirectory
INFO: Deploying web application directory D:\softwares\apache-tomcat-7.0.42\webapps\manager
Apr 05, 2014 12:04:17 PM org.apache.catalina.startup.HostConfig deployDirectory
INFO: Deploying web application directory D:\softwares\apache-tomcat-7.0.42\webapps\ROOT
Apr 05, 2014 12:04:17 PM org.apache.coyote.AbstractProtocol start
INFO: Starting ProtocolHandler ["http-apr-8080"]
Apr 05, 2014 12:04:17 PM org.apache.coyote.AbstractProtocol start
INFO: Starting ProtocolHandler ["ajp-apr-8009"]
Apr 05, 2014 12:04:17 PM org.apache.catalina.startup.Catalina start
INFO: Server startup in 27868 ms
Apr 05, 2014 12:19:11 PM org.apache.catalina.core.StandardServer await
INFO: A valid shutdown command was received via the shutdown port. Stopping the Server instance.
Apr 05, 2014 12:19:11 PM org.apache.coyote.AbstractProtocol pause
INFO: Pausing ProtocolHandler ["http-apr-8080"]
Apr 05, 2014 12:19:11 PM org.apache.coyote.AbstractProtocol pause
INFO: Pausing ProtocolHandler ["ajp-apr-8009"]
Apr 05, 2014 12:19:12 PM org.apache.catalina.core.StandardService stopInternal
INFO: Stopping service Catalina
Apr 05, 2014 12:19:12 PM org.apache.catalina.loader.WebappClassLoader clearReferencesThreads
SEVERE: The web application [] appears to have started a thread named [Abandoned connection cleanup thread] but has failed to stop it. This is very likely to create a memory leak.
Apr 05, 2014 12:19:12 PM org.apache.catalina.loader.WebappClassLoader clearReferencesJdbc
SEVERE: The web application [/remote-healthcare] registered the JDBC driver [com.mysql.jdbc.Driver] but failed to unregister it when the web application was stopped. To prevent a memory leak, the JDBC Driver has been forcibly unregistered.
Apr 05, 2014 12:19:12 PM org.apache.catalina.loader.WebappClassLoader clearReferencesThreads
SEVERE: The web application [/remote-healthcare] appears to have started a thread named [Timer-0] but has failed to stop it. This is very likely to create a memory leak.
Apr 05, 2014 12:19:12 PM org.apache.coyote.AbstractProtocol stop
INFO: Stopping ProtocolHandler ["http-apr-8080"]
Apr 05, 2014 12:19:12 PM org.apache.coyote.AbstractProtocol stop
INFO: Stopping ProtocolHandler ["ajp-apr-8009"]
Apr 05, 2014 12:19:12 PM org.apache.coyote.AbstractProtocol destroy
INFO: Destroying ProtocolHandler ["http-apr-8080"]
Apr 05, 2014 12:19:12 PM org.apache.coyote.AbstractProtocol destroy
INFO: Destroying ProtocolHandler ["ajp-apr-8009"]
Apr 05, 2014 12:20:10 PM org.apache.catalina.core.AprLifecycleListener init
INFO: Loaded APR based Apache Tomcat Native library 1.1.27 using APR version 1.4.6.
Apr 05, 2014 12:20:11 PM org.apache.catalina.core.AprLifecycleListener init
INFO: APR capabilities: IPv6 [true], sendfile [true], accept filters [false], random [true].
Apr 05, 2014 12:20:12 PM org.apache.catalina.core.AprLifecycleListener initializeSSL
INFO: OpenSSL successfully initialized (OpenSSL 1.0.1d 5 Feb 2013)
Apr 05, 2014 12:20:12 PM org.apache.coyote.AbstractProtocol init
INFO: Initializing ProtocolHandler ["http-apr-8080"]
Apr 05, 2014 12:20:12 PM org.apache.coyote.AbstractProtocol init
INFO: Initializing ProtocolHandler ["ajp-apr-8009"]
Apr 05, 2014 12:20:12 PM org.apache.catalina.startup.Catalina load
INFO: Initialization processed in 2265 ms
Apr 05, 2014 12:20:12 PM org.apache.catalina.core.StandardService startInternal
INFO: Starting service Catalina
Apr 05, 2014 12:20:12 PM org.apache.catalina.core.StandardEngine startInternal
INFO: Starting Servlet Engine: Apache Tomcat/7.0.42
Apr 05, 2014 12:20:12 PM org.apache.catalina.startup.HostConfig deployWAR
INFO: Deploying web application archive D:\softwares\apache-tomcat-7.0.42\webapps\ApnaAspatalAdmin.war
Apr 05, 2014 12:20:13 PM org.apache.catalina.util.SessionIdGenerator createSecureRandom
INFO: Creation of SecureRandom instance for session ID generation using [SHA1PRNG] took [101] milliseconds.
Apr 05, 2014 12:20:14 PM org.apache.catalina.startup.HostConfig deployWAR
INFO: Deploying web application archive D:\softwares\apache-tomcat-7.0.42\webapps\ApnaAspatalBoothWebClient.war
Apr 05, 2014 12:20:14 PM org.apache.catalina.startup.HostConfig deployWAR
INFO: Deploying web application archive D:\softwares\apache-tomcat-7.0.42\webapps\ApnaAspatalDoctorWebClient.war
Apr 05, 2014 12:20:14 PM org.apache.catalina.startup.HostConfig deployWAR
INFO: Deploying web application archive D:\softwares\apache-tomcat-7.0.42\webapps\remote-healthcare.war
Apr 05, 2014 12:20:16 PM org.apache.catalina.loader.WebappClassLoader validateJarFile
INFO: validateJarFile(D:\softwares\apache-tomcat-7.0.42\webapps\remote-healthcare\WEB-INF\lib\servlet-api-2.5.jar) - jar not loaded. See Servlet Spec 2.3, section 9.7.2. Offending class: javax/servlet/Servlet.class
Apr 05, 2014 12:20:43 PM org.apache.catalina.startup.HostConfig deployDirectory
INFO: Deploying web application directory D:\softwares\apache-tomcat-7.0.42\webapps\docs
Apr 05, 2014 12:20:43 PM org.apache.catalina.startup.HostConfig deployDirectory
INFO: Deploying web application directory D:\softwares\apache-tomcat-7.0.42\webapps\examples
Apr 05, 2014 12:20:43 PM org.apache.catalina.startup.HostConfig deployDirectory
INFO: Deploying web application directory D:\softwares\apache-tomcat-7.0.42\webapps\host-manager
Apr 05, 2014 12:20:43 PM org.apache.catalina.startup.HostConfig deployDirectory
INFO: Deploying web application directory D:\softwares\apache-tomcat-7.0.42\webapps\manager
Apr 05, 2014 12:20:44 PM org.apache.catalina.startup.HostConfig deployDirectory
INFO: Deploying web application directory D:\softwares\apache-tomcat-7.0.42\webapps\ROOT
Apr 05, 2014 12:20:44 PM org.apache.coyote.AbstractProtocol start
INFO: Starting ProtocolHandler ["http-apr-8080"]
Apr 05, 2014 12:20:44 PM org.apache.coyote.AbstractProtocol start
INFO: Starting ProtocolHandler ["ajp-apr-8009"]
Apr 05, 2014 12:20:44 PM org.apache.catalina.startup.Catalina start
INFO: Server startup in 31362 ms
Apr 05, 2014 12:21:34 PM org.apache.catalina.core.StandardServer await
INFO: A valid shutdown command was received via the shutdown port. Stopping the Server instance.
Apr 05, 2014 12:21:34 PM org.apache.coyote.AbstractProtocol pause
INFO: Pausing ProtocolHandler ["http-apr-8080"]
Apr 05, 2014 12:21:34 PM org.apache.coyote.AbstractProtocol pause
INFO: Pausing ProtocolHandler ["ajp-apr-8009"]
Apr 05, 2014 12:21:34 PM org.apache.catalina.core.StandardService stopInternal
INFO: Stopping service Catalina
Apr 05, 2014 12:21:34 PM org.apache.catalina.loader.WebappClassLoader clearReferencesThreads
SEVERE: The web application [] appears to have started a thread named [Abandoned connection cleanup thread] but has failed to stop it. This is very likely to create a memory leak.
Apr 05, 2014 12:21:34 PM org.apache.catalina.loader.WebappClassLoader clearReferencesJdbc
SEVERE: The web application [/remote-healthcare] registered the JDBC driver [com.mysql.jdbc.Driver] but failed to unregister it when the web application was stopped. To prevent a memory leak, the JDBC Driver has been forcibly unregistered.
Apr 05, 2014 12:21:34 PM org.apache.catalina.loader.WebappClassLoader clearReferencesThreads
SEVERE: The web application [/remote-healthcare] appears to have started a thread named [Timer-0] but has failed to stop it. This is very likely to create a memory leak.
Apr 05, 2014 12:21:34 PM org.apache.coyote.AbstractProtocol stop
INFO: Stopping ProtocolHandler ["http-apr-8080"]
Apr 05, 2014 12:21:34 PM org.apache.coyote.AbstractProtocol stop
INFO: Stopping ProtocolHandler ["ajp-apr-8009"]
Apr 05, 2014 12:21:34 PM org.apache.coyote.AbstractProtocol destroy
INFO: Destroying ProtocolHandler ["http-apr-8080"]
Apr 05, 2014 12:21:34 PM org.apache.coyote.AbstractProtocol destroy
INFO: Destroying ProtocolHandler ["ajp-apr-8009"]
Apr 05, 2014 12:22:34 PM org.apache.catalina.core.AprLifecycleListener init
INFO: Loaded APR based Apache Tomcat Native library 1.1.27 using APR version 1.4.6.
Apr 05, 2014 12:22:34 PM org.apache.catalina.core.AprLifecycleListener init
INFO: APR capabilities: IPv6 [true], sendfile [true], accept filters [false], random [true].
Apr 05, 2014 12:22:35 PM org.apache.catalina.core.AprLifecycleListener initializeSSL
INFO: OpenSSL successfully initialized (OpenSSL 1.0.1d 5 Feb 2013)
Apr 05, 2014 12:22:36 PM org.apache.coyote.AbstractProtocol init
INFO: Initializing ProtocolHandler ["http-apr-8080"]
Apr 05, 2014 12:22:36 PM org.apache.coyote.AbstractProtocol init
INFO: Initializing ProtocolHandler ["ajp-apr-8009"]
Apr 05, 2014 12:22:36 PM org.apache.catalina.startup.Catalina load
INFO: Initialization processed in 2229 ms
Apr 05, 2014 12:22:36 PM org.apache.catalina.core.StandardService startInternal
INFO: Starting service Catalina
Apr 05, 2014 12:22:36 PM org.apache.catalina.core.StandardEngine startInternal
INFO: Starting Servlet Engine: Apache Tomcat/7.0.42
Apr 05, 2014 12:22:36 PM org.apache.catalina.startup.HostConfig deployWAR
INFO: Deploying web application archive D:\softwares\apache-tomcat-7.0.42\webapps\ApnaAspatalAdmin.war
Apr 05, 2014 12:22:37 PM org.apache.catalina.startup.HostConfig deployWAR
INFO: Deploying web application archive D:\softwares\apache-tomcat-7.0.42\webapps\ApnaAspatalBoothWebClient.war
Apr 05, 2014 12:22:37 PM org.apache.catalina.startup.HostConfig deployWAR
INFO: Deploying web application archive D:\softwares\apache-tomcat-7.0.42\webapps\ApnaAspatalDoctorWebClient.war
Apr 05, 2014 12:22:37 PM org.apache.catalina.startup.HostConfig deployWAR
INFO: Deploying web application archive D:\softwares\apache-tomcat-7.0.42\webapps\remote-healthcare.war
Apr 05, 2014 12:22:39 PM org.apache.catalina.loader.WebappClassLoader validateJarFile
INFO: validateJarFile(D:\softwares\apache-tomcat-7.0.42\webapps\remote-healthcare\WEB-INF\lib\servlet-api-2.5.jar) - jar not loaded. See Servlet Spec 2.3, section 9.7.2. Offending class: javax/servlet/Servlet.class
Apr 05, 2014 12:23:08 PM org.apache.catalina.startup.HostConfig deployDirectory
INFO: Deploying web application directory D:\softwares\apache-tomcat-7.0.42\webapps\docs
Apr 05, 2014 12:23:08 PM org.apache.catalina.startup.HostConfig deployDirectory
INFO: Deploying web application directory D:\softwares\apache-tomcat-7.0.42\webapps\examples
Apr 05, 2014 12:23:08 PM org.apache.catalina.startup.HostConfig deployDirectory
INFO: Deploying web application directory D:\softwares\apache-tomcat-7.0.42\webapps\host-manager
Apr 05, 2014 12:23:08 PM org.apache.catalina.startup.HostConfig deployDirectory
INFO: Deploying web application directory D:\softwares\apache-tomcat-7.0.42\webapps\manager
Apr 05, 2014 12:23:08 PM org.apache.catalina.startup.HostConfig deployDirectory
INFO: Deploying web application directory D:\softwares\apache-tomcat-7.0.42\webapps\ROOT
Apr 05, 2014 12:23:08 PM org.apache.coyote.AbstractProtocol start
INFO: Starting ProtocolHandler ["http-apr-8080"]
Apr 05, 2014 12:23:08 PM org.apache.coyote.AbstractProtocol start
INFO: Starting ProtocolHandler ["ajp-apr-8009"]
Apr 05, 2014 12:23:08 PM org.apache.catalina.startup.Catalina start
INFO: Server startup in 32221 ms
Apr 05, 2014 3:42:49 PM org.apache.catalina.core.StandardServer await
INFO: A valid shutdown command was received via the shutdown port. Stopping the Server instance.
Apr 05, 2014 3:42:55 PM org.apache.coyote.AbstractProtocol pause
INFO: Pausing ProtocolHandler ["http-apr-8080"]
Apr 05, 2014 3:42:59 PM org.apache.coyote.AbstractProtocol pause
INFO: Pausing ProtocolHandler ["ajp-apr-8009"]
Apr 05, 2014 3:42:59 PM org.apache.catalina.core.StandardService stopInternal
INFO: Stopping service Catalina
Apr 05, 2014 3:43:28 PM org.apache.catalina.loader.WebappClassLoader clearReferencesThreads
SEVERE: The web application [] appears to have started a thread named [Abandoned connection cleanup thread] but has failed to stop it. This is very likely to create a memory leak.
Apr 05, 2014 3:44:15 PM org.apache.catalina.loader.WebappClassLoader clearReferencesJdbc
SEVERE: The web application [/remote-healthcare] registered the JDBC driver [com.mysql.jdbc.Driver] but failed to unregister it when the web application was stopped. To prevent a memory leak, the JDBC Driver has been forcibly unregistered.
Apr 05, 2014 3:44:16 PM org.apache.catalina.loader.WebappClassLoader clearReferencesThreads
SEVERE: The web application [/remote-healthcare] appears to have started a thread named [Timer-0] but has failed to stop it. This is very likely to create a memory leak.
Apr 05, 2014 3:44:16 PM org.apache.coyote.AbstractProtocol stop
INFO: Stopping ProtocolHandler ["http-apr-8080"]
Apr 05, 2014 3:44:17 PM org.apache.coyote.AbstractProtocol stop
INFO: Stopping ProtocolHandler ["ajp-apr-8009"]
Apr 05, 2014 3:44:17 PM org.apache.coyote.AbstractProtocol destroy
INFO: Destroying ProtocolHandler ["http-apr-8080"]
Apr 05, 2014 3:44:17 PM org.apache.coyote.AbstractProtocol destroy
INFO: Destroying ProtocolHandler ["ajp-apr-8009"]
