Mar 20, 2014 12:10:52 AM org.apache.catalina.core.StandardServer await
INFO: A valid shutdown command was received via the shutdown port. Stopping the Server instance.
Mar 20, 2014 12:10:52 AM org.apache.coyote.AbstractProtocol pause
INFO: Pausing ProtocolHandler ["http-apr-8080"]
Mar 20, 2014 12:10:52 AM org.apache.coyote.AbstractProtocol pause
INFO: Pausing ProtocolHandler ["ajp-apr-8009"]
Mar 20, 2014 12:10:52 AM org.apache.catalina.core.StandardService stopInternal
INFO: Stopping service Catalina
Mar 20, 2014 12:10:52 AM org.apache.catalina.loader.WebappClassLoader clearReferencesThreads
SEVERE: The web application [] appears to have started a thread named [Abandoned connection cleanup thread] but has failed to stop it. This is very likely to create a memory leak.
Mar 20, 2014 12:11:02 AM org.apache.catalina.loader.WebappClassLoader clearReferencesJdbc
SEVERE: The web application [/remote-healthcare] registered the JDBC driver [com.mysql.jdbc.Driver] but failed to unregister it when the web application was stopped. To prevent a memory leak, the JDBC Driver has been forcibly unregistered.
Mar 20, 2014 12:11:02 AM org.apache.catalina.loader.WebappClassLoader clearReferencesThreads
SEVERE: The web application [/remote-healthcare] appears to have started a thread named [Timer-0] but has failed to stop it. This is very likely to create a memory leak.
Mar 20, 2014 12:11:02 AM org.apache.coyote.AbstractProtocol stop
INFO: Stopping ProtocolHandler ["http-apr-8080"]
Mar 20, 2014 12:11:02 AM org.apache.coyote.AbstractProtocol stop
INFO: Stopping ProtocolHandler ["ajp-apr-8009"]
Mar 20, 2014 12:11:02 AM org.apache.coyote.AbstractProtocol destroy
INFO: Destroying ProtocolHandler ["http-apr-8080"]
Mar 20, 2014 12:11:02 AM org.apache.coyote.AbstractProtocol destroy
INFO: Destroying ProtocolHandler ["ajp-apr-8009"]
Mar 20, 2014 12:11:26 AM org.apache.catalina.core.AprLifecycleListener init
INFO: Loaded APR based Apache Tomcat Native library 1.1.27 using APR version 1.4.6.
Mar 20, 2014 12:11:26 AM org.apache.catalina.core.AprLifecycleListener init
INFO: APR capabilities: IPv6 [true], sendfile [true], accept filters [false], random [true].
Mar 20, 2014 12:11:27 AM org.apache.catalina.core.AprLifecycleListener initializeSSL
INFO: OpenSSL successfully initialized (OpenSSL 1.0.1d 5 Feb 2013)
Mar 20, 2014 12:11:27 AM org.apache.coyote.AbstractProtocol init
INFO: Initializing ProtocolHandler ["http-apr-8080"]
Mar 20, 2014 12:11:27 AM org.apache.coyote.AbstractProtocol init
INFO: Initializing ProtocolHandler ["ajp-apr-8009"]
Mar 20, 2014 12:11:27 AM org.apache.catalina.startup.Catalina load
INFO: Initialization processed in 2071 ms
Mar 20, 2014 12:11:27 AM org.apache.catalina.core.StandardService startInternal
INFO: Starting service Catalina
Mar 20, 2014 12:11:27 AM org.apache.catalina.core.StandardEngine startInternal
INFO: Starting Servlet Engine: Apache Tomcat/7.0.42
Mar 20, 2014 12:11:27 AM org.apache.catalina.startup.HostConfig deployWAR
INFO: Deploying web application archive D:\softwares\apache-tomcat-7.0.42\webapps\ApnaAspatalAdmin.war
Mar 20, 2014 12:11:28 AM org.apache.catalina.startup.HostConfig deployWAR
INFO: Deploying web application archive D:\softwares\apache-tomcat-7.0.42\webapps\ApnaAspatalBoothWebClient.war
Mar 20, 2014 12:11:29 AM org.apache.catalina.startup.HostConfig deployWAR
INFO: Deploying web application archive D:\softwares\apache-tomcat-7.0.42\webapps\ApnaAspatalDoctorWebClient.war
Mar 20, 2014 12:11:29 AM org.apache.catalina.startup.HostConfig deployWAR
INFO: Deploying web application archive D:\softwares\apache-tomcat-7.0.42\webapps\remote-healthcare.war
Mar 20, 2014 12:11:32 AM org.apache.catalina.loader.WebappClassLoader validateJarFile
INFO: validateJarFile(D:\softwares\apache-tomcat-7.0.42\webapps\remote-healthcare\WEB-INF\lib\servlet-api-2.5.jar) - jar not loaded. See Servlet Spec 2.3, section 9.7.2. Offending class: javax/servlet/Servlet.class
Mar 20, 2014 12:11:58 AM org.apache.catalina.startup.HostConfig deployDirectory
INFO: Deploying web application directory D:\softwares\apache-tomcat-7.0.42\webapps\docs
Mar 20, 2014 12:11:58 AM org.apache.catalina.startup.HostConfig deployDirectory
INFO: Deploying web application directory D:\softwares\apache-tomcat-7.0.42\webapps\examples
Mar 20, 2014 12:11:58 AM org.apache.catalina.startup.HostConfig deployDirectory
INFO: Deploying web application directory D:\softwares\apache-tomcat-7.0.42\webapps\host-manager
Mar 20, 2014 12:11:58 AM org.apache.catalina.startup.HostConfig deployDirectory
INFO: Deploying web application directory D:\softwares\apache-tomcat-7.0.42\webapps\manager
Mar 20, 2014 12:11:58 AM org.apache.catalina.startup.HostConfig deployDirectory
INFO: Deploying web application directory D:\softwares\apache-tomcat-7.0.42\webapps\ROOT
Mar 20, 2014 12:11:58 AM org.apache.coyote.AbstractProtocol start
INFO: Starting ProtocolHandler ["http-apr-8080"]
Mar 20, 2014 12:11:58 AM org.apache.coyote.AbstractProtocol start
INFO: Starting ProtocolHandler ["ajp-apr-8009"]
Mar 20, 2014 12:11:58 AM org.apache.catalina.startup.Catalina start
INFO: Server startup in 30912 ms
Mar 20, 2014 12:16:47 AM org.apache.catalina.core.StandardServer await
INFO: A valid shutdown command was received via the shutdown port. Stopping the Server instance.
Mar 20, 2014 12:16:47 AM org.apache.coyote.AbstractProtocol pause
INFO: Pausing ProtocolHandler ["http-apr-8080"]
Mar 20, 2014 12:16:47 AM org.apache.coyote.AbstractProtocol pause
INFO: Pausing ProtocolHandler ["ajp-apr-8009"]
Mar 20, 2014 12:16:47 AM org.apache.catalina.core.StandardService stopInternal
INFO: Stopping service Catalina
Mar 20, 2014 12:16:47 AM org.apache.catalina.loader.WebappClassLoader clearReferencesThreads
SEVERE: The web application [] appears to have started a thread named [Abandoned connection cleanup thread] but has failed to stop it. This is very likely to create a memory leak.
Mar 20, 2014 12:16:48 AM org.apache.catalina.loader.WebappClassLoader clearReferencesJdbc
SEVERE: The web application [/remote-healthcare] registered the JDBC driver [com.mysql.jdbc.Driver] but failed to unregister it when the web application was stopped. To prevent a memory leak, the JDBC Driver has been forcibly unregistered.
Mar 20, 2014 12:16:48 AM org.apache.catalina.loader.WebappClassLoader clearReferencesThreads
SEVERE: The web application [/remote-healthcare] appears to have started a thread named [Timer-0] but has failed to stop it. This is very likely to create a memory leak.
Mar 20, 2014 12:16:48 AM org.apache.coyote.AbstractProtocol stop
INFO: Stopping ProtocolHandler ["http-apr-8080"]
Mar 20, 2014 12:16:48 AM org.apache.coyote.AbstractProtocol stop
INFO: Stopping ProtocolHandler ["ajp-apr-8009"]
Mar 20, 2014 12:16:48 AM org.apache.coyote.AbstractProtocol destroy
INFO: Destroying ProtocolHandler ["http-apr-8080"]
Mar 20, 2014 12:16:48 AM org.apache.coyote.AbstractProtocol destroy
INFO: Destroying ProtocolHandler ["ajp-apr-8009"]
Mar 20, 2014 12:17:12 AM org.apache.catalina.core.AprLifecycleListener init
INFO: Loaded APR based Apache Tomcat Native library 1.1.27 using APR version 1.4.6.
Mar 20, 2014 12:17:12 AM org.apache.catalina.core.AprLifecycleListener init
INFO: APR capabilities: IPv6 [true], sendfile [true], accept filters [false], random [true].
Mar 20, 2014 12:17:13 AM org.apache.catalina.core.AprLifecycleListener initializeSSL
INFO: OpenSSL successfully initialized (OpenSSL 1.0.1d 5 Feb 2013)
Mar 20, 2014 12:17:14 AM org.apache.coyote.AbstractProtocol init
INFO: Initializing ProtocolHandler ["http-apr-8080"]
Mar 20, 2014 12:17:14 AM org.apache.coyote.AbstractProtocol init
INFO: Initializing ProtocolHandler ["ajp-apr-8009"]
Mar 20, 2014 12:17:14 AM org.apache.catalina.startup.Catalina load
INFO: Initialization processed in 2310 ms
Mar 20, 2014 12:17:14 AM org.apache.catalina.core.StandardService startInternal
INFO: Starting service Catalina
Mar 20, 2014 12:17:14 AM org.apache.catalina.core.StandardEngine startInternal
INFO: Starting Servlet Engine: Apache Tomcat/7.0.42
Mar 20, 2014 12:17:14 AM org.apache.catalina.startup.HostConfig deployWAR
INFO: Deploying web application archive D:\softwares\apache-tomcat-7.0.42\webapps\ApnaAspatalAdmin.war
Mar 20, 2014 12:17:15 AM org.apache.catalina.startup.HostConfig deployWAR
INFO: Deploying web application archive D:\softwares\apache-tomcat-7.0.42\webapps\ApnaAspatalBoothWebClient.war
Mar 20, 2014 12:17:15 AM org.apache.catalina.startup.HostConfig deployWAR
INFO: Deploying web application archive D:\softwares\apache-tomcat-7.0.42\webapps\ApnaAspatalDoctorWebClient.war
Mar 20, 2014 12:17:16 AM org.apache.catalina.startup.HostConfig deployWAR
INFO: Deploying web application archive D:\softwares\apache-tomcat-7.0.42\webapps\remote-healthcare.war
Mar 20, 2014 12:17:19 AM org.apache.catalina.loader.WebappClassLoader validateJarFile
INFO: validateJarFile(D:\softwares\apache-tomcat-7.0.42\webapps\remote-healthcare\WEB-INF\lib\servlet-api-2.5.jar) - jar not loaded. See Servlet Spec 2.3, section 9.7.2. Offending class: javax/servlet/Servlet.class
Mar 20, 2014 12:17:47 AM org.apache.catalina.startup.HostConfig deployDirectory
INFO: Deploying web application directory D:\softwares\apache-tomcat-7.0.42\webapps\docs
Mar 20, 2014 12:17:48 AM org.apache.catalina.startup.HostConfig deployDirectory
INFO: Deploying web application directory D:\softwares\apache-tomcat-7.0.42\webapps\examples
Mar 20, 2014 12:17:48 AM org.apache.catalina.startup.HostConfig deployDirectory
INFO: Deploying web application directory D:\softwares\apache-tomcat-7.0.42\webapps\host-manager
Mar 20, 2014 12:17:48 AM org.apache.catalina.startup.HostConfig deployDirectory
INFO: Deploying web application directory D:\softwares\apache-tomcat-7.0.42\webapps\manager
Mar 20, 2014 12:17:48 AM org.apache.catalina.startup.HostConfig deployDirectory
INFO: Deploying web application directory D:\softwares\apache-tomcat-7.0.42\webapps\ROOT
Mar 20, 2014 12:17:48 AM org.apache.coyote.AbstractProtocol start
INFO: Starting ProtocolHandler ["http-apr-8080"]
Mar 20, 2014 12:17:48 AM org.apache.coyote.AbstractProtocol start
INFO: Starting ProtocolHandler ["ajp-apr-8009"]
Mar 20, 2014 12:17:48 AM org.apache.catalina.startup.Catalina start
INFO: Server startup in 34555 ms
Mar 20, 2014 12:27:45 AM org.apache.catalina.core.StandardServer await
INFO: A valid shutdown command was received via the shutdown port. Stopping the Server instance.
Mar 20, 2014 12:27:45 AM org.apache.coyote.AbstractProtocol pause
INFO: Pausing ProtocolHandler ["http-apr-8080"]
Mar 20, 2014 12:27:45 AM org.apache.coyote.AbstractProtocol pause
INFO: Pausing ProtocolHandler ["ajp-apr-8009"]
Mar 20, 2014 12:27:45 AM org.apache.catalina.core.StandardService stopInternal
INFO: Stopping service Catalina
Mar 20, 2014 12:27:45 AM org.apache.catalina.loader.WebappClassLoader clearReferencesThreads
SEVERE: The web application [] appears to have started a thread named [Abandoned connection cleanup thread] but has failed to stop it. This is very likely to create a memory leak.
Mar 20, 2014 12:27:45 AM org.apache.catalina.loader.WebappClassLoader clearReferencesJdbc
SEVERE: The web application [/remote-healthcare] registered the JDBC driver [com.mysql.jdbc.Driver] but failed to unregister it when the web application was stopped. To prevent a memory leak, the JDBC Driver has been forcibly unregistered.
Mar 20, 2014 12:27:45 AM org.apache.catalina.loader.WebappClassLoader clearReferencesThreads
SEVERE: The web application [/remote-healthcare] appears to have started a thread named [Timer-0] but has failed to stop it. This is very likely to create a memory leak.
Mar 20, 2014 12:27:45 AM org.apache.coyote.AbstractProtocol stop
INFO: Stopping ProtocolHandler ["http-apr-8080"]
Mar 20, 2014 12:27:45 AM org.apache.coyote.AbstractProtocol stop
INFO: Stopping ProtocolHandler ["ajp-apr-8009"]
Mar 20, 2014 12:27:45 AM org.apache.coyote.AbstractProtocol destroy
INFO: Destroying ProtocolHandler ["http-apr-8080"]
Mar 20, 2014 12:27:45 AM org.apache.coyote.AbstractProtocol destroy
INFO: Destroying ProtocolHandler ["ajp-apr-8009"]
Mar 20, 2014 12:29:03 AM org.apache.catalina.core.AprLifecycleListener init
INFO: Loaded APR based Apache Tomcat Native library 1.1.27 using APR version 1.4.6.
Mar 20, 2014 12:29:03 AM org.apache.catalina.core.AprLifecycleListener init
INFO: APR capabilities: IPv6 [true], sendfile [true], accept filters [false], random [true].
Mar 20, 2014 12:29:05 AM org.apache.catalina.core.AprLifecycleListener initializeSSL
INFO: OpenSSL successfully initialized (OpenSSL 1.0.1d 5 Feb 2013)
Mar 20, 2014 12:29:05 AM org.apache.coyote.AbstractProtocol init
INFO: Initializing ProtocolHandler ["http-apr-8080"]
Mar 20, 2014 12:29:05 AM org.apache.coyote.AbstractProtocol init
INFO: Initializing ProtocolHandler ["ajp-apr-8009"]
Mar 20, 2014 12:29:05 AM org.apache.catalina.startup.Catalina load
INFO: Initialization processed in 3107 ms
Mar 20, 2014 12:29:05 AM org.apache.catalina.core.StandardService startInternal
INFO: Starting service Catalina
Mar 20, 2014 12:29:05 AM org.apache.catalina.core.StandardEngine startInternal
INFO: Starting Servlet Engine: Apache Tomcat/7.0.42
Mar 20, 2014 12:29:05 AM org.apache.catalina.startup.HostConfig deployWAR
INFO: Deploying web application archive D:\softwares\apache-tomcat-7.0.42\webapps\ApnaAspatalAdmin.war
Mar 20, 2014 12:29:06 AM org.apache.catalina.util.SessionIdGenerator createSecureRandom
INFO: Creation of SecureRandom instance for session ID generation using [SHA1PRNG] took [101] milliseconds.
Mar 20, 2014 12:29:06 AM org.apache.catalina.startup.HostConfig deployWAR
INFO: Deploying web application archive D:\softwares\apache-tomcat-7.0.42\webapps\ApnaAspatalBoothWebClient.war
Mar 20, 2014 12:29:07 AM org.apache.catalina.startup.HostConfig deployWAR
INFO: Deploying web application archive D:\softwares\apache-tomcat-7.0.42\webapps\ApnaAspatalDoctorWebClient.war
Mar 20, 2014 12:29:07 AM org.apache.catalina.startup.HostConfig deployWAR
INFO: Deploying web application archive D:\softwares\apache-tomcat-7.0.42\webapps\remote-healthcare.war
Mar 20, 2014 12:29:11 AM org.apache.catalina.loader.WebappClassLoader validateJarFile
INFO: validateJarFile(D:\softwares\apache-tomcat-7.0.42\webapps\remote-healthcare\WEB-INF\lib\servlet-api-2.5.jar) - jar not loaded. See Servlet Spec 2.3, section 9.7.2. Offending class: javax/servlet/Servlet.class
Mar 20, 2014 12:29:35 AM org.apache.catalina.startup.HostConfig deployDirectory
INFO: Deploying web application directory D:\softwares\apache-tomcat-7.0.42\webapps\docs
Mar 20, 2014 12:29:35 AM org.apache.catalina.startup.HostConfig deployDirectory
INFO: Deploying web application directory D:\softwares\apache-tomcat-7.0.42\webapps\examples
Mar 20, 2014 12:29:35 AM org.apache.catalina.startup.HostConfig deployDirectory
INFO: Deploying web application directory D:\softwares\apache-tomcat-7.0.42\webapps\host-manager
Mar 20, 2014 12:29:35 AM org.apache.catalina.startup.HostConfig deployDirectory
INFO: Deploying web application directory D:\softwares\apache-tomcat-7.0.42\webapps\manager
Mar 20, 2014 12:29:35 AM org.apache.catalina.startup.HostConfig deployDirectory
INFO: Deploying web application directory D:\softwares\apache-tomcat-7.0.42\webapps\ROOT
Mar 20, 2014 12:29:35 AM org.apache.coyote.AbstractProtocol start
INFO: Starting ProtocolHandler ["http-apr-8080"]
Mar 20, 2014 12:29:35 AM org.apache.coyote.AbstractProtocol start
INFO: Starting ProtocolHandler ["ajp-apr-8009"]
Mar 20, 2014 12:29:35 AM org.apache.catalina.startup.Catalina start
INFO: Server startup in 30465 ms
Mar 20, 2014 12:44:21 AM org.apache.catalina.core.StandardServer await
INFO: A valid shutdown command was received via the shutdown port. Stopping the Server instance.
Mar 20, 2014 12:44:21 AM org.apache.coyote.AbstractProtocol pause
INFO: Pausing ProtocolHandler ["http-apr-8080"]
Mar 20, 2014 12:44:21 AM org.apache.coyote.AbstractProtocol pause
INFO: Pausing ProtocolHandler ["ajp-apr-8009"]
Mar 20, 2014 12:44:21 AM org.apache.catalina.core.StandardService stopInternal
INFO: Stopping service Catalina
Mar 20, 2014 12:44:21 AM org.apache.catalina.loader.WebappClassLoader clearReferencesThreads
SEVERE: The web application [] appears to have started a thread named [Abandoned connection cleanup thread] but has failed to stop it. This is very likely to create a memory leak.
Mar 20, 2014 12:44:33 AM org.apache.catalina.startup.Catalina stopServer
SEVERE: Could not contact localhost:8005. Tomcat may not be running.
Mar 20, 2014 12:44:33 AM org.apache.catalina.startup.Catalina stopServer
SEVERE: Catalina.stop: 
java.net.ConnectException: Connection refused: connect
	at java.net.DualStackPlainSocketImpl.connect0(Native Method)
	at java.net.DualStackPlainSocketImpl.socketConnect(DualStackPlainSocketImpl.java:79)
	at java.net.AbstractPlainSocketImpl.doConnect(AbstractPlainSocketImpl.java:339)
	at java.net.AbstractPlainSocketImpl.connectToAddress(AbstractPlainSocketImpl.java:200)
	at java.net.AbstractPlainSocketImpl.connect(AbstractPlainSocketImpl.java:182)
	at java.net.PlainSocketImpl.connect(PlainSocketImpl.java:172)
	at java.net.SocksSocketImpl.connect(SocksSocketImpl.java:392)
	at java.net.Socket.connect(Socket.java:579)
	at java.net.Socket.connect(Socket.java:528)
	at java.net.Socket.<init>(Socket.java:425)
	at java.net.Socket.<init>(Socket.java:208)
	at org.apache.catalina.startup.Catalina.stopServer(Catalina.java:500)
	at sun.reflect.NativeMethodAccessorImpl.invoke0(Native Method)
	at sun.reflect.NativeMethodAccessorImpl.invoke(NativeMethodAccessorImpl.java:57)
	at sun.reflect.DelegatingMethodAccessorImpl.invoke(DelegatingMethodAccessorImpl.java:43)
	at java.lang.reflect.Method.invoke(Method.java:606)
	at org.apache.catalina.startup.Bootstrap.stopServer(Bootstrap.java:371)
	at org.apache.catalina.startup.Bootstrap.main(Bootstrap.java:458)

Mar 20, 2014 12:44:34 AM org.apache.catalina.loader.WebappClassLoader clearReferencesJdbc
SEVERE: The web application [/remote-healthcare] registered the JDBC driver [com.mysql.jdbc.Driver] but failed to unregister it when the web application was stopped. To prevent a memory leak, the JDBC Driver has been forcibly unregistered.
Mar 20, 2014 12:44:34 AM org.apache.catalina.loader.WebappClassLoader clearReferencesThreads
SEVERE: The web application [/remote-healthcare] appears to have started a thread named [Timer-0] but has failed to stop it. This is very likely to create a memory leak.
Mar 20, 2014 12:44:34 AM org.apache.coyote.AbstractProtocol stop
INFO: Stopping ProtocolHandler ["http-apr-8080"]
Mar 20, 2014 12:44:34 AM org.apache.coyote.AbstractProtocol stop
INFO: Stopping ProtocolHandler ["ajp-apr-8009"]
Mar 20, 2014 12:44:34 AM org.apache.coyote.AbstractProtocol destroy
INFO: Destroying ProtocolHandler ["http-apr-8080"]
Mar 20, 2014 12:44:34 AM org.apache.coyote.AbstractProtocol destroy
INFO: Destroying ProtocolHandler ["ajp-apr-8009"]
Mar 20, 2014 12:45:05 AM org.apache.catalina.core.AprLifecycleListener init
INFO: Loaded APR based Apache Tomcat Native library 1.1.27 using APR version 1.4.6.
Mar 20, 2014 12:45:05 AM org.apache.catalina.core.AprLifecycleListener init
INFO: APR capabilities: IPv6 [true], sendfile [true], accept filters [false], random [true].
Mar 20, 2014 12:45:07 AM org.apache.catalina.core.AprLifecycleListener initializeSSL
INFO: OpenSSL successfully initialized (OpenSSL 1.0.1d 5 Feb 2013)
Mar 20, 2014 12:45:07 AM org.apache.coyote.AbstractProtocol init
INFO: Initializing ProtocolHandler ["http-apr-8080"]
Mar 20, 2014 12:45:07 AM org.apache.coyote.AbstractProtocol init
INFO: Initializing ProtocolHandler ["ajp-apr-8009"]
Mar 20, 2014 12:45:07 AM org.apache.catalina.startup.Catalina load
INFO: Initialization processed in 2562 ms
Mar 20, 2014 12:45:08 AM org.apache.catalina.core.StandardService startInternal
INFO: Starting service Catalina
Mar 20, 2014 12:45:08 AM org.apache.catalina.core.StandardEngine startInternal
INFO: Starting Servlet Engine: Apache Tomcat/7.0.42
Mar 20, 2014 12:45:08 AM org.apache.catalina.startup.HostConfig deployWAR
INFO: Deploying web application archive D:\softwares\apache-tomcat-7.0.42\webapps\ApnaAspatalAdmin.war
Mar 20, 2014 12:45:09 AM org.apache.catalina.startup.HostConfig deployWAR
INFO: Deploying web application archive D:\softwares\apache-tomcat-7.0.42\webapps\ApnaAspatalBoothWebClient.war
Mar 20, 2014 12:45:09 AM org.apache.catalina.startup.HostConfig deployWAR
INFO: Deploying web application archive D:\softwares\apache-tomcat-7.0.42\webapps\ApnaAspatalDoctorWebClient.war
Mar 20, 2014 12:45:09 AM org.apache.catalina.startup.HostConfig deployWAR
INFO: Deploying web application archive D:\softwares\apache-tomcat-7.0.42\webapps\remote-healthcare.war
Mar 20, 2014 12:45:12 AM org.apache.catalina.loader.WebappClassLoader validateJarFile
INFO: validateJarFile(D:\softwares\apache-tomcat-7.0.42\webapps\remote-healthcare\WEB-INF\lib\servlet-api-2.5.jar) - jar not loaded. See Servlet Spec 2.3, section 9.7.2. Offending class: javax/servlet/Servlet.class
Mar 20, 2014 12:45:41 AM org.apache.catalina.startup.HostConfig deployDirectory
INFO: Deploying web application directory D:\softwares\apache-tomcat-7.0.42\webapps\docs
Mar 20, 2014 12:45:41 AM org.apache.catalina.startup.HostConfig deployDirectory
INFO: Deploying web application directory D:\softwares\apache-tomcat-7.0.42\webapps\examples
Mar 20, 2014 12:45:41 AM org.apache.catalina.startup.HostConfig deployDirectory
INFO: Deploying web application directory D:\softwares\apache-tomcat-7.0.42\webapps\host-manager
Mar 20, 2014 12:45:41 AM org.apache.catalina.startup.HostConfig deployDirectory
INFO: Deploying web application directory D:\softwares\apache-tomcat-7.0.42\webapps\manager
Mar 20, 2014 12:45:42 AM org.apache.catalina.startup.HostConfig deployDirectory
INFO: Deploying web application directory D:\softwares\apache-tomcat-7.0.42\webapps\ROOT
Mar 20, 2014 12:45:42 AM org.apache.coyote.AbstractProtocol start
INFO: Starting ProtocolHandler ["http-apr-8080"]
Mar 20, 2014 12:45:42 AM org.apache.coyote.AbstractProtocol start
INFO: Starting ProtocolHandler ["ajp-apr-8009"]
Mar 20, 2014 12:45:42 AM org.apache.catalina.startup.Catalina start
INFO: Server startup in 34285 ms
Mar 20, 2014 12:56:41 AM org.apache.catalina.core.StandardServer await
INFO: A valid shutdown command was received via the shutdown port. Stopping the Server instance.
Mar 20, 2014 12:56:41 AM org.apache.coyote.AbstractProtocol pause
INFO: Pausing ProtocolHandler ["http-apr-8080"]
Mar 20, 2014 12:56:41 AM org.apache.coyote.AbstractProtocol pause
INFO: Pausing ProtocolHandler ["ajp-apr-8009"]
Mar 20, 2014 12:56:41 AM org.apache.catalina.core.StandardService stopInternal
INFO: Stopping service Catalina
Mar 20, 2014 12:56:41 AM org.apache.catalina.loader.WebappClassLoader clearReferencesThreads
SEVERE: The web application [] appears to have started a thread named [Abandoned connection cleanup thread] but has failed to stop it. This is very likely to create a memory leak.
Mar 20, 2014 12:56:41 AM org.apache.catalina.loader.WebappClassLoader clearReferencesJdbc
SEVERE: The web application [/remote-healthcare] registered the JDBC driver [com.mysql.jdbc.Driver] but failed to unregister it when the web application was stopped. To prevent a memory leak, the JDBC Driver has been forcibly unregistered.
Mar 20, 2014 12:56:41 AM org.apache.catalina.loader.WebappClassLoader clearReferencesThreads
SEVERE: The web application [/remote-healthcare] appears to have started a thread named [Timer-0] but has failed to stop it. This is very likely to create a memory leak.
Mar 20, 2014 12:56:41 AM org.apache.coyote.AbstractProtocol stop
INFO: Stopping ProtocolHandler ["http-apr-8080"]
Mar 20, 2014 12:56:41 AM org.apache.coyote.AbstractProtocol stop
INFO: Stopping ProtocolHandler ["ajp-apr-8009"]
Mar 20, 2014 12:56:41 AM org.apache.coyote.AbstractProtocol destroy
INFO: Destroying ProtocolHandler ["http-apr-8080"]
Mar 20, 2014 12:56:41 AM org.apache.coyote.AbstractProtocol destroy
INFO: Destroying ProtocolHandler ["ajp-apr-8009"]
Mar 20, 2014 12:57:07 AM org.apache.catalina.core.AprLifecycleListener init
INFO: Loaded APR based Apache Tomcat Native library 1.1.27 using APR version 1.4.6.
Mar 20, 2014 12:57:07 AM org.apache.catalina.core.AprLifecycleListener init
INFO: APR capabilities: IPv6 [true], sendfile [true], accept filters [false], random [true].
Mar 20, 2014 12:57:08 AM org.apache.catalina.core.AprLifecycleListener initializeSSL
INFO: OpenSSL successfully initialized (OpenSSL 1.0.1d 5 Feb 2013)
Mar 20, 2014 12:57:08 AM org.apache.coyote.AbstractProtocol init
INFO: Initializing ProtocolHandler ["http-apr-8080"]
Mar 20, 2014 12:57:08 AM org.apache.coyote.AbstractProtocol init
INFO: Initializing ProtocolHandler ["ajp-apr-8009"]
Mar 20, 2014 12:57:08 AM org.apache.catalina.startup.Catalina load
INFO: Initialization processed in 2226 ms
Mar 20, 2014 12:57:09 AM org.apache.catalina.core.StandardService startInternal
INFO: Starting service Catalina
Mar 20, 2014 12:57:09 AM org.apache.catalina.core.StandardEngine startInternal
INFO: Starting Servlet Engine: Apache Tomcat/7.0.42
Mar 20, 2014 12:57:09 AM org.apache.catalina.startup.HostConfig deployWAR
INFO: Deploying web application archive D:\softwares\apache-tomcat-7.0.42\webapps\ApnaAspatalAdmin.war
Mar 20, 2014 12:57:09 AM org.apache.catalina.startup.HostConfig deployWAR
INFO: Deploying web application archive D:\softwares\apache-tomcat-7.0.42\webapps\ApnaAspatalBoothWebClient.war
Mar 20, 2014 12:57:10 AM org.apache.catalina.startup.HostConfig deployWAR
INFO: Deploying web application archive D:\softwares\apache-tomcat-7.0.42\webapps\ApnaAspatalDoctorWebClient.war
Mar 20, 2014 12:57:10 AM org.apache.catalina.startup.HostConfig deployWAR
INFO: Deploying web application archive D:\softwares\apache-tomcat-7.0.42\webapps\remote-healthcare.war
Mar 20, 2014 12:57:14 AM org.apache.catalina.loader.WebappClassLoader validateJarFile
INFO: validateJarFile(D:\softwares\apache-tomcat-7.0.42\webapps\remote-healthcare\WEB-INF\lib\servlet-api-2.5.jar) - jar not loaded. See Servlet Spec 2.3, section 9.7.2. Offending class: javax/servlet/Servlet.class
Mar 20, 2014 12:57:39 AM org.apache.catalina.startup.HostConfig deployDirectory
INFO: Deploying web application directory D:\softwares\apache-tomcat-7.0.42\webapps\docs
Mar 20, 2014 12:57:39 AM org.apache.catalina.startup.HostConfig deployDirectory
INFO: Deploying web application directory D:\softwares\apache-tomcat-7.0.42\webapps\examples
Mar 20, 2014 12:57:39 AM org.apache.catalina.startup.HostConfig deployDirectory
INFO: Deploying web application directory D:\softwares\apache-tomcat-7.0.42\webapps\host-manager
Mar 20, 2014 12:57:39 AM org.apache.catalina.startup.HostConfig deployDirectory
INFO: Deploying web application directory D:\softwares\apache-tomcat-7.0.42\webapps\manager
Mar 20, 2014 12:57:39 AM org.apache.catalina.startup.HostConfig deployDirectory
INFO: Deploying web application directory D:\softwares\apache-tomcat-7.0.42\webapps\ROOT
Mar 20, 2014 12:57:39 AM org.apache.coyote.AbstractProtocol start
INFO: Starting ProtocolHandler ["http-apr-8080"]
Mar 20, 2014 12:57:39 AM org.apache.coyote.AbstractProtocol start
INFO: Starting ProtocolHandler ["ajp-apr-8009"]
Mar 20, 2014 12:57:39 AM org.apache.catalina.startup.Catalina start
INFO: Server startup in 30913 ms
Mar 20, 2014 1:02:06 AM org.apache.catalina.core.StandardServer await
INFO: A valid shutdown command was received via the shutdown port. Stopping the Server instance.
Mar 20, 2014 1:02:06 AM org.apache.coyote.AbstractProtocol pause
INFO: Pausing ProtocolHandler ["http-apr-8080"]
Mar 20, 2014 1:02:06 AM org.apache.coyote.AbstractProtocol pause
INFO: Pausing ProtocolHandler ["ajp-apr-8009"]
Mar 20, 2014 1:02:06 AM org.apache.catalina.core.StandardService stopInternal
INFO: Stopping service Catalina
Mar 20, 2014 1:02:06 AM org.apache.catalina.loader.WebappClassLoader clearReferencesThreads
SEVERE: The web application [] appears to have started a thread named [Abandoned connection cleanup thread] but has failed to stop it. This is very likely to create a memory leak.
Mar 20, 2014 1:02:06 AM org.apache.catalina.loader.WebappClassLoader clearReferencesJdbc
SEVERE: The web application [/remote-healthcare] registered the JDBC driver [com.mysql.jdbc.Driver] but failed to unregister it when the web application was stopped. To prevent a memory leak, the JDBC Driver has been forcibly unregistered.
Mar 20, 2014 1:02:06 AM org.apache.catalina.loader.WebappClassLoader clearReferencesThreads
SEVERE: The web application [/remote-healthcare] appears to have started a thread named [Timer-0] but has failed to stop it. This is very likely to create a memory leak.
Mar 20, 2014 1:02:06 AM org.apache.coyote.AbstractProtocol stop
INFO: Stopping ProtocolHandler ["http-apr-8080"]
Mar 20, 2014 1:02:06 AM org.apache.coyote.AbstractProtocol stop
INFO: Stopping ProtocolHandler ["ajp-apr-8009"]
Mar 20, 2014 1:02:06 AM org.apache.coyote.AbstractProtocol destroy
INFO: Destroying ProtocolHandler ["http-apr-8080"]
Mar 20, 2014 1:02:06 AM org.apache.coyote.AbstractProtocol destroy
INFO: Destroying ProtocolHandler ["ajp-apr-8009"]
Mar 20, 2014 1:02:49 AM org.apache.catalina.core.AprLifecycleListener init
INFO: Loaded APR based Apache Tomcat Native library 1.1.27 using APR version 1.4.6.
Mar 20, 2014 1:02:49 AM org.apache.catalina.core.AprLifecycleListener init
INFO: APR capabilities: IPv6 [true], sendfile [true], accept filters [false], random [true].
Mar 20, 2014 1:02:51 AM org.apache.catalina.core.AprLifecycleListener initializeSSL
INFO: OpenSSL successfully initialized (OpenSSL 1.0.1d 5 Feb 2013)
Mar 20, 2014 1:02:51 AM org.apache.coyote.AbstractProtocol init
INFO: Initializing ProtocolHandler ["http-apr-8080"]
Mar 20, 2014 1:02:51 AM org.apache.coyote.AbstractProtocol init
INFO: Initializing ProtocolHandler ["ajp-apr-8009"]
Mar 20, 2014 1:02:51 AM org.apache.catalina.startup.Catalina load
INFO: Initialization processed in 2450 ms
Mar 20, 2014 1:02:51 AM org.apache.catalina.core.StandardService startInternal
INFO: Starting service Catalina
Mar 20, 2014 1:02:51 AM org.apache.catalina.core.StandardEngine startInternal
INFO: Starting Servlet Engine: Apache Tomcat/7.0.42
Mar 20, 2014 1:02:51 AM org.apache.catalina.startup.HostConfig deployWAR
INFO: Deploying web application archive D:\softwares\apache-tomcat-7.0.42\webapps\ApnaAspatalAdmin.war
Mar 20, 2014 1:02:52 AM org.apache.catalina.util.SessionIdGenerator createSecureRandom
INFO: Creation of SecureRandom instance for session ID generation using [SHA1PRNG] took [133] milliseconds.
Mar 20, 2014 1:02:52 AM org.apache.catalina.startup.HostConfig deployWAR
INFO: Deploying web application archive D:\softwares\apache-tomcat-7.0.42\webapps\ApnaAspatalBoothWebClient.war
Mar 20, 2014 1:02:52 AM org.apache.catalina.startup.HostConfig deployWAR
INFO: Deploying web application archive D:\softwares\apache-tomcat-7.0.42\webapps\ApnaAspatalDoctorWebClient.war
Mar 20, 2014 1:02:53 AM org.apache.catalina.startup.HostConfig deployWAR
INFO: Deploying web application archive D:\softwares\apache-tomcat-7.0.42\webapps\remote-healthcare.war
Mar 20, 2014 1:02:55 AM org.apache.catalina.loader.WebappClassLoader validateJarFile
INFO: validateJarFile(D:\softwares\apache-tomcat-7.0.42\webapps\remote-healthcare\WEB-INF\lib\servlet-api-2.5.jar) - jar not loaded. See Servlet Spec 2.3, section 9.7.2. Offending class: javax/servlet/Servlet.class
Mar 20, 2014 1:03:21 AM org.apache.catalina.startup.HostConfig deployDirectory
INFO: Deploying web application directory D:\softwares\apache-tomcat-7.0.42\webapps\docs
Mar 20, 2014 1:03:21 AM org.apache.catalina.startup.HostConfig deployDirectory
INFO: Deploying web application directory D:\softwares\apache-tomcat-7.0.42\webapps\examples
Mar 20, 2014 1:03:22 AM org.apache.catalina.startup.HostConfig deployDirectory
INFO: Deploying web application directory D:\softwares\apache-tomcat-7.0.42\webapps\host-manager
Mar 20, 2014 1:03:22 AM org.apache.catalina.startup.HostConfig deployDirectory
INFO: Deploying web application directory D:\softwares\apache-tomcat-7.0.42\webapps\manager
Mar 20, 2014 1:03:22 AM org.apache.catalina.startup.HostConfig deployDirectory
INFO: Deploying web application directory D:\softwares\apache-tomcat-7.0.42\webapps\ROOT
Mar 20, 2014 1:03:22 AM org.apache.coyote.AbstractProtocol start
INFO: Starting ProtocolHandler ["http-apr-8080"]
Mar 20, 2014 1:03:22 AM org.apache.coyote.AbstractProtocol start
INFO: Starting ProtocolHandler ["ajp-apr-8009"]
Mar 20, 2014 1:03:22 AM org.apache.catalina.startup.Catalina start
INFO: Server startup in 31105 ms
Mar 20, 2014 1:06:16 AM org.apache.catalina.core.StandardServer await
INFO: A valid shutdown command was received via the shutdown port. Stopping the Server instance.
Mar 20, 2014 1:06:16 AM org.apache.coyote.AbstractProtocol pause
INFO: Pausing ProtocolHandler ["http-apr-8080"]
Mar 20, 2014 1:06:16 AM org.apache.coyote.AbstractProtocol pause
INFO: Pausing ProtocolHandler ["ajp-apr-8009"]
Mar 20, 2014 1:06:16 AM org.apache.catalina.core.StandardService stopInternal
INFO: Stopping service Catalina
Mar 20, 2014 1:06:16 AM org.apache.catalina.loader.WebappClassLoader clearReferencesThreads
SEVERE: The web application [] appears to have started a thread named [Abandoned connection cleanup thread] but has failed to stop it. This is very likely to create a memory leak.
Mar 20, 2014 1:06:16 AM org.apache.catalina.loader.WebappClassLoader clearReferencesJdbc
SEVERE: The web application [/remote-healthcare] registered the JDBC driver [com.mysql.jdbc.Driver] but failed to unregister it when the web application was stopped. To prevent a memory leak, the JDBC Driver has been forcibly unregistered.
Mar 20, 2014 1:06:16 AM org.apache.catalina.loader.WebappClassLoader clearReferencesThreads
SEVERE: The web application [/remote-healthcare] appears to have started a thread named [Timer-0] but has failed to stop it. This is very likely to create a memory leak.
Mar 20, 2014 1:06:16 AM org.apache.coyote.AbstractProtocol stop
INFO: Stopping ProtocolHandler ["http-apr-8080"]
Mar 20, 2014 1:06:16 AM org.apache.coyote.AbstractProtocol stop
INFO: Stopping ProtocolHandler ["ajp-apr-8009"]
Mar 20, 2014 1:06:16 AM org.apache.coyote.AbstractProtocol destroy
INFO: Destroying ProtocolHandler ["http-apr-8080"]
Mar 20, 2014 1:06:16 AM org.apache.coyote.AbstractProtocol destroy
INFO: Destroying ProtocolHandler ["ajp-apr-8009"]
Mar 20, 2014 1:06:58 AM org.apache.catalina.core.AprLifecycleListener init
INFO: Loaded APR based Apache Tomcat Native library 1.1.27 using APR version 1.4.6.
Mar 20, 2014 1:06:58 AM org.apache.catalina.core.AprLifecycleListener init
INFO: APR capabilities: IPv6 [true], sendfile [true], accept filters [false], random [true].
Mar 20, 2014 1:06:59 AM org.apache.catalina.core.AprLifecycleListener initializeSSL
INFO: OpenSSL successfully initialized (OpenSSL 1.0.1d 5 Feb 2013)
Mar 20, 2014 1:07:00 AM org.apache.coyote.AbstractProtocol init
INFO: Initializing ProtocolHandler ["http-apr-8080"]
Mar 20, 2014 1:07:00 AM org.apache.coyote.AbstractProtocol init
INFO: Initializing ProtocolHandler ["ajp-apr-8009"]
Mar 20, 2014 1:07:00 AM org.apache.catalina.startup.Catalina load
INFO: Initialization processed in 2290 ms
Mar 20, 2014 1:07:00 AM org.apache.catalina.core.StandardService startInternal
INFO: Starting service Catalina
Mar 20, 2014 1:07:00 AM org.apache.catalina.core.StandardEngine startInternal
INFO: Starting Servlet Engine: Apache Tomcat/7.0.42
Mar 20, 2014 1:07:00 AM org.apache.catalina.startup.HostConfig deployWAR
INFO: Deploying web application archive D:\softwares\apache-tomcat-7.0.42\webapps\ApnaAspatalAdmin.war
Mar 20, 2014 1:07:01 AM org.apache.catalina.util.SessionIdGenerator createSecureRandom
INFO: Creation of SecureRandom instance for session ID generation using [SHA1PRNG] took [145] milliseconds.
Mar 20, 2014 1:07:01 AM org.apache.catalina.startup.HostConfig deployWAR
INFO: Deploying web application archive D:\softwares\apache-tomcat-7.0.42\webapps\ApnaAspatalBoothWebClient.war
Mar 20, 2014 1:07:01 AM org.apache.catalina.startup.HostConfig deployWAR
INFO: Deploying web application archive D:\softwares\apache-tomcat-7.0.42\webapps\ApnaAspatalDoctorWebClient.war
Mar 20, 2014 1:07:02 AM org.apache.catalina.startup.HostConfig deployWAR
INFO: Deploying web application archive D:\softwares\apache-tomcat-7.0.42\webapps\remote-healthcare.war
Mar 20, 2014 1:07:04 AM org.apache.catalina.loader.WebappClassLoader validateJarFile
INFO: validateJarFile(D:\softwares\apache-tomcat-7.0.42\webapps\remote-healthcare\WEB-INF\lib\servlet-api-2.5.jar) - jar not loaded. See Servlet Spec 2.3, section 9.7.2. Offending class: javax/servlet/Servlet.class
Mar 20, 2014 1:07:29 AM org.apache.catalina.startup.HostConfig deployDirectory
INFO: Deploying web application directory D:\softwares\apache-tomcat-7.0.42\webapps\docs
Mar 20, 2014 1:07:29 AM org.apache.catalina.startup.HostConfig deployDirectory
INFO: Deploying web application directory D:\softwares\apache-tomcat-7.0.42\webapps\examples
Mar 20, 2014 1:07:29 AM org.apache.catalina.startup.HostConfig deployDirectory
INFO: Deploying web application directory D:\softwares\apache-tomcat-7.0.42\webapps\host-manager
Mar 20, 2014 1:07:29 AM org.apache.catalina.startup.HostConfig deployDirectory
INFO: Deploying web application directory D:\softwares\apache-tomcat-7.0.42\webapps\manager
Mar 20, 2014 1:07:29 AM org.apache.catalina.startup.HostConfig deployDirectory
INFO: Deploying web application directory D:\softwares\apache-tomcat-7.0.42\webapps\ROOT
Mar 20, 2014 1:07:29 AM org.apache.coyote.AbstractProtocol start
INFO: Starting ProtocolHandler ["http-apr-8080"]
Mar 20, 2014 1:07:29 AM org.apache.coyote.AbstractProtocol start
INFO: Starting ProtocolHandler ["ajp-apr-8009"]
Mar 20, 2014 1:07:29 AM org.apache.catalina.startup.Catalina start
INFO: Server startup in 29595 ms
Mar 20, 2014 1:16:43 AM org.apache.catalina.core.StandardServer await
INFO: A valid shutdown command was received via the shutdown port. Stopping the Server instance.
Mar 20, 2014 1:16:43 AM org.apache.coyote.AbstractProtocol pause
INFO: Pausing ProtocolHandler ["http-apr-8080"]
Mar 20, 2014 1:16:44 AM org.apache.coyote.AbstractProtocol pause
INFO: Pausing ProtocolHandler ["ajp-apr-8009"]
Mar 20, 2014 1:16:44 AM org.apache.catalina.core.StandardService stopInternal
INFO: Stopping service Catalina
Mar 20, 2014 1:16:44 AM org.apache.catalina.loader.WebappClassLoader clearReferencesThreads
SEVERE: The web application [] appears to have started a thread named [Abandoned connection cleanup thread] but has failed to stop it. This is very likely to create a memory leak.
Mar 20, 2014 1:16:49 AM org.apache.catalina.loader.WebappClassLoader clearReferencesJdbc
SEVERE: The web application [/remote-healthcare] registered the JDBC driver [com.mysql.jdbc.Driver] but failed to unregister it when the web application was stopped. To prevent a memory leak, the JDBC Driver has been forcibly unregistered.
Mar 20, 2014 1:16:49 AM org.apache.catalina.loader.WebappClassLoader clearReferencesThreads
SEVERE: The web application [/remote-healthcare] appears to have started a thread named [Timer-0] but has failed to stop it. This is very likely to create a memory leak.
Mar 20, 2014 1:16:49 AM org.apache.coyote.AbstractProtocol stop
INFO: Stopping ProtocolHandler ["http-apr-8080"]
Mar 20, 2014 1:16:49 AM org.apache.coyote.AbstractProtocol stop
INFO: Stopping ProtocolHandler ["ajp-apr-8009"]
Mar 20, 2014 1:16:49 AM org.apache.coyote.AbstractProtocol destroy
INFO: Destroying ProtocolHandler ["http-apr-8080"]
Mar 20, 2014 1:16:49 AM org.apache.coyote.AbstractProtocol destroy
INFO: Destroying ProtocolHandler ["ajp-apr-8009"]
Mar 20, 2014 7:05:04 PM org.apache.catalina.core.AprLifecycleListener init
INFO: Loaded APR based Apache Tomcat Native library 1.1.27 using APR version 1.4.6.
Mar 20, 2014 7:05:04 PM org.apache.catalina.core.AprLifecycleListener init
INFO: APR capabilities: IPv6 [true], sendfile [true], accept filters [false], random [true].
Mar 20, 2014 7:05:06 PM org.apache.catalina.core.AprLifecycleListener initializeSSL
INFO: OpenSSL successfully initialized (OpenSSL 1.0.1d 5 Feb 2013)
Mar 20, 2014 7:05:06 PM org.apache.coyote.AbstractProtocol init
INFO: Initializing ProtocolHandler ["http-apr-8080"]
Mar 20, 2014 7:05:07 PM org.apache.coyote.AbstractProtocol init
INFO: Initializing ProtocolHandler ["ajp-apr-8009"]
Mar 20, 2014 7:05:07 PM org.apache.catalina.startup.Catalina load
INFO: Initialization processed in 3643 ms
Mar 20, 2014 7:05:07 PM org.apache.catalina.core.StandardService startInternal
INFO: Starting service Catalina
Mar 20, 2014 7:05:07 PM org.apache.catalina.core.StandardEngine startInternal
INFO: Starting Servlet Engine: Apache Tomcat/7.0.42
Mar 20, 2014 7:05:07 PM org.apache.catalina.startup.HostConfig deployWAR
INFO: Deploying web application archive D:\softwares\apache-tomcat-7.0.42\webapps\ApnaAspatalAdmin.war
Mar 20, 2014 7:05:09 PM org.apache.catalina.startup.HostConfig deployWAR
INFO: Deploying web application archive D:\softwares\apache-tomcat-7.0.42\webapps\ApnaAspatalBoothWebClient.war
Mar 20, 2014 7:05:09 PM org.apache.catalina.startup.HostConfig deployWAR
INFO: Deploying web application archive D:\softwares\apache-tomcat-7.0.42\webapps\ApnaAspatalDoctorWebClient.war
Mar 20, 2014 7:05:10 PM org.apache.catalina.startup.HostConfig deployWAR
INFO: Deploying web application archive D:\softwares\apache-tomcat-7.0.42\webapps\remote-healthcare.war
Mar 20, 2014 7:05:11 PM org.apache.catalina.loader.WebappClassLoader validateJarFile
INFO: validateJarFile(D:\softwares\apache-tomcat-7.0.42\webapps\remote-healthcare\WEB-INF\lib\servlet-api-2.5.jar) - jar not loaded. See Servlet Spec 2.3, section 9.7.2. Offending class: javax/servlet/Servlet.class
Mar 20, 2014 7:05:37 PM org.apache.catalina.startup.HostConfig deployDirectory
INFO: Deploying web application directory D:\softwares\apache-tomcat-7.0.42\webapps\docs
Mar 20, 2014 7:05:37 PM org.apache.catalina.startup.HostConfig deployDirectory
INFO: Deploying web application directory D:\softwares\apache-tomcat-7.0.42\webapps\examples
Mar 20, 2014 7:05:38 PM org.apache.catalina.startup.HostConfig deployDirectory
INFO: Deploying web application directory D:\softwares\apache-tomcat-7.0.42\webapps\host-manager
Mar 20, 2014 7:05:38 PM org.apache.catalina.startup.HostConfig deployDirectory
INFO: Deploying web application directory D:\softwares\apache-tomcat-7.0.42\webapps\manager
Mar 20, 2014 7:05:38 PM org.apache.catalina.startup.HostConfig deployDirectory
INFO: Deploying web application directory D:\softwares\apache-tomcat-7.0.42\webapps\ROOT
Mar 20, 2014 7:05:38 PM org.apache.coyote.AbstractProtocol start
INFO: Starting ProtocolHandler ["http-apr-8080"]
Mar 20, 2014 7:05:38 PM org.apache.coyote.AbstractProtocol start
INFO: Starting ProtocolHandler ["ajp-apr-8009"]
Mar 20, 2014 7:05:38 PM org.apache.catalina.startup.Catalina start
INFO: Server startup in 31345 ms
Mar 20, 2014 7:22:19 PM org.apache.catalina.core.StandardServer await
INFO: A valid shutdown command was received via the shutdown port. Stopping the Server instance.
Mar 20, 2014 7:22:19 PM org.apache.coyote.AbstractProtocol pause
INFO: Pausing ProtocolHandler ["http-apr-8080"]
Mar 20, 2014 7:22:19 PM org.apache.coyote.AbstractProtocol pause
INFO: Pausing ProtocolHandler ["ajp-apr-8009"]
Mar 20, 2014 7:22:19 PM org.apache.catalina.core.StandardService stopInternal
INFO: Stopping service Catalina
Mar 20, 2014 7:22:19 PM org.apache.catalina.loader.WebappClassLoader clearReferencesThreads
SEVERE: The web application [] appears to have started a thread named [Abandoned connection cleanup thread] but has failed to stop it. This is very likely to create a memory leak.
Mar 20, 2014 7:22:30 PM org.apache.catalina.loader.WebappClassLoader clearReferencesJdbc
SEVERE: The web application [/remote-healthcare] registered the JDBC driver [com.mysql.jdbc.Driver] but failed to unregister it when the web application was stopped. To prevent a memory leak, the JDBC Driver has been forcibly unregistered.
Mar 20, 2014 7:22:30 PM org.apache.catalina.loader.WebappClassLoader clearReferencesThreads
SEVERE: The web application [/remote-healthcare] appears to have started a thread named [Timer-0] but has failed to stop it. This is very likely to create a memory leak.
Mar 20, 2014 7:22:30 PM org.apache.coyote.AbstractProtocol stop
INFO: Stopping ProtocolHandler ["http-apr-8080"]
Mar 20, 2014 7:22:30 PM org.apache.coyote.AbstractProtocol stop
INFO: Stopping ProtocolHandler ["ajp-apr-8009"]
Mar 20, 2014 7:22:30 PM org.apache.coyote.AbstractProtocol destroy
INFO: Destroying ProtocolHandler ["http-apr-8080"]
Mar 20, 2014 7:22:30 PM org.apache.coyote.AbstractProtocol destroy
INFO: Destroying ProtocolHandler ["ajp-apr-8009"]
Mar 20, 2014 7:23:40 PM org.apache.catalina.core.AprLifecycleListener init
INFO: Loaded APR based Apache Tomcat Native library 1.1.27 using APR version 1.4.6.
Mar 20, 2014 7:23:40 PM org.apache.catalina.core.AprLifecycleListener init
INFO: APR capabilities: IPv6 [true], sendfile [true], accept filters [false], random [true].
Mar 20, 2014 7:23:42 PM org.apache.catalina.core.AprLifecycleListener initializeSSL
INFO: OpenSSL successfully initialized (OpenSSL 1.0.1d 5 Feb 2013)
Mar 20, 2014 7:23:43 PM org.apache.coyote.AbstractProtocol init
INFO: Initializing ProtocolHandler ["http-apr-8080"]
Mar 20, 2014 7:23:43 PM org.apache.coyote.AbstractProtocol init
INFO: Initializing ProtocolHandler ["ajp-apr-8009"]
Mar 20, 2014 7:23:43 PM org.apache.catalina.startup.Catalina load
INFO: Initialization processed in 3182 ms
Mar 20, 2014 7:23:43 PM org.apache.catalina.core.StandardService startInternal
INFO: Starting service Catalina
Mar 20, 2014 7:23:43 PM org.apache.catalina.core.StandardEngine startInternal
INFO: Starting Servlet Engine: Apache Tomcat/7.0.42
Mar 20, 2014 7:23:43 PM org.apache.catalina.startup.HostConfig deployWAR
INFO: Deploying web application archive D:\softwares\apache-tomcat-7.0.42\webapps\ApnaAspatalAdmin.war
Mar 20, 2014 7:23:45 PM org.apache.catalina.startup.HostConfig deployWAR
INFO: Deploying web application archive D:\softwares\apache-tomcat-7.0.42\webapps\ApnaAspatalBoothWebClient.war
Mar 20, 2014 7:23:45 PM org.apache.catalina.startup.HostConfig deployWAR
INFO: Deploying web application archive D:\softwares\apache-tomcat-7.0.42\webapps\ApnaAspatalDoctorWebClient.war
Mar 20, 2014 7:23:46 PM org.apache.catalina.startup.HostConfig deployWAR
INFO: Deploying web application archive D:\softwares\apache-tomcat-7.0.42\webapps\remote-healthcare.war
Mar 20, 2014 7:23:46 PM org.apache.catalina.loader.WebappClassLoader validateJarFile
INFO: validateJarFile(D:\softwares\apache-tomcat-7.0.42\webapps\remote-healthcare\WEB-INF\lib\servlet-api-2.5.jar) - jar not loaded. See Servlet Spec 2.3, section 9.7.2. Offending class: javax/servlet/Servlet.class
Mar 20, 2014 7:24:42 PM org.apache.catalina.startup.HostConfig deployDirectory
INFO: Deploying web application directory D:\softwares\apache-tomcat-7.0.42\webapps\docs
Mar 20, 2014 7:24:42 PM org.apache.catalina.startup.HostConfig deployDirectory
INFO: Deploying web application directory D:\softwares\apache-tomcat-7.0.42\webapps\examples
Mar 20, 2014 7:24:42 PM org.apache.catalina.startup.HostConfig deployDirectory
INFO: Deploying web application directory D:\softwares\apache-tomcat-7.0.42\webapps\host-manager
Mar 20, 2014 7:24:42 PM org.apache.catalina.startup.HostConfig deployDirectory
INFO: Deploying web application directory D:\softwares\apache-tomcat-7.0.42\webapps\manager
Mar 20, 2014 7:24:43 PM org.apache.catalina.startup.HostConfig deployDirectory
INFO: Deploying web application directory D:\softwares\apache-tomcat-7.0.42\webapps\ROOT
Mar 20, 2014 7:24:43 PM org.apache.coyote.AbstractProtocol start
INFO: Starting ProtocolHandler ["http-apr-8080"]
Mar 20, 2014 7:24:43 PM org.apache.coyote.AbstractProtocol start
INFO: Starting ProtocolHandler ["ajp-apr-8009"]
Mar 20, 2014 7:24:43 PM org.apache.catalina.startup.Catalina start
INFO: Server startup in 59722 ms
Mar 20, 2014 7:28:00 PM org.apache.catalina.core.StandardServer await
INFO: A valid shutdown command was received via the shutdown port. Stopping the Server instance.
Mar 20, 2014 7:28:00 PM org.apache.coyote.AbstractProtocol pause
INFO: Pausing ProtocolHandler ["http-apr-8080"]
Mar 20, 2014 7:28:00 PM org.apache.coyote.AbstractProtocol pause
INFO: Pausing ProtocolHandler ["ajp-apr-8009"]
Mar 20, 2014 7:28:00 PM org.apache.catalina.core.StandardService stopInternal
INFO: Stopping service Catalina
Mar 20, 2014 7:28:01 PM org.apache.catalina.loader.WebappClassLoader clearReferencesThreads
SEVERE: The web application [] appears to have started a thread named [Abandoned connection cleanup thread] but has failed to stop it. This is very likely to create a memory leak.
Mar 20, 2014 7:28:01 PM org.apache.catalina.loader.WebappClassLoader clearReferencesJdbc
SEVERE: The web application [/remote-healthcare] registered the JDBC driver [com.mysql.jdbc.Driver] but failed to unregister it when the web application was stopped. To prevent a memory leak, the JDBC Driver has been forcibly unregistered.
Mar 20, 2014 7:28:01 PM org.apache.catalina.loader.WebappClassLoader clearReferencesThreads
SEVERE: The web application [/remote-healthcare] appears to have started a thread named [Timer-0] but has failed to stop it. This is very likely to create a memory leak.
Mar 20, 2014 7:28:01 PM org.apache.coyote.AbstractProtocol stop
INFO: Stopping ProtocolHandler ["http-apr-8080"]
Mar 20, 2014 7:28:01 PM org.apache.coyote.AbstractProtocol stop
INFO: Stopping ProtocolHandler ["ajp-apr-8009"]
Mar 20, 2014 7:28:01 PM org.apache.coyote.AbstractProtocol destroy
INFO: Destroying ProtocolHandler ["http-apr-8080"]
Mar 20, 2014 7:28:01 PM org.apache.coyote.AbstractProtocol destroy
INFO: Destroying ProtocolHandler ["ajp-apr-8009"]
Mar 20, 2014 7:28:31 PM org.apache.catalina.core.AprLifecycleListener init
INFO: Loaded APR based Apache Tomcat Native library 1.1.27 using APR version 1.4.6.
Mar 20, 2014 7:28:31 PM org.apache.catalina.core.AprLifecycleListener init
INFO: APR capabilities: IPv6 [true], sendfile [true], accept filters [false], random [true].
Mar 20, 2014 7:28:32 PM org.apache.catalina.core.AprLifecycleListener initializeSSL
INFO: OpenSSL successfully initialized (OpenSSL 1.0.1d 5 Feb 2013)
Mar 20, 2014 7:28:33 PM org.apache.coyote.AbstractProtocol init
INFO: Initializing ProtocolHandler ["http-apr-8080"]
Mar 20, 2014 7:28:33 PM org.apache.coyote.AbstractProtocol init
INFO: Initializing ProtocolHandler ["ajp-apr-8009"]
Mar 20, 2014 7:28:33 PM org.apache.catalina.startup.Catalina load
INFO: Initialization processed in 2450 ms
Mar 20, 2014 7:28:33 PM org.apache.catalina.core.StandardService startInternal
INFO: Starting service Catalina
Mar 20, 2014 7:28:33 PM org.apache.catalina.core.StandardEngine startInternal
INFO: Starting Servlet Engine: Apache Tomcat/7.0.42
Mar 20, 2014 7:28:33 PM org.apache.catalina.startup.HostConfig deployWAR
INFO: Deploying web application archive D:\softwares\apache-tomcat-7.0.42\webapps\ApnaAspatalAdmin.war
Mar 20, 2014 7:28:34 PM org.apache.catalina.startup.HostConfig deployWAR
INFO: Deploying web application archive D:\softwares\apache-tomcat-7.0.42\webapps\ApnaAspatalBoothWebClient.war
Mar 20, 2014 7:28:34 PM org.apache.catalina.startup.HostConfig deployWAR
INFO: Deploying web application archive D:\softwares\apache-tomcat-7.0.42\webapps\ApnaAspatalDoctorWebClient.war
Mar 20, 2014 7:28:35 PM org.apache.catalina.startup.HostConfig deployWAR
INFO: Deploying web application archive D:\softwares\apache-tomcat-7.0.42\webapps\remote-healthcare.war
Mar 20, 2014 7:28:44 PM org.apache.catalina.loader.WebappClassLoader validateJarFile
INFO: validateJarFile(D:\softwares\apache-tomcat-7.0.42\webapps\remote-healthcare\WEB-INF\lib\servlet-api-2.5.jar) - jar not loaded. See Servlet Spec 2.3, section 9.7.2. Offending class: javax/servlet/Servlet.class
Mar 20, 2014 7:29:11 PM org.apache.catalina.startup.HostConfig deployDirectory
INFO: Deploying web application directory D:\softwares\apache-tomcat-7.0.42\webapps\docs
Mar 20, 2014 7:29:11 PM org.apache.catalina.startup.HostConfig deployDirectory
INFO: Deploying web application directory D:\softwares\apache-tomcat-7.0.42\webapps\examples
Mar 20, 2014 7:29:11 PM org.apache.catalina.startup.HostConfig deployDirectory
INFO: Deploying web application directory D:\softwares\apache-tomcat-7.0.42\webapps\host-manager
Mar 20, 2014 7:29:11 PM org.apache.catalina.startup.HostConfig deployDirectory
INFO: Deploying web application directory D:\softwares\apache-tomcat-7.0.42\webapps\manager
Mar 20, 2014 7:29:12 PM org.apache.catalina.startup.HostConfig deployDirectory
INFO: Deploying web application directory D:\softwares\apache-tomcat-7.0.42\webapps\ROOT
Mar 20, 2014 7:29:12 PM org.apache.coyote.AbstractProtocol start
INFO: Starting ProtocolHandler ["http-apr-8080"]
Mar 20, 2014 7:29:12 PM org.apache.coyote.AbstractProtocol start
INFO: Starting ProtocolHandler ["ajp-apr-8009"]
Mar 20, 2014 7:29:12 PM org.apache.catalina.startup.Catalina start
INFO: Server startup in 38999 ms
Mar 20, 2014 7:35:18 PM org.apache.catalina.core.StandardServer await
INFO: A valid shutdown command was received via the shutdown port. Stopping the Server instance.
Mar 20, 2014 7:35:18 PM org.apache.coyote.AbstractProtocol pause
INFO: Pausing ProtocolHandler ["http-apr-8080"]
Mar 20, 2014 7:35:18 PM org.apache.coyote.AbstractProtocol pause
INFO: Pausing ProtocolHandler ["ajp-apr-8009"]
Mar 20, 2014 7:35:18 PM org.apache.catalina.core.StandardService stopInternal
INFO: Stopping service Catalina
Mar 20, 2014 7:35:18 PM org.apache.catalina.loader.WebappClassLoader clearReferencesThreads
SEVERE: The web application [] appears to have started a thread named [Abandoned connection cleanup thread] but has failed to stop it. This is very likely to create a memory leak.
Mar 20, 2014 7:35:18 PM org.apache.catalina.loader.WebappClassLoader clearReferencesJdbc
SEVERE: The web application [/remote-healthcare] registered the JDBC driver [com.mysql.jdbc.Driver] but failed to unregister it when the web application was stopped. To prevent a memory leak, the JDBC Driver has been forcibly unregistered.
Mar 20, 2014 7:35:18 PM org.apache.catalina.loader.WebappClassLoader clearReferencesThreads
SEVERE: The web application [/remote-healthcare] appears to have started a thread named [Timer-0] but has failed to stop it. This is very likely to create a memory leak.
Mar 20, 2014 7:35:18 PM org.apache.coyote.AbstractProtocol stop
INFO: Stopping ProtocolHandler ["http-apr-8080"]
Mar 20, 2014 7:35:18 PM org.apache.coyote.AbstractProtocol stop
INFO: Stopping ProtocolHandler ["ajp-apr-8009"]
Mar 20, 2014 7:35:18 PM org.apache.coyote.AbstractProtocol destroy
INFO: Destroying ProtocolHandler ["http-apr-8080"]
Mar 20, 2014 7:35:19 PM org.apache.coyote.AbstractProtocol destroy
INFO: Destroying ProtocolHandler ["ajp-apr-8009"]
Mar 20, 2014 8:17:28 PM org.apache.catalina.core.AprLifecycleListener init
INFO: Loaded APR based Apache Tomcat Native library 1.1.27 using APR version 1.4.6.
Mar 20, 2014 8:17:28 PM org.apache.catalina.core.AprLifecycleListener init
INFO: APR capabilities: IPv6 [true], sendfile [true], accept filters [false], random [true].
Mar 20, 2014 8:17:29 PM org.apache.catalina.core.AprLifecycleListener initializeSSL
INFO: OpenSSL successfully initialized (OpenSSL 1.0.1d 5 Feb 2013)
Mar 20, 2014 8:17:30 PM org.apache.coyote.AbstractProtocol init
INFO: Initializing ProtocolHandler ["http-apr-8080"]
Mar 20, 2014 8:17:30 PM org.apache.coyote.AbstractProtocol init
INFO: Initializing ProtocolHandler ["ajp-apr-8009"]
Mar 20, 2014 8:17:30 PM org.apache.catalina.startup.Catalina load
INFO: Initialization processed in 2270 ms
Mar 20, 2014 8:17:30 PM org.apache.catalina.core.StandardService startInternal
INFO: Starting service Catalina
Mar 20, 2014 8:17:30 PM org.apache.catalina.core.StandardEngine startInternal
INFO: Starting Servlet Engine: Apache Tomcat/7.0.42
Mar 20, 2014 8:17:30 PM org.apache.catalina.startup.HostConfig deployWAR
INFO: Deploying web application archive D:\softwares\apache-tomcat-7.0.42\webapps\ApnaAspatalAdmin.war
Mar 20, 2014 8:17:31 PM org.apache.catalina.startup.HostConfig deployWAR
INFO: Deploying web application archive D:\softwares\apache-tomcat-7.0.42\webapps\ApnaAspatalBoothWebClient.war
Mar 20, 2014 8:17:31 PM org.apache.catalina.startup.HostConfig deployWAR
INFO: Deploying web application archive D:\softwares\apache-tomcat-7.0.42\webapps\ApnaAspatalDoctorWebClient.war
Mar 20, 2014 8:17:32 PM org.apache.catalina.startup.HostConfig deployWAR
INFO: Deploying web application archive D:\softwares\apache-tomcat-7.0.42\webapps\remote-healthcare.war
Mar 20, 2014 8:17:35 PM org.apache.catalina.loader.WebappClassLoader validateJarFile
INFO: validateJarFile(D:\softwares\apache-tomcat-7.0.42\webapps\remote-healthcare\WEB-INF\lib\servlet-api-2.5.jar) - jar not loaded. See Servlet Spec 2.3, section 9.7.2. Offending class: javax/servlet/Servlet.class
Mar 20, 2014 8:18:08 PM org.apache.catalina.startup.HostConfig deployDirectory
INFO: Deploying web application directory D:\softwares\apache-tomcat-7.0.42\webapps\docs
Mar 20, 2014 8:18:08 PM org.apache.catalina.startup.HostConfig deployDirectory
INFO: Deploying web application directory D:\softwares\apache-tomcat-7.0.42\webapps\examples
Mar 20, 2014 8:18:08 PM org.apache.catalina.startup.HostConfig deployDirectory
INFO: Deploying web application directory D:\softwares\apache-tomcat-7.0.42\webapps\host-manager
Mar 20, 2014 8:18:08 PM org.apache.catalina.startup.HostConfig deployDirectory
INFO: Deploying web application directory D:\softwares\apache-tomcat-7.0.42\webapps\manager
Mar 20, 2014 8:18:08 PM org.apache.catalina.startup.HostConfig deployDirectory
INFO: Deploying web application directory D:\softwares\apache-tomcat-7.0.42\webapps\ROOT
Mar 20, 2014 8:18:08 PM org.apache.coyote.AbstractProtocol start
INFO: Starting ProtocolHandler ["http-apr-8080"]
Mar 20, 2014 8:18:08 PM org.apache.coyote.AbstractProtocol start
INFO: Starting ProtocolHandler ["ajp-apr-8009"]
Mar 20, 2014 8:18:08 PM org.apache.catalina.startup.Catalina start
INFO: Server startup in 38779 ms
Mar 20, 2014 8:27:16 PM org.apache.catalina.core.StandardServer await
INFO: A valid shutdown command was received via the shutdown port. Stopping the Server instance.
Mar 20, 2014 8:27:16 PM org.apache.coyote.AbstractProtocol pause
INFO: Pausing ProtocolHandler ["http-apr-8080"]
Mar 20, 2014 8:27:16 PM org.apache.coyote.AbstractProtocol pause
INFO: Pausing ProtocolHandler ["ajp-apr-8009"]
Mar 20, 2014 8:27:16 PM org.apache.catalina.core.StandardService stopInternal
INFO: Stopping service Catalina
Mar 20, 2014 8:27:16 PM org.apache.catalina.loader.WebappClassLoader clearReferencesThreads
SEVERE: The web application [] appears to have started a thread named [Abandoned connection cleanup thread] but has failed to stop it. This is very likely to create a memory leak.
Mar 20, 2014 8:27:16 PM org.apache.catalina.loader.WebappClassLoader clearReferencesJdbc
SEVERE: The web application [/remote-healthcare] registered the JDBC driver [com.mysql.jdbc.Driver] but failed to unregister it when the web application was stopped. To prevent a memory leak, the JDBC Driver has been forcibly unregistered.
Mar 20, 2014 8:27:16 PM org.apache.catalina.loader.WebappClassLoader clearReferencesThreads
SEVERE: The web application [/remote-healthcare] appears to have started a thread named [Timer-0] but has failed to stop it. This is very likely to create a memory leak.
Mar 20, 2014 8:27:16 PM org.apache.coyote.AbstractProtocol stop
INFO: Stopping ProtocolHandler ["http-apr-8080"]
Mar 20, 2014 8:27:16 PM org.apache.coyote.AbstractProtocol stop
INFO: Stopping ProtocolHandler ["ajp-apr-8009"]
Mar 20, 2014 8:27:16 PM org.apache.coyote.AbstractProtocol destroy
INFO: Destroying ProtocolHandler ["http-apr-8080"]
Mar 20, 2014 8:27:16 PM org.apache.coyote.AbstractProtocol destroy
INFO: Destroying ProtocolHandler ["ajp-apr-8009"]
Mar 20, 2014 8:28:23 PM org.apache.catalina.core.AprLifecycleListener init
INFO: Loaded APR based Apache Tomcat Native library 1.1.27 using APR version 1.4.6.
Mar 20, 2014 8:28:23 PM org.apache.catalina.core.AprLifecycleListener init
INFO: APR capabilities: IPv6 [true], sendfile [true], accept filters [false], random [true].
Mar 20, 2014 8:28:24 PM org.apache.catalina.core.AprLifecycleListener initializeSSL
INFO: OpenSSL successfully initialized (OpenSSL 1.0.1d 5 Feb 2013)
Mar 20, 2014 8:28:24 PM org.apache.coyote.AbstractProtocol init
INFO: Initializing ProtocolHandler ["http-apr-8080"]
Mar 20, 2014 8:28:24 PM org.apache.coyote.AbstractProtocol init
INFO: Initializing ProtocolHandler ["ajp-apr-8009"]
Mar 20, 2014 8:28:24 PM org.apache.catalina.startup.Catalina load
INFO: Initialization processed in 2075 ms
Mar 20, 2014 8:28:24 PM org.apache.catalina.core.StandardService startInternal
INFO: Starting service Catalina
Mar 20, 2014 8:28:24 PM org.apache.catalina.core.StandardEngine startInternal
INFO: Starting Servlet Engine: Apache Tomcat/7.0.42
Mar 20, 2014 8:28:24 PM org.apache.catalina.startup.HostConfig deployWAR
INFO: Deploying web application archive D:\softwares\apache-tomcat-7.0.42\webapps\ApnaAspatalAdmin.war
Mar 20, 2014 8:28:26 PM org.apache.catalina.startup.HostConfig deployWAR
INFO: Deploying web application archive D:\softwares\apache-tomcat-7.0.42\webapps\ApnaAspatalBoothWebClient.war
Mar 20, 2014 8:28:26 PM org.apache.catalina.startup.HostConfig deployWAR
INFO: Deploying web application archive D:\softwares\apache-tomcat-7.0.42\webapps\ApnaAspatalDoctorWebClient.war
Mar 20, 2014 8:28:27 PM org.apache.catalina.startup.HostConfig deployWAR
INFO: Deploying web application archive D:\softwares\apache-tomcat-7.0.42\webapps\remote-healthcare.war
Mar 20, 2014 8:28:39 PM org.apache.catalina.loader.WebappClassLoader validateJarFile
INFO: validateJarFile(D:\softwares\apache-tomcat-7.0.42\webapps\remote-healthcare\WEB-INF\lib\servlet-api-2.5.jar) - jar not loaded. See Servlet Spec 2.3, section 9.7.2. Offending class: javax/servlet/Servlet.class
Mar 20, 2014 8:29:06 PM org.apache.catalina.startup.HostConfig deployDirectory
INFO: Deploying web application directory D:\softwares\apache-tomcat-7.0.42\webapps\docs
Mar 20, 2014 8:29:06 PM org.apache.catalina.startup.HostConfig deployDirectory
INFO: Deploying web application directory D:\softwares\apache-tomcat-7.0.42\webapps\examples
Mar 20, 2014 8:29:07 PM org.apache.catalina.startup.HostConfig deployDirectory
INFO: Deploying web application directory D:\softwares\apache-tomcat-7.0.42\webapps\host-manager
Mar 20, 2014 8:29:07 PM org.apache.catalina.startup.HostConfig deployDirectory
INFO: Deploying web application directory D:\softwares\apache-tomcat-7.0.42\webapps\manager
Mar 20, 2014 8:29:07 PM org.apache.catalina.startup.HostConfig deployDirectory
INFO: Deploying web application directory D:\softwares\apache-tomcat-7.0.42\webapps\ROOT
Mar 20, 2014 8:29:07 PM org.apache.coyote.AbstractProtocol start
INFO: Starting ProtocolHandler ["http-apr-8080"]
Mar 20, 2014 8:29:07 PM org.apache.coyote.AbstractProtocol start
INFO: Starting ProtocolHandler ["ajp-apr-8009"]
Mar 20, 2014 8:29:07 PM org.apache.catalina.startup.Catalina start
INFO: Server startup in 42858 ms
Mar 20, 2014 8:49:52 PM org.apache.catalina.core.StandardServer await
INFO: A valid shutdown command was received via the shutdown port. Stopping the Server instance.
Mar 20, 2014 8:49:52 PM org.apache.coyote.AbstractProtocol pause
INFO: Pausing ProtocolHandler ["http-apr-8080"]
Mar 20, 2014 8:49:52 PM org.apache.coyote.AbstractProtocol pause
INFO: Pausing ProtocolHandler ["ajp-apr-8009"]
Mar 20, 2014 8:49:52 PM org.apache.catalina.core.StandardService stopInternal
INFO: Stopping service Catalina
Mar 20, 2014 8:49:52 PM org.apache.catalina.loader.WebappClassLoader clearReferencesThreads
SEVERE: The web application [] appears to have started a thread named [Abandoned connection cleanup thread] but has failed to stop it. This is very likely to create a memory leak.
Mar 20, 2014 8:50:02 PM org.apache.catalina.loader.WebappClassLoader clearReferencesJdbc
SEVERE: The web application [/remote-healthcare] registered the JDBC driver [com.mysql.jdbc.Driver] but failed to unregister it when the web application was stopped. To prevent a memory leak, the JDBC Driver has been forcibly unregistered.
Mar 20, 2014 8:50:02 PM org.apache.catalina.loader.WebappClassLoader clearReferencesThreads
SEVERE: The web application [/remote-healthcare] appears to have started a thread named [Timer-0] but has failed to stop it. This is very likely to create a memory leak.
Mar 20, 2014 8:50:02 PM org.apache.coyote.AbstractProtocol stop
INFO: Stopping ProtocolHandler ["http-apr-8080"]
Mar 20, 2014 8:50:02 PM org.apache.coyote.AbstractProtocol stop
INFO: Stopping ProtocolHandler ["ajp-apr-8009"]
Mar 20, 2014 8:50:02 PM org.apache.coyote.AbstractProtocol destroy
INFO: Destroying ProtocolHandler ["http-apr-8080"]
Mar 20, 2014 8:50:02 PM org.apache.coyote.AbstractProtocol destroy
INFO: Destroying ProtocolHandler ["ajp-apr-8009"]
Mar 20, 2014 8:50:55 PM org.apache.catalina.core.AprLifecycleListener init
INFO: Loaded APR based Apache Tomcat Native library 1.1.27 using APR version 1.4.6.
Mar 20, 2014 8:50:55 PM org.apache.catalina.core.AprLifecycleListener init
INFO: APR capabilities: IPv6 [true], sendfile [true], accept filters [false], random [true].
Mar 20, 2014 8:50:56 PM org.apache.catalina.core.AprLifecycleListener initializeSSL
INFO: OpenSSL successfully initialized (OpenSSL 1.0.1d 5 Feb 2013)
Mar 20, 2014 8:50:56 PM org.apache.coyote.AbstractProtocol init
INFO: Initializing ProtocolHandler ["http-apr-8080"]
Mar 20, 2014 8:50:56 PM org.apache.coyote.AbstractProtocol init
INFO: Initializing ProtocolHandler ["ajp-apr-8009"]
Mar 20, 2014 8:50:56 PM org.apache.catalina.startup.Catalina load
INFO: Initialization processed in 2259 ms
Mar 20, 2014 8:50:56 PM org.apache.catalina.core.StandardService startInternal
INFO: Starting service Catalina
Mar 20, 2014 8:50:56 PM org.apache.catalina.core.StandardEngine startInternal
INFO: Starting Servlet Engine: Apache Tomcat/7.0.42
Mar 20, 2014 8:50:56 PM org.apache.catalina.startup.HostConfig deployWAR
INFO: Deploying web application archive D:\softwares\apache-tomcat-7.0.42\webapps\ApnaAspatalAdmin.war
Mar 20, 2014 8:50:57 PM org.apache.catalina.startup.HostConfig deployWAR
INFO: Deploying web application archive D:\softwares\apache-tomcat-7.0.42\webapps\ApnaAspatalBoothWebClient.war
Mar 20, 2014 8:50:58 PM org.apache.catalina.startup.HostConfig deployWAR
INFO: Deploying web application archive D:\softwares\apache-tomcat-7.0.42\webapps\ApnaAspatalDoctorWebClient.war
Mar 20, 2014 8:50:58 PM org.apache.catalina.startup.HostConfig deployWAR
INFO: Deploying web application archive D:\softwares\apache-tomcat-7.0.42\webapps\remote-healthcare.war
Mar 20, 2014 8:51:00 PM org.apache.catalina.loader.WebappClassLoader validateJarFile
INFO: validateJarFile(D:\softwares\apache-tomcat-7.0.42\webapps\remote-healthcare\WEB-INF\lib\servlet-api-2.5.jar) - jar not loaded. See Servlet Spec 2.3, section 9.7.2. Offending class: javax/servlet/Servlet.class
Mar 20, 2014 8:51:23 PM org.apache.catalina.startup.HostConfig deployDirectory
INFO: Deploying web application directory D:\softwares\apache-tomcat-7.0.42\webapps\docs
Mar 20, 2014 8:51:23 PM org.apache.catalina.startup.HostConfig deployDirectory
INFO: Deploying web application directory D:\softwares\apache-tomcat-7.0.42\webapps\examples
Mar 20, 2014 8:51:23 PM org.apache.catalina.startup.HostConfig deployDirectory
INFO: Deploying web application directory D:\softwares\apache-tomcat-7.0.42\webapps\host-manager
Mar 20, 2014 8:51:24 PM org.apache.catalina.startup.HostConfig deployDirectory
INFO: Deploying web application directory D:\softwares\apache-tomcat-7.0.42\webapps\manager
Mar 20, 2014 8:51:24 PM org.apache.catalina.startup.HostConfig deployDirectory
INFO: Deploying web application directory D:\softwares\apache-tomcat-7.0.42\webapps\ROOT
Mar 20, 2014 8:51:24 PM org.apache.coyote.AbstractProtocol start
INFO: Starting ProtocolHandler ["http-apr-8080"]
Mar 20, 2014 8:51:24 PM org.apache.coyote.AbstractProtocol start
INFO: Starting ProtocolHandler ["ajp-apr-8009"]
Mar 20, 2014 8:51:24 PM org.apache.catalina.startup.Catalina start
INFO: Server startup in 27843 ms
