Aug 06, 2014 1:39:47 AM org.apache.catalina.core.AprLifecycleListener init
INFO: Loaded APR based Apache Tomcat Native library 1.1.27 using APR version 1.4.6.
Aug 06, 2014 1:39:47 AM org.apache.catalina.core.AprLifecycleListener init
INFO: APR capabilities: IPv6 [true], sendfile [true], accept filters [false], random [true].
Aug 06, 2014 1:39:49 AM org.apache.catalina.core.AprLifecycleListener initializeSSL
INFO: OpenSSL successfully initialized (OpenSSL 1.0.1d 5 Feb 2013)
Aug 06, 2014 1:39:50 AM org.apache.coyote.AbstractProtocol init
INFO: Initializing ProtocolHandler ["http-apr-8080"]
Aug 06, 2014 1:39:50 AM org.apache.coyote.AbstractProtocol init
INFO: Initializing ProtocolHandler ["ajp-apr-8009"]
Aug 06, 2014 1:39:50 AM org.apache.catalina.startup.Catalina load
INFO: Initialization processed in 3765 ms
Aug 06, 2014 1:39:50 AM org.apache.catalina.core.StandardService startInternal
INFO: Starting service Catalina
Aug 06, 2014 1:39:50 AM org.apache.catalina.core.StandardEngine startInternal
INFO: Starting Servlet Engine: Apache Tomcat/7.0.42
Aug 06, 2014 1:39:50 AM org.apache.catalina.startup.HostConfig deployWAR
INFO: Deploying web application archive D:\softwares\apache-tomcat-7.0.42\webapps\jenkins.war
Aug 06, 2014 1:40:15 AM org.apache.catalina.startup.HostConfig deployWAR
INFO: Deploying web application archive D:\softwares\apache-tomcat-7.0.42\webapps\remote-healthcare.war
Aug 06, 2014 1:40:16 AM jenkins.InitReactorRunner$1 onAttained
INFO: Started initialization
Aug 06, 2014 1:40:34 AM jenkins.InitReactorRunner$1 onAttained
INFO: Listed all plugins
Aug 06, 2014 1:40:35 AM jenkins.InitReactorRunner$1 onAttained
INFO: Prepared all plugins
Aug 06, 2014 1:40:35 AM jenkins.InitReactorRunner$1 onAttained
INFO: Started all plugins
Aug 06, 2014 1:40:35 AM jenkins.InitReactorRunner$1 onAttained
INFO: Augmented all extensions
Aug 06, 2014 1:40:35 AM jenkins.InitReactorRunner$1 onAttained
INFO: Loaded all jobs
Aug 06, 2014 1:40:48 AM org.springframework.web.context.support.StaticWebApplicationContext prepareRefresh
INFO: Refreshing org.springframework.web.context.support.StaticWebApplicationContext@2a2927: display name [Root WebApplicationContext]; startup date [Wed Aug 06 01:40:48 IST 2014]; root of context hierarchy
Aug 06, 2014 1:40:48 AM org.jenkinsci.main.modules.sshd.SSHD start
INFO: Started SSHD at port 52053
Aug 06, 2014 1:40:48 AM jenkins.InitReactorRunner$1 onAttained
INFO: Completed initialization
Aug 06, 2014 1:40:48 AM org.springframework.web.context.support.StaticWebApplicationContext obtainFreshBeanFactory
INFO: Bean factory for application context [org.springframework.web.context.support.StaticWebApplicationContext@2a2927]: org.springframework.beans.factory.support.DefaultListableBeanFactory@43cdb5
Aug 06, 2014 1:40:48 AM org.springframework.beans.factory.support.DefaultListableBeanFactory preInstantiateSingletons
INFO: Pre-instantiating singletons in org.springframework.beans.factory.support.DefaultListableBeanFactory@43cdb5: defining beans [authenticationManager]; root of factory hierarchy
Aug 06, 2014 1:40:49 AM org.springframework.web.context.support.StaticWebApplicationContext prepareRefresh
INFO: Refreshing org.springframework.web.context.support.StaticWebApplicationContext@504072: display name [Root WebApplicationContext]; startup date [Wed Aug 06 01:40:49 IST 2014]; root of context hierarchy
Aug 06, 2014 1:40:49 AM org.springframework.web.context.support.StaticWebApplicationContext obtainFreshBeanFactory
INFO: Bean factory for application context [org.springframework.web.context.support.StaticWebApplicationContext@504072]: org.springframework.beans.factory.support.DefaultListableBeanFactory@8dcfa5
Aug 06, 2014 1:40:49 AM org.springframework.beans.factory.support.DefaultListableBeanFactory preInstantiateSingletons
INFO: Pre-instantiating singletons in org.springframework.beans.factory.support.DefaultListableBeanFactory@8dcfa5: defining beans [filter,legacy]; root of factory hierarchy
Aug 06, 2014 1:40:49 AM hudson.TcpSlaveAgentListener <init>
INFO: JNLP slave agent listener started on TCP port 52054
Aug 06, 2014 1:40:49 AM hudson.WebAppMain$3 run
INFO: Jenkins is fully up and running
Aug 06, 2014 1:41:18 AM org.apache.catalina.startup.HostConfig deployDirectory
INFO: Deploying web application directory D:\softwares\apache-tomcat-7.0.42\webapps\docs
Aug 06, 2014 1:41:20 AM org.apache.catalina.startup.HostConfig deployDirectory
INFO: Deploying web application directory D:\softwares\apache-tomcat-7.0.42\webapps\examples
Aug 06, 2014 1:41:21 AM org.apache.catalina.startup.HostConfig deployDirectory
INFO: Deploying web application directory D:\softwares\apache-tomcat-7.0.42\webapps\host-manager
Aug 06, 2014 1:41:21 AM org.apache.catalina.startup.HostConfig deployDirectory
INFO: Deploying web application directory D:\softwares\apache-tomcat-7.0.42\webapps\manager
Aug 06, 2014 1:41:21 AM org.apache.catalina.startup.HostConfig deployDirectory
INFO: Deploying web application directory D:\softwares\apache-tomcat-7.0.42\webapps\ROOT
Aug 06, 2014 1:41:21 AM org.apache.coyote.AbstractProtocol start
INFO: Starting ProtocolHandler ["http-apr-8080"]
Aug 06, 2014 1:41:21 AM org.apache.coyote.AbstractProtocol start
INFO: Starting ProtocolHandler ["ajp-apr-8009"]
Aug 06, 2014 1:41:21 AM org.apache.catalina.startup.Catalina start
INFO: Server startup in 90884 ms
Aug 06, 2014 1:41:50 AM com.healthcare.remotehealthcare.gcm.SmackCSSClient$4 interceptPacket
INFO: Sent: <message id="wt7JQ-3"><gcm xmlns="google:mobile:data">{"to":"APA91bFPkswj_x5qcvKOf_sCubDFzBBSzai0iH2wUEgRV57EzBw-Yjoe0Qg-VCJWhDoQeVWUGKsZw25YfT_-XLncMAios4biI0CIXTjsNkRiHh4tiEzzapMhzsYHpOG41bh4LSY30jnY2UMPjtjApj2c_X_wmt3mQeq2QK1_s8y6mLwsrnDVW84","delay_while_idle":true,"collapse_key":"sample","data":{"requesttype":"acknowledgement","acktype":"additionalinforeceivedbydoctorack"},"message_id":"m--8772256460620684012","time_to_live":10000}</gcm></message>
Aug 06, 2014 1:41:50 AM com.healthcare.remotehealthcare.gcm.SmackCSSClient$2 connectionClosed
INFO: Connection closed.
Aug 06, 2014 1:50:09 AM org.apache.catalina.core.StandardServer await
INFO: A valid shutdown command was received via the shutdown port. Stopping the Server instance.
Aug 06, 2014 1:50:09 AM org.apache.coyote.AbstractProtocol pause
INFO: Pausing ProtocolHandler ["http-apr-8080"]
Aug 06, 2014 1:50:09 AM org.apache.coyote.AbstractProtocol pause
INFO: Pausing ProtocolHandler ["ajp-apr-8009"]
Aug 06, 2014 1:50:09 AM org.apache.catalina.core.StandardService stopInternal
INFO: Stopping service Catalina
Aug 06, 2014 1:50:09 AM org.apache.catalina.loader.WebappClassLoader clearReferencesThreads
SEVERE: The web application [] appears to have started a thread named [Abandoned connection cleanup thread] but has failed to stop it. This is very likely to create a memory leak.
Aug 06, 2014 1:50:09 AM org.apache.catalina.loader.WebappClassLoader checkThreadLocalMapForLeaks
SEVERE: The web application [/jenkins] created a ThreadLocal with key of type [java.lang.ThreadLocal] (value [java.lang.ThreadLocal@1141b6]) and a value of type [org.acegisecurity.context.SecurityContextImpl] (value [org.acegisecurity.context.SecurityContextImpl@ffffffff: Null authentication]) but failed to remove it when the web application was stopped. Threads are going to be renewed over time to try and avoid a probable memory leak.
Aug 06, 2014 1:50:09 AM org.apache.catalina.loader.WebappClassLoader clearReferencesJdbc
SEVERE: The web application [/remote-healthcare] registered the JDBC driver [com.mysql.jdbc.Driver] but failed to unregister it when the web application was stopped. To prevent a memory leak, the JDBC Driver has been forcibly unregistered.
Aug 06, 2014 1:50:09 AM org.apache.catalina.loader.WebappClassLoader clearReferencesThreads
SEVERE: The web application [/remote-healthcare] appears to have started a thread named [Timer-0] but has failed to stop it. This is very likely to create a memory leak.
Aug 06, 2014 1:50:09 AM org.apache.coyote.AbstractProtocol stop
INFO: Stopping ProtocolHandler ["http-apr-8080"]
Aug 06, 2014 1:50:09 AM org.apache.coyote.AbstractProtocol stop
INFO: Stopping ProtocolHandler ["ajp-apr-8009"]
Aug 06, 2014 1:50:10 AM org.apache.coyote.AbstractProtocol destroy
INFO: Destroying ProtocolHandler ["http-apr-8080"]
Aug 06, 2014 1:50:10 AM org.apache.coyote.AbstractProtocol destroy
INFO: Destroying ProtocolHandler ["ajp-apr-8009"]
