May 07, 2014 12:30:14 AM org.apache.catalina.core.AprLifecycleListener init
INFO: Loaded APR based Apache Tomcat Native library 1.1.27 using APR version 1.4.6.
May 07, 2014 12:30:14 AM org.apache.catalina.core.AprLifecycleListener init
INFO: APR capabilities: IPv6 [true], sendfile [true], accept filters [false], random [true].
May 07, 2014 12:30:17 AM org.apache.catalina.core.AprLifecycleListener initializeSSL
INFO: OpenSSL successfully initialized (OpenSSL 1.0.1d 5 Feb 2013)
May 07, 2014 12:30:18 AM org.apache.coyote.AbstractProtocol init
INFO: Initializing ProtocolHandler ["http-apr-8080"]
May 07, 2014 12:30:18 AM org.apache.coyote.AbstractProtocol init
INFO: Initializing ProtocolHandler ["ajp-apr-8009"]
May 07, 2014 12:30:18 AM org.apache.catalina.startup.Catalina load
INFO: Initialization processed in 4780 ms
May 07, 2014 12:30:18 AM org.apache.catalina.core.StandardService startInternal
INFO: Starting service Catalina
May 07, 2014 12:30:18 AM org.apache.catalina.core.StandardEngine startInternal
INFO: Starting Servlet Engine: Apache Tomcat/7.0.42
May 07, 2014 12:30:19 AM org.apache.catalina.startup.HostConfig deployWAR
INFO: Deploying web application archive D:\softwares\apache-tomcat-7.0.42\webapps\ApnaAspatal.war
May 07, 2014 12:30:20 AM org.apache.catalina.util.SessionIdGenerator createSecureRandom
INFO: Creation of SecureRandom instance for session ID generation using [SHA1PRNG] took [284] milliseconds.
May 07, 2014 12:30:20 AM org.apache.catalina.startup.HostConfig deployWAR
INFO: Deploying web application archive D:\softwares\apache-tomcat-7.0.42\webapps\ApnaAspatalAdmin.war
May 07, 2014 12:30:21 AM org.apache.catalina.startup.HostConfig deployWAR
INFO: Deploying web application archive D:\softwares\apache-tomcat-7.0.42\webapps\ApnaAspatalBoothWebClient.war
May 07, 2014 12:30:21 AM org.apache.catalina.startup.HostConfig deployWAR
INFO: Deploying web application archive D:\softwares\apache-tomcat-7.0.42\webapps\ApnaAspatalDoctorWebClient.war
May 07, 2014 12:30:21 AM org.apache.catalina.startup.HostConfig deployWAR
INFO: Deploying web application archive D:\softwares\apache-tomcat-7.0.42\webapps\remote-healthcare.war
May 07, 2014 12:30:32 AM org.apache.catalina.loader.WebappClassLoader validateJarFile
INFO: validateJarFile(D:\softwares\apache-tomcat-7.0.42\webapps\remote-healthcare\WEB-INF\lib\servlet-api-2.5.jar) - jar not loaded. See Servlet Spec 2.3, section 9.7.2. Offending class: javax/servlet/Servlet.class
May 07, 2014 12:31:04 AM org.apache.catalina.startup.HostConfig deployDirectory
INFO: Deploying web application directory D:\softwares\apache-tomcat-7.0.42\webapps\docs
May 07, 2014 12:31:04 AM org.apache.catalina.startup.HostConfig deployDirectory
INFO: Deploying web application directory D:\softwares\apache-tomcat-7.0.42\webapps\examples
May 07, 2014 12:31:04 AM org.apache.catalina.startup.HostConfig deployDirectory
INFO: Deploying web application directory D:\softwares\apache-tomcat-7.0.42\webapps\host-manager
May 07, 2014 12:31:04 AM org.apache.catalina.startup.HostConfig deployDirectory
INFO: Deploying web application directory D:\softwares\apache-tomcat-7.0.42\webapps\manager
May 07, 2014 12:31:04 AM org.apache.catalina.startup.HostConfig deployDirectory
INFO: Deploying web application directory D:\softwares\apache-tomcat-7.0.42\webapps\ROOT
May 07, 2014 12:31:05 AM org.apache.coyote.AbstractProtocol start
INFO: Starting ProtocolHandler ["http-apr-8080"]
May 07, 2014 12:31:05 AM org.apache.coyote.AbstractProtocol start
INFO: Starting ProtocolHandler ["ajp-apr-8009"]
May 07, 2014 12:31:05 AM org.apache.catalina.startup.Catalina start
INFO: Server startup in 46384 ms
May 07, 2014 12:33:54 AM org.apache.catalina.core.StandardServer await
INFO: A valid shutdown command was received via the shutdown port. Stopping the Server instance.
May 07, 2014 12:33:54 AM org.apache.coyote.AbstractProtocol pause
INFO: Pausing ProtocolHandler ["http-apr-8080"]
May 07, 2014 12:33:54 AM org.apache.coyote.AbstractProtocol pause
INFO: Pausing ProtocolHandler ["ajp-apr-8009"]
May 07, 2014 12:33:54 AM org.apache.catalina.core.StandardService stopInternal
INFO: Stopping service Catalina
May 07, 2014 12:33:54 AM org.apache.catalina.loader.WebappClassLoader clearReferencesThreads
SEVERE: The web application [] appears to have started a thread named [Abandoned connection cleanup thread] but has failed to stop it. This is very likely to create a memory leak.
May 07, 2014 12:33:54 AM org.apache.catalina.loader.WebappClassLoader clearReferencesJdbc
SEVERE: The web application [/remote-healthcare] registered the JDBC driver [com.mysql.jdbc.Driver] but failed to unregister it when the web application was stopped. To prevent a memory leak, the JDBC Driver has been forcibly unregistered.
May 07, 2014 12:33:54 AM org.apache.catalina.loader.WebappClassLoader clearReferencesThreads
SEVERE: The web application [/remote-healthcare] appears to have started a thread named [Timer-0] but has failed to stop it. This is very likely to create a memory leak.
May 07, 2014 12:33:54 AM org.apache.coyote.AbstractProtocol stop
INFO: Stopping ProtocolHandler ["http-apr-8080"]
May 07, 2014 12:33:54 AM org.apache.coyote.AbstractProtocol stop
INFO: Stopping ProtocolHandler ["ajp-apr-8009"]
May 07, 2014 12:33:54 AM org.apache.coyote.AbstractProtocol destroy
INFO: Destroying ProtocolHandler ["http-apr-8080"]
May 07, 2014 12:33:54 AM org.apache.coyote.AbstractProtocol destroy
INFO: Destroying ProtocolHandler ["ajp-apr-8009"]
May 07, 2014 12:34:50 AM org.apache.catalina.core.AprLifecycleListener init
INFO: Loaded APR based Apache Tomcat Native library 1.1.27 using APR version 1.4.6.
May 07, 2014 12:34:50 AM org.apache.catalina.core.AprLifecycleListener init
INFO: APR capabilities: IPv6 [true], sendfile [true], accept filters [false], random [true].
May 07, 2014 12:34:51 AM org.apache.catalina.core.AprLifecycleListener initializeSSL
INFO: OpenSSL successfully initialized (OpenSSL 1.0.1d 5 Feb 2013)
May 07, 2014 12:34:52 AM org.apache.coyote.AbstractProtocol init
INFO: Initializing ProtocolHandler ["http-apr-8080"]
May 07, 2014 12:34:52 AM org.apache.coyote.AbstractProtocol init
INFO: Initializing ProtocolHandler ["ajp-apr-8009"]
May 07, 2014 12:34:52 AM org.apache.catalina.startup.Catalina load
INFO: Initialization processed in 2556 ms
May 07, 2014 12:34:52 AM org.apache.catalina.core.StandardService startInternal
INFO: Starting service Catalina
May 07, 2014 12:34:52 AM org.apache.catalina.core.StandardEngine startInternal
INFO: Starting Servlet Engine: Apache Tomcat/7.0.42
May 07, 2014 12:34:52 AM org.apache.catalina.startup.HostConfig deployWAR
INFO: Deploying web application archive D:\softwares\apache-tomcat-7.0.42\webapps\ApnaAspatal.war
May 07, 2014 12:34:53 AM org.apache.catalina.startup.HostConfig deployWAR
INFO: Deploying web application archive D:\softwares\apache-tomcat-7.0.42\webapps\ApnaAspatalAdmin.war
May 07, 2014 12:34:54 AM org.apache.catalina.startup.HostConfig deployWAR
INFO: Deploying web application archive D:\softwares\apache-tomcat-7.0.42\webapps\ApnaAspatalBoothWebClient.war
May 07, 2014 12:34:54 AM org.apache.catalina.startup.HostConfig deployWAR
INFO: Deploying web application archive D:\softwares\apache-tomcat-7.0.42\webapps\ApnaAspatalDoctorWebClient.war
May 07, 2014 12:34:54 AM org.apache.catalina.startup.HostConfig deployWAR
INFO: Deploying web application archive D:\softwares\apache-tomcat-7.0.42\webapps\remote-healthcare.war
May 07, 2014 12:34:57 AM org.apache.catalina.loader.WebappClassLoader validateJarFile
INFO: validateJarFile(D:\softwares\apache-tomcat-7.0.42\webapps\remote-healthcare\WEB-INF\lib\servlet-api-2.5.jar) - jar not loaded. See Servlet Spec 2.3, section 9.7.2. Offending class: javax/servlet/Servlet.class
May 07, 2014 12:35:20 AM org.apache.catalina.startup.HostConfig deployDirectory
INFO: Deploying web application directory D:\softwares\apache-tomcat-7.0.42\webapps\docs
May 07, 2014 12:35:21 AM org.apache.catalina.startup.HostConfig deployDirectory
INFO: Deploying web application directory D:\softwares\apache-tomcat-7.0.42\webapps\examples
May 07, 2014 12:35:21 AM org.apache.catalina.startup.HostConfig deployDirectory
INFO: Deploying web application directory D:\softwares\apache-tomcat-7.0.42\webapps\host-manager
May 07, 2014 12:35:21 AM org.apache.catalina.startup.HostConfig deployDirectory
INFO: Deploying web application directory D:\softwares\apache-tomcat-7.0.42\webapps\manager
May 07, 2014 12:35:21 AM org.apache.catalina.startup.HostConfig deployDirectory
INFO: Deploying web application directory D:\softwares\apache-tomcat-7.0.42\webapps\ROOT
May 07, 2014 12:35:21 AM org.apache.coyote.AbstractProtocol start
INFO: Starting ProtocolHandler ["http-apr-8080"]
May 07, 2014 12:35:21 AM org.apache.coyote.AbstractProtocol start
INFO: Starting ProtocolHandler ["ajp-apr-8009"]
May 07, 2014 12:35:21 AM org.apache.catalina.startup.Catalina start
INFO: Server startup in 29696 ms
May 07, 2014 12:36:49 AM org.apache.catalina.core.StandardServer await
INFO: A valid shutdown command was received via the shutdown port. Stopping the Server instance.
May 07, 2014 12:36:49 AM org.apache.coyote.AbstractProtocol pause
INFO: Pausing ProtocolHandler ["http-apr-8080"]
May 07, 2014 12:36:49 AM org.apache.coyote.AbstractProtocol pause
INFO: Pausing ProtocolHandler ["ajp-apr-8009"]
May 07, 2014 12:36:49 AM org.apache.catalina.core.StandardService stopInternal
INFO: Stopping service Catalina
May 07, 2014 12:36:49 AM org.apache.catalina.loader.WebappClassLoader clearReferencesThreads
SEVERE: The web application [] appears to have started a thread named [Abandoned connection cleanup thread] but has failed to stop it. This is very likely to create a memory leak.
May 07, 2014 12:36:49 AM org.apache.catalina.loader.WebappClassLoader clearReferencesJdbc
SEVERE: The web application [/remote-healthcare] registered the JDBC driver [com.mysql.jdbc.Driver] but failed to unregister it when the web application was stopped. To prevent a memory leak, the JDBC Driver has been forcibly unregistered.
May 07, 2014 12:36:49 AM org.apache.catalina.loader.WebappClassLoader clearReferencesThreads
SEVERE: The web application [/remote-healthcare] appears to have started a thread named [Timer-0] but has failed to stop it. This is very likely to create a memory leak.
May 07, 2014 12:36:49 AM org.apache.coyote.AbstractProtocol stop
INFO: Stopping ProtocolHandler ["http-apr-8080"]
May 07, 2014 12:36:49 AM org.apache.coyote.AbstractProtocol stop
INFO: Stopping ProtocolHandler ["ajp-apr-8009"]
May 07, 2014 12:36:49 AM org.apache.coyote.AbstractProtocol destroy
INFO: Destroying ProtocolHandler ["http-apr-8080"]
May 07, 2014 12:36:49 AM org.apache.coyote.AbstractProtocol destroy
INFO: Destroying ProtocolHandler ["ajp-apr-8009"]
May 07, 2014 12:37:12 AM org.apache.catalina.startup.Catalina stopServer
SEVERE: Could not contact localhost:8005. Tomcat may not be running.
May 07, 2014 12:37:12 AM org.apache.catalina.startup.Catalina stopServer
SEVERE: Catalina.stop: 
java.net.ConnectException: Connection refused: connect
	at java.net.DualStackPlainSocketImpl.connect0(Native Method)
	at java.net.DualStackPlainSocketImpl.socketConnect(DualStackPlainSocketImpl.java:79)
	at java.net.AbstractPlainSocketImpl.doConnect(AbstractPlainSocketImpl.java:339)
	at java.net.AbstractPlainSocketImpl.connectToAddress(AbstractPlainSocketImpl.java:200)
	at java.net.AbstractPlainSocketImpl.connect(AbstractPlainSocketImpl.java:182)
	at java.net.PlainSocketImpl.connect(PlainSocketImpl.java:172)
	at java.net.SocksSocketImpl.connect(SocksSocketImpl.java:392)
	at java.net.Socket.connect(Socket.java:579)
	at java.net.Socket.connect(Socket.java:528)
	at java.net.Socket.<init>(Socket.java:425)
	at java.net.Socket.<init>(Socket.java:208)
	at org.apache.catalina.startup.Catalina.stopServer(Catalina.java:500)
	at sun.reflect.NativeMethodAccessorImpl.invoke0(Native Method)
	at sun.reflect.NativeMethodAccessorImpl.invoke(NativeMethodAccessorImpl.java:57)
	at sun.reflect.DelegatingMethodAccessorImpl.invoke(DelegatingMethodAccessorImpl.java:43)
	at java.lang.reflect.Method.invoke(Method.java:606)
	at org.apache.catalina.startup.Bootstrap.stopServer(Bootstrap.java:371)
	at org.apache.catalina.startup.Bootstrap.main(Bootstrap.java:458)

May 07, 2014 12:37:47 AM org.apache.catalina.core.AprLifecycleListener init
INFO: Loaded APR based Apache Tomcat Native library 1.1.27 using APR version 1.4.6.
May 07, 2014 12:37:47 AM org.apache.catalina.core.AprLifecycleListener init
INFO: APR capabilities: IPv6 [true], sendfile [true], accept filters [false], random [true].
May 07, 2014 12:37:48 AM org.apache.catalina.core.AprLifecycleListener initializeSSL
INFO: OpenSSL successfully initialized (OpenSSL 1.0.1d 5 Feb 2013)
May 07, 2014 12:37:48 AM org.apache.coyote.AbstractProtocol init
INFO: Initializing ProtocolHandler ["http-apr-8080"]
May 07, 2014 12:37:48 AM org.apache.coyote.AbstractProtocol init
INFO: Initializing ProtocolHandler ["ajp-apr-8009"]
May 07, 2014 12:37:48 AM org.apache.catalina.startup.Catalina load
INFO: Initialization processed in 2295 ms
May 07, 2014 12:37:49 AM org.apache.catalina.core.StandardService startInternal
INFO: Starting service Catalina
May 07, 2014 12:37:49 AM org.apache.catalina.core.StandardEngine startInternal
INFO: Starting Servlet Engine: Apache Tomcat/7.0.42
May 07, 2014 12:37:49 AM org.apache.catalina.startup.HostConfig deployWAR
INFO: Deploying web application archive D:\softwares\apache-tomcat-7.0.42\webapps\ApnaAspatal.war
May 07, 2014 12:37:50 AM org.apache.catalina.startup.HostConfig deployWAR
INFO: Deploying web application archive D:\softwares\apache-tomcat-7.0.42\webapps\ApnaAspatalAdmin.war
May 07, 2014 12:37:50 AM org.apache.catalina.startup.HostConfig deployWAR
INFO: Deploying web application archive D:\softwares\apache-tomcat-7.0.42\webapps\ApnaAspatalBoothWebClient.war
May 07, 2014 12:37:51 AM org.apache.catalina.startup.HostConfig deployWAR
INFO: Deploying web application archive D:\softwares\apache-tomcat-7.0.42\webapps\ApnaAspatalDoctorWebClient.war
May 07, 2014 12:37:51 AM org.apache.catalina.startup.HostConfig deployWAR
INFO: Deploying web application archive D:\softwares\apache-tomcat-7.0.42\webapps\remote-healthcare.war
May 07, 2014 12:37:56 AM org.apache.catalina.loader.WebappClassLoader validateJarFile
INFO: validateJarFile(D:\softwares\apache-tomcat-7.0.42\webapps\remote-healthcare\WEB-INF\lib\servlet-api-2.5.jar) - jar not loaded. See Servlet Spec 2.3, section 9.7.2. Offending class: javax/servlet/Servlet.class
May 07, 2014 12:38:25 AM org.apache.catalina.startup.HostConfig deployDirectory
INFO: Deploying web application directory D:\softwares\apache-tomcat-7.0.42\webapps\docs
May 07, 2014 12:38:25 AM org.apache.catalina.startup.HostConfig deployDirectory
INFO: Deploying web application directory D:\softwares\apache-tomcat-7.0.42\webapps\examples
May 07, 2014 12:38:26 AM org.apache.catalina.startup.HostConfig deployDirectory
INFO: Deploying web application directory D:\softwares\apache-tomcat-7.0.42\webapps\host-manager
May 07, 2014 12:38:26 AM org.apache.catalina.startup.HostConfig deployDirectory
INFO: Deploying web application directory D:\softwares\apache-tomcat-7.0.42\webapps\manager
May 07, 2014 12:38:26 AM org.apache.catalina.startup.HostConfig deployDirectory
INFO: Deploying web application directory D:\softwares\apache-tomcat-7.0.42\webapps\ROOT
May 07, 2014 12:38:26 AM org.apache.coyote.AbstractProtocol start
INFO: Starting ProtocolHandler ["http-apr-8080"]
May 07, 2014 12:38:26 AM org.apache.coyote.AbstractProtocol start
INFO: Starting ProtocolHandler ["ajp-apr-8009"]
May 07, 2014 12:38:26 AM org.apache.catalina.startup.Catalina start
INFO: Server startup in 37541 ms
May 07, 2014 12:41:15 AM org.apache.catalina.core.StandardServer await
INFO: A valid shutdown command was received via the shutdown port. Stopping the Server instance.
May 07, 2014 12:41:15 AM org.apache.coyote.AbstractProtocol pause
INFO: Pausing ProtocolHandler ["http-apr-8080"]
May 07, 2014 12:41:16 AM org.apache.coyote.AbstractProtocol pause
INFO: Pausing ProtocolHandler ["ajp-apr-8009"]
May 07, 2014 12:41:16 AM org.apache.catalina.core.StandardService stopInternal
INFO: Stopping service Catalina
May 07, 2014 12:41:16 AM org.apache.catalina.loader.WebappClassLoader clearReferencesThreads
SEVERE: The web application [] appears to have started a thread named [Abandoned connection cleanup thread] but has failed to stop it. This is very likely to create a memory leak.
May 07, 2014 12:41:16 AM org.apache.catalina.loader.WebappClassLoader clearReferencesJdbc
SEVERE: The web application [/remote-healthcare] registered the JDBC driver [com.mysql.jdbc.Driver] but failed to unregister it when the web application was stopped. To prevent a memory leak, the JDBC Driver has been forcibly unregistered.
May 07, 2014 12:41:16 AM org.apache.catalina.loader.WebappClassLoader clearReferencesThreads
SEVERE: The web application [/remote-healthcare] appears to have started a thread named [Timer-0] but has failed to stop it. This is very likely to create a memory leak.
May 07, 2014 12:41:16 AM org.apache.coyote.AbstractProtocol stop
INFO: Stopping ProtocolHandler ["http-apr-8080"]
May 07, 2014 12:41:16 AM org.apache.coyote.AbstractProtocol stop
INFO: Stopping ProtocolHandler ["ajp-apr-8009"]
May 07, 2014 12:41:17 AM org.apache.coyote.AbstractProtocol destroy
INFO: Destroying ProtocolHandler ["http-apr-8080"]
May 07, 2014 12:41:17 AM org.apache.coyote.AbstractProtocol destroy
INFO: Destroying ProtocolHandler ["ajp-apr-8009"]
May 07, 2014 12:42:01 AM org.apache.catalina.core.AprLifecycleListener init
INFO: Loaded APR based Apache Tomcat Native library 1.1.27 using APR version 1.4.6.
May 07, 2014 12:42:01 AM org.apache.catalina.core.AprLifecycleListener init
INFO: APR capabilities: IPv6 [true], sendfile [true], accept filters [false], random [true].
May 07, 2014 12:42:02 AM org.apache.catalina.core.AprLifecycleListener initializeSSL
INFO: OpenSSL successfully initialized (OpenSSL 1.0.1d 5 Feb 2013)
May 07, 2014 12:42:02 AM org.apache.coyote.AbstractProtocol init
INFO: Initializing ProtocolHandler ["http-apr-8080"]
May 07, 2014 12:42:02 AM org.apache.coyote.AbstractProtocol init
INFO: Initializing ProtocolHandler ["ajp-apr-8009"]
May 07, 2014 12:42:02 AM org.apache.catalina.startup.Catalina load
INFO: Initialization processed in 2431 ms
May 07, 2014 12:42:03 AM org.apache.catalina.core.StandardService startInternal
INFO: Starting service Catalina
May 07, 2014 12:42:03 AM org.apache.catalina.core.StandardEngine startInternal
INFO: Starting Servlet Engine: Apache Tomcat/7.0.42
May 07, 2014 12:42:03 AM org.apache.catalina.startup.HostConfig deployWAR
INFO: Deploying web application archive D:\softwares\apache-tomcat-7.0.42\webapps\ApnaAspatal.war
May 07, 2014 12:42:04 AM org.apache.catalina.startup.HostConfig deployWAR
INFO: Deploying web application archive D:\softwares\apache-tomcat-7.0.42\webapps\ApnaAspatalAdmin.war
May 07, 2014 12:42:04 AM org.apache.catalina.startup.HostConfig deployWAR
INFO: Deploying web application archive D:\softwares\apache-tomcat-7.0.42\webapps\ApnaAspatalBoothWebClient.war
May 07, 2014 12:42:05 AM org.apache.catalina.startup.HostConfig deployWAR
INFO: Deploying web application archive D:\softwares\apache-tomcat-7.0.42\webapps\ApnaAspatalDoctorWebClient.war
May 07, 2014 12:42:05 AM org.apache.catalina.startup.HostConfig deployWAR
INFO: Deploying web application archive D:\softwares\apache-tomcat-7.0.42\webapps\remote-healthcare.war
May 07, 2014 12:42:07 AM org.apache.catalina.loader.WebappClassLoader validateJarFile
INFO: validateJarFile(D:\softwares\apache-tomcat-7.0.42\webapps\remote-healthcare\WEB-INF\lib\servlet-api-2.5.jar) - jar not loaded. See Servlet Spec 2.3, section 9.7.2. Offending class: javax/servlet/Servlet.class
May 07, 2014 12:42:36 AM org.apache.catalina.startup.HostConfig deployDirectory
INFO: Deploying web application directory D:\softwares\apache-tomcat-7.0.42\webapps\docs
May 07, 2014 12:42:36 AM org.apache.catalina.startup.HostConfig deployDirectory
INFO: Deploying web application directory D:\softwares\apache-tomcat-7.0.42\webapps\examples
May 07, 2014 12:42:36 AM org.apache.catalina.startup.HostConfig deployDirectory
INFO: Deploying web application directory D:\softwares\apache-tomcat-7.0.42\webapps\host-manager
May 07, 2014 12:42:36 AM org.apache.catalina.startup.HostConfig deployDirectory
INFO: Deploying web application directory D:\softwares\apache-tomcat-7.0.42\webapps\manager
May 07, 2014 12:42:36 AM org.apache.catalina.startup.HostConfig deployDirectory
INFO: Deploying web application directory D:\softwares\apache-tomcat-7.0.42\webapps\ROOT
May 07, 2014 12:42:36 AM org.apache.coyote.AbstractProtocol start
INFO: Starting ProtocolHandler ["http-apr-8080"]
May 07, 2014 12:42:36 AM org.apache.coyote.AbstractProtocol start
INFO: Starting ProtocolHandler ["ajp-apr-8009"]
May 07, 2014 12:42:36 AM org.apache.catalina.startup.Catalina start
INFO: Server startup in 33730 ms
May 07, 2014 12:47:52 AM org.apache.catalina.core.StandardServer await
INFO: A valid shutdown command was received via the shutdown port. Stopping the Server instance.
May 07, 2014 12:47:52 AM org.apache.coyote.AbstractProtocol pause
INFO: Pausing ProtocolHandler ["http-apr-8080"]
May 07, 2014 12:47:52 AM org.apache.coyote.AbstractProtocol pause
INFO: Pausing ProtocolHandler ["ajp-apr-8009"]
May 07, 2014 12:47:52 AM org.apache.catalina.core.StandardService stopInternal
INFO: Stopping service Catalina
May 07, 2014 12:47:52 AM org.apache.catalina.loader.WebappClassLoader clearReferencesThreads
SEVERE: The web application [] appears to have started a thread named [Abandoned connection cleanup thread] but has failed to stop it. This is very likely to create a memory leak.
May 07, 2014 12:47:52 AM org.apache.catalina.loader.WebappClassLoader clearReferencesJdbc
SEVERE: The web application [/remote-healthcare] registered the JDBC driver [com.mysql.jdbc.Driver] but failed to unregister it when the web application was stopped. To prevent a memory leak, the JDBC Driver has been forcibly unregistered.
May 07, 2014 12:47:52 AM org.apache.catalina.loader.WebappClassLoader clearReferencesThreads
SEVERE: The web application [/remote-healthcare] appears to have started a thread named [Timer-0] but has failed to stop it. This is very likely to create a memory leak.
May 07, 2014 12:47:52 AM org.apache.coyote.AbstractProtocol stop
INFO: Stopping ProtocolHandler ["http-apr-8080"]
May 07, 2014 12:47:52 AM org.apache.coyote.AbstractProtocol stop
INFO: Stopping ProtocolHandler ["ajp-apr-8009"]
May 07, 2014 12:47:53 AM org.apache.coyote.AbstractProtocol destroy
INFO: Destroying ProtocolHandler ["http-apr-8080"]
May 07, 2014 12:47:53 AM org.apache.coyote.AbstractProtocol destroy
INFO: Destroying ProtocolHandler ["ajp-apr-8009"]
