Mar 17, 2014 12:10:05 AM org.apache.catalina.core.StandardServer await
INFO: A valid shutdown command was received via the shutdown port. Stopping the Server instance.
Mar 17, 2014 12:10:06 AM org.apache.coyote.AbstractProtocol pause
INFO: Pausing ProtocolHandler ["http-apr-8080"]
Mar 17, 2014 12:10:06 AM org.apache.coyote.AbstractProtocol pause
INFO: Pausing ProtocolHandler ["ajp-apr-8009"]
Mar 17, 2014 12:10:06 AM org.apache.catalina.core.StandardService stopInternal
INFO: Stopping service Catalina
Mar 17, 2014 12:10:06 AM org.apache.catalina.loader.WebappClassLoader clearReferencesThreads
SEVERE: The web application [] appears to have started a thread named [Abandoned connection cleanup thread] but has failed to stop it. This is very likely to create a memory leak.
Mar 17, 2014 12:10:06 AM org.apache.catalina.loader.WebappClassLoader clearReferencesJdbc
SEVERE: The web application [/remote-healthcare] registered the JDBC driver [com.mysql.jdbc.Driver] but failed to unregister it when the web application was stopped. To prevent a memory leak, the JDBC Driver has been forcibly unregistered.
Mar 17, 2014 12:10:06 AM org.apache.catalina.loader.WebappClassLoader clearReferencesThreads
SEVERE: The web application [/remote-healthcare] appears to have started a thread named [Timer-0] but has failed to stop it. This is very likely to create a memory leak.
Mar 17, 2014 12:10:06 AM org.apache.coyote.AbstractProtocol stop
INFO: Stopping ProtocolHandler ["http-apr-8080"]
Mar 17, 2014 12:10:06 AM org.apache.coyote.AbstractProtocol stop
INFO: Stopping ProtocolHandler ["ajp-apr-8009"]
Mar 17, 2014 12:10:06 AM org.apache.coyote.AbstractProtocol destroy
INFO: Destroying ProtocolHandler ["http-apr-8080"]
Mar 17, 2014 12:10:06 AM org.apache.coyote.AbstractProtocol destroy
INFO: Destroying ProtocolHandler ["ajp-apr-8009"]
Mar 17, 2014 12:11:19 AM org.apache.catalina.core.AprLifecycleListener init
INFO: Loaded APR based Apache Tomcat Native library 1.1.27 using APR version 1.4.6.
Mar 17, 2014 12:11:19 AM org.apache.catalina.core.AprLifecycleListener init
INFO: APR capabilities: IPv6 [true], sendfile [true], accept filters [false], random [true].
Mar 17, 2014 12:11:21 AM org.apache.catalina.core.AprLifecycleListener initializeSSL
INFO: OpenSSL successfully initialized (OpenSSL 1.0.1d 5 Feb 2013)
Mar 17, 2014 12:11:21 AM org.apache.coyote.AbstractProtocol init
INFO: Initializing ProtocolHandler ["http-apr-8080"]
Mar 17, 2014 12:11:21 AM org.apache.coyote.AbstractProtocol init
INFO: Initializing ProtocolHandler ["ajp-apr-8009"]
Mar 17, 2014 12:11:21 AM org.apache.catalina.startup.Catalina load
INFO: Initialization processed in 2462 ms
Mar 17, 2014 12:11:21 AM org.apache.catalina.core.StandardService startInternal
INFO: Starting service Catalina
Mar 17, 2014 12:11:21 AM org.apache.catalina.core.StandardEngine startInternal
INFO: Starting Servlet Engine: Apache Tomcat/7.0.42
Mar 17, 2014 12:11:21 AM org.apache.catalina.startup.HostConfig deployWAR
INFO: Deploying web application archive D:\softwares\apache-tomcat-7.0.42\webapps\ApnaAspatalAdmin.war
Mar 17, 2014 12:11:23 AM org.apache.catalina.util.SessionIdGenerator createSecureRandom
INFO: Creation of SecureRandom instance for session ID generation using [SHA1PRNG] took [203] milliseconds.
Mar 17, 2014 12:11:23 AM org.apache.catalina.startup.HostConfig deployWAR
INFO: Deploying web application archive D:\softwares\apache-tomcat-7.0.42\webapps\ApnaAspatalBoothWebClient.war
Mar 17, 2014 12:11:23 AM org.apache.catalina.startup.HostConfig deployWAR
INFO: Deploying web application archive D:\softwares\apache-tomcat-7.0.42\webapps\ApnaAspatalDoctorWebClient.war
Mar 17, 2014 12:11:24 AM org.apache.catalina.startup.HostConfig deployWAR
INFO: Deploying web application archive D:\softwares\apache-tomcat-7.0.42\webapps\remote-healthcare.war
Mar 17, 2014 12:11:27 AM org.apache.catalina.loader.WebappClassLoader validateJarFile
INFO: validateJarFile(D:\softwares\apache-tomcat-7.0.42\webapps\remote-healthcare\WEB-INF\lib\servlet-api-2.5.jar) - jar not loaded. See Servlet Spec 2.3, section 9.7.2. Offending class: javax/servlet/Servlet.class
Mar 17, 2014 12:11:56 AM org.apache.catalina.startup.HostConfig deployDirectory
INFO: Deploying web application directory D:\softwares\apache-tomcat-7.0.42\webapps\docs
Mar 17, 2014 12:11:56 AM org.apache.catalina.startup.HostConfig deployDirectory
INFO: Deploying web application directory D:\softwares\apache-tomcat-7.0.42\webapps\examples
Mar 17, 2014 12:11:56 AM org.apache.catalina.startup.HostConfig deployDirectory
INFO: Deploying web application directory D:\softwares\apache-tomcat-7.0.42\webapps\host-manager
Mar 17, 2014 12:11:56 AM org.apache.catalina.startup.HostConfig deployDirectory
INFO: Deploying web application directory D:\softwares\apache-tomcat-7.0.42\webapps\manager
Mar 17, 2014 12:11:56 AM org.apache.catalina.startup.HostConfig deployDirectory
INFO: Deploying web application directory D:\softwares\apache-tomcat-7.0.42\webapps\ROOT
Mar 17, 2014 12:11:56 AM org.apache.coyote.AbstractProtocol start
INFO: Starting ProtocolHandler ["http-apr-8080"]
Mar 17, 2014 12:11:56 AM org.apache.coyote.AbstractProtocol start
INFO: Starting ProtocolHandler ["ajp-apr-8009"]
Mar 17, 2014 12:11:56 AM org.apache.catalina.startup.Catalina start
INFO: Server startup in 34910 ms
Mar 17, 2014 12:15:49 AM org.apache.catalina.core.StandardServer await
INFO: A valid shutdown command was received via the shutdown port. Stopping the Server instance.
Mar 17, 2014 12:15:49 AM org.apache.coyote.AbstractProtocol pause
INFO: Pausing ProtocolHandler ["http-apr-8080"]
Mar 17, 2014 12:15:49 AM org.apache.coyote.AbstractProtocol pause
INFO: Pausing ProtocolHandler ["ajp-apr-8009"]
Mar 17, 2014 12:15:49 AM org.apache.catalina.core.StandardService stopInternal
INFO: Stopping service Catalina
Mar 17, 2014 12:15:49 AM org.apache.catalina.loader.WebappClassLoader clearReferencesThreads
SEVERE: The web application [] appears to have started a thread named [Abandoned connection cleanup thread] but has failed to stop it. This is very likely to create a memory leak.
Mar 17, 2014 12:15:50 AM org.apache.catalina.loader.WebappClassLoader clearReferencesJdbc
SEVERE: The web application [/remote-healthcare] registered the JDBC driver [com.mysql.jdbc.Driver] but failed to unregister it when the web application was stopped. To prevent a memory leak, the JDBC Driver has been forcibly unregistered.
Mar 17, 2014 12:15:50 AM org.apache.catalina.loader.WebappClassLoader clearReferencesThreads
SEVERE: The web application [/remote-healthcare] appears to have started a thread named [Xmemcached-Reactor-2] but has failed to stop it. This is very likely to create a memory leak.
Mar 17, 2014 12:15:50 AM org.apache.catalina.loader.WebappClassLoader clearReferencesThreads
SEVERE: The web application [/remote-healthcare] appears to have started a thread named [Heal-Session-Thread] but has failed to stop it. This is very likely to create a memory leak.
Mar 17, 2014 12:15:50 AM org.apache.catalina.loader.WebappClassLoader clearReferencesThreads
SEVERE: The web application [/remote-healthcare] appears to have started a thread named [Timer-0] but has failed to stop it. This is very likely to create a memory leak.
Mar 17, 2014 12:15:50 AM org.apache.catalina.loader.WebappClassLoader clearReferencesThreads
SEVERE: The web application [/remote-healthcare] appears to have started a thread named [Xmemcached-Reactor-1] but has failed to stop it. This is very likely to create a memory leak.
Mar 17, 2014 12:15:50 AM org.apache.coyote.AbstractProtocol stop
INFO: Stopping ProtocolHandler ["http-apr-8080"]
Mar 17, 2014 12:15:50 AM org.apache.coyote.AbstractProtocol stop
INFO: Stopping ProtocolHandler ["ajp-apr-8009"]
Mar 17, 2014 12:15:50 AM org.apache.coyote.AbstractProtocol destroy
INFO: Destroying ProtocolHandler ["http-apr-8080"]
Mar 17, 2014 12:15:50 AM org.apache.coyote.AbstractProtocol destroy
INFO: Destroying ProtocolHandler ["ajp-apr-8009"]
Mar 17, 2014 12:16:39 AM org.apache.catalina.core.AprLifecycleListener init
INFO: Loaded APR based Apache Tomcat Native library 1.1.27 using APR version 1.4.6.
Mar 17, 2014 12:16:39 AM org.apache.catalina.core.AprLifecycleListener init
INFO: APR capabilities: IPv6 [true], sendfile [true], accept filters [false], random [true].
Mar 17, 2014 12:16:41 AM org.apache.catalina.core.AprLifecycleListener initializeSSL
INFO: OpenSSL successfully initialized (OpenSSL 1.0.1d 5 Feb 2013)
Mar 17, 2014 12:16:41 AM org.apache.coyote.AbstractProtocol init
INFO: Initializing ProtocolHandler ["http-apr-8080"]
Mar 17, 2014 12:16:41 AM org.apache.coyote.AbstractProtocol init
INFO: Initializing ProtocolHandler ["ajp-apr-8009"]
Mar 17, 2014 12:16:41 AM org.apache.catalina.startup.Catalina load
INFO: Initialization processed in 2077 ms
Mar 17, 2014 12:16:41 AM org.apache.catalina.core.StandardService startInternal
INFO: Starting service Catalina
Mar 17, 2014 12:16:41 AM org.apache.catalina.core.StandardEngine startInternal
INFO: Starting Servlet Engine: Apache Tomcat/7.0.42
Mar 17, 2014 12:16:41 AM org.apache.catalina.startup.HostConfig deployWAR
INFO: Deploying web application archive D:\softwares\apache-tomcat-7.0.42\webapps\ApnaAspatalAdmin.war
Mar 17, 2014 12:16:42 AM org.apache.catalina.startup.HostConfig deployWAR
INFO: Deploying web application archive D:\softwares\apache-tomcat-7.0.42\webapps\ApnaAspatalBoothWebClient.war
Mar 17, 2014 12:16:43 AM org.apache.catalina.startup.HostConfig deployWAR
INFO: Deploying web application archive D:\softwares\apache-tomcat-7.0.42\webapps\ApnaAspatalDoctorWebClient.war
Mar 17, 2014 12:16:43 AM org.apache.catalina.startup.HostConfig deployWAR
INFO: Deploying web application archive D:\softwares\apache-tomcat-7.0.42\webapps\remote-healthcare.war
Mar 17, 2014 12:16:45 AM org.apache.catalina.loader.WebappClassLoader validateJarFile
INFO: validateJarFile(D:\softwares\apache-tomcat-7.0.42\webapps\remote-healthcare\WEB-INF\lib\servlet-api-2.5.jar) - jar not loaded. See Servlet Spec 2.3, section 9.7.2. Offending class: javax/servlet/Servlet.class
Mar 17, 2014 12:17:08 AM org.apache.catalina.startup.HostConfig deployDirectory
INFO: Deploying web application directory D:\softwares\apache-tomcat-7.0.42\webapps\docs
Mar 17, 2014 12:17:08 AM org.apache.catalina.startup.HostConfig deployDirectory
INFO: Deploying web application directory D:\softwares\apache-tomcat-7.0.42\webapps\examples
Mar 17, 2014 12:17:08 AM org.apache.catalina.startup.HostConfig deployDirectory
INFO: Deploying web application directory D:\softwares\apache-tomcat-7.0.42\webapps\host-manager
Mar 17, 2014 12:17:08 AM org.apache.catalina.startup.HostConfig deployDirectory
INFO: Deploying web application directory D:\softwares\apache-tomcat-7.0.42\webapps\manager
Mar 17, 2014 12:17:08 AM org.apache.catalina.startup.HostConfig deployDirectory
INFO: Deploying web application directory D:\softwares\apache-tomcat-7.0.42\webapps\ROOT
Mar 17, 2014 12:17:08 AM org.apache.coyote.AbstractProtocol start
INFO: Starting ProtocolHandler ["http-apr-8080"]
Mar 17, 2014 12:17:09 AM org.apache.coyote.AbstractProtocol start
INFO: Starting ProtocolHandler ["ajp-apr-8009"]
Mar 17, 2014 12:17:09 AM org.apache.catalina.startup.Catalina start
INFO: Server startup in 27619 ms
Mar 17, 2014 12:23:42 AM org.apache.catalina.core.StandardServer await
INFO: A valid shutdown command was received via the shutdown port. Stopping the Server instance.
Mar 17, 2014 12:23:42 AM org.apache.coyote.AbstractProtocol pause
INFO: Pausing ProtocolHandler ["http-apr-8080"]
Mar 17, 2014 12:23:42 AM org.apache.coyote.AbstractProtocol pause
INFO: Pausing ProtocolHandler ["ajp-apr-8009"]
Mar 17, 2014 12:23:42 AM org.apache.catalina.core.StandardService stopInternal
INFO: Stopping service Catalina
Mar 17, 2014 12:23:42 AM org.apache.catalina.loader.WebappClassLoader clearReferencesThreads
SEVERE: The web application [] appears to have started a thread named [Abandoned connection cleanup thread] but has failed to stop it. This is very likely to create a memory leak.
Mar 17, 2014 12:23:42 AM org.apache.catalina.loader.WebappClassLoader clearReferencesJdbc
SEVERE: The web application [/remote-healthcare] registered the JDBC driver [com.mysql.jdbc.Driver] but failed to unregister it when the web application was stopped. To prevent a memory leak, the JDBC Driver has been forcibly unregistered.
Mar 17, 2014 12:23:42 AM org.apache.catalina.loader.WebappClassLoader clearReferencesThreads
SEVERE: The web application [/remote-healthcare] appears to have started a thread named [Timer-0] but has failed to stop it. This is very likely to create a memory leak.
Mar 17, 2014 12:23:42 AM org.apache.coyote.AbstractProtocol stop
INFO: Stopping ProtocolHandler ["http-apr-8080"]
Mar 17, 2014 12:23:42 AM org.apache.coyote.AbstractProtocol stop
INFO: Stopping ProtocolHandler ["ajp-apr-8009"]
Mar 17, 2014 12:23:42 AM org.apache.coyote.AbstractProtocol destroy
INFO: Destroying ProtocolHandler ["http-apr-8080"]
Mar 17, 2014 12:23:42 AM org.apache.coyote.AbstractProtocol destroy
INFO: Destroying ProtocolHandler ["ajp-apr-8009"]
Mar 17, 2014 12:24:40 AM org.apache.catalina.core.AprLifecycleListener init
INFO: Loaded APR based Apache Tomcat Native library 1.1.27 using APR version 1.4.6.
Mar 17, 2014 12:24:40 AM org.apache.catalina.core.AprLifecycleListener init
INFO: APR capabilities: IPv6 [true], sendfile [true], accept filters [false], random [true].
Mar 17, 2014 12:24:42 AM org.apache.catalina.core.AprLifecycleListener initializeSSL
INFO: OpenSSL successfully initialized (OpenSSL 1.0.1d 5 Feb 2013)
Mar 17, 2014 12:24:42 AM org.apache.coyote.AbstractProtocol init
INFO: Initializing ProtocolHandler ["http-apr-8080"]
Mar 17, 2014 12:24:42 AM org.apache.coyote.AbstractProtocol init
INFO: Initializing ProtocolHandler ["ajp-apr-8009"]
Mar 17, 2014 12:24:42 AM org.apache.catalina.startup.Catalina load
INFO: Initialization processed in 2373 ms
Mar 17, 2014 12:24:42 AM org.apache.catalina.core.StandardService startInternal
INFO: Starting service Catalina
Mar 17, 2014 12:24:42 AM org.apache.catalina.core.StandardEngine startInternal
INFO: Starting Servlet Engine: Apache Tomcat/7.0.42
Mar 17, 2014 12:24:42 AM org.apache.catalina.startup.HostConfig deployWAR
INFO: Deploying web application archive D:\softwares\apache-tomcat-7.0.42\webapps\ApnaAspatalAdmin.war
Mar 17, 2014 12:24:43 AM org.apache.catalina.startup.HostConfig deployWAR
INFO: Deploying web application archive D:\softwares\apache-tomcat-7.0.42\webapps\ApnaAspatalBoothWebClient.war
Mar 17, 2014 12:24:44 AM org.apache.catalina.startup.HostConfig deployWAR
INFO: Deploying web application archive D:\softwares\apache-tomcat-7.0.42\webapps\ApnaAspatalDoctorWebClient.war
Mar 17, 2014 12:24:44 AM org.apache.catalina.startup.HostConfig deployWAR
INFO: Deploying web application archive D:\softwares\apache-tomcat-7.0.42\webapps\remote-healthcare.war
Mar 17, 2014 12:24:46 AM org.apache.catalina.loader.WebappClassLoader validateJarFile
INFO: validateJarFile(D:\softwares\apache-tomcat-7.0.42\webapps\remote-healthcare\WEB-INF\lib\servlet-api-2.5.jar) - jar not loaded. See Servlet Spec 2.3, section 9.7.2. Offending class: javax/servlet/Servlet.class
Mar 17, 2014 12:25:15 AM org.apache.catalina.startup.HostConfig deployDirectory
INFO: Deploying web application directory D:\softwares\apache-tomcat-7.0.42\webapps\docs
Mar 17, 2014 12:25:15 AM org.apache.catalina.startup.HostConfig deployDirectory
INFO: Deploying web application directory D:\softwares\apache-tomcat-7.0.42\webapps\examples
Mar 17, 2014 12:25:15 AM org.apache.catalina.startup.HostConfig deployDirectory
INFO: Deploying web application directory D:\softwares\apache-tomcat-7.0.42\webapps\host-manager
Mar 17, 2014 12:25:15 AM org.apache.catalina.startup.HostConfig deployDirectory
INFO: Deploying web application directory D:\softwares\apache-tomcat-7.0.42\webapps\manager
Mar 17, 2014 12:25:15 AM org.apache.catalina.startup.HostConfig deployDirectory
INFO: Deploying web application directory D:\softwares\apache-tomcat-7.0.42\webapps\ROOT
Mar 17, 2014 12:25:15 AM org.apache.coyote.AbstractProtocol start
INFO: Starting ProtocolHandler ["http-apr-8080"]
Mar 17, 2014 12:25:15 AM org.apache.coyote.AbstractProtocol start
INFO: Starting ProtocolHandler ["ajp-apr-8009"]
Mar 17, 2014 12:25:15 AM org.apache.catalina.startup.Catalina start
INFO: Server startup in 33151 ms
Mar 17, 2014 12:33:29 AM org.apache.catalina.core.StandardServer await
INFO: A valid shutdown command was received via the shutdown port. Stopping the Server instance.
Mar 17, 2014 12:33:29 AM org.apache.coyote.AbstractProtocol pause
INFO: Pausing ProtocolHandler ["http-apr-8080"]
Mar 17, 2014 12:33:29 AM org.apache.coyote.AbstractProtocol pause
INFO: Pausing ProtocolHandler ["ajp-apr-8009"]
Mar 17, 2014 12:33:30 AM org.apache.catalina.core.StandardService stopInternal
INFO: Stopping service Catalina
Mar 17, 2014 12:33:31 AM org.apache.catalina.loader.WebappClassLoader clearReferencesThreads
SEVERE: The web application [] appears to have started a thread named [Abandoned connection cleanup thread] but has failed to stop it. This is very likely to create a memory leak.
Mar 17, 2014 12:33:42 AM org.apache.catalina.loader.WebappClassLoader clearReferencesJdbc
SEVERE: The web application [/remote-healthcare] registered the JDBC driver [com.mysql.jdbc.Driver] but failed to unregister it when the web application was stopped. To prevent a memory leak, the JDBC Driver has been forcibly unregistered.
Mar 17, 2014 12:33:42 AM org.apache.catalina.loader.WebappClassLoader clearReferencesThreads
SEVERE: The web application [/remote-healthcare] appears to have started a thread named [Timer-0] but has failed to stop it. This is very likely to create a memory leak.
Mar 17, 2014 12:33:42 AM org.apache.coyote.AbstractProtocol stop
INFO: Stopping ProtocolHandler ["http-apr-8080"]
Mar 17, 2014 12:33:42 AM org.apache.coyote.AbstractProtocol stop
INFO: Stopping ProtocolHandler ["ajp-apr-8009"]
Mar 17, 2014 12:33:42 AM org.apache.coyote.AbstractProtocol destroy
INFO: Destroying ProtocolHandler ["http-apr-8080"]
Mar 17, 2014 12:33:42 AM org.apache.coyote.AbstractProtocol destroy
INFO: Destroying ProtocolHandler ["ajp-apr-8009"]
Mar 17, 2014 12:34:06 AM org.apache.catalina.core.AprLifecycleListener init
INFO: Loaded APR based Apache Tomcat Native library 1.1.27 using APR version 1.4.6.
Mar 17, 2014 12:34:06 AM org.apache.catalina.core.AprLifecycleListener init
INFO: APR capabilities: IPv6 [true], sendfile [true], accept filters [false], random [true].
Mar 17, 2014 12:34:07 AM org.apache.catalina.core.AprLifecycleListener initializeSSL
INFO: OpenSSL successfully initialized (OpenSSL 1.0.1d 5 Feb 2013)
Mar 17, 2014 12:34:08 AM org.apache.coyote.AbstractProtocol init
INFO: Initializing ProtocolHandler ["http-apr-8080"]
Mar 17, 2014 12:34:08 AM org.apache.coyote.AbstractProtocol init
INFO: Initializing ProtocolHandler ["ajp-apr-8009"]
Mar 17, 2014 12:34:08 AM org.apache.catalina.startup.Catalina load
INFO: Initialization processed in 2258 ms
Mar 17, 2014 12:34:08 AM org.apache.catalina.core.StandardService startInternal
INFO: Starting service Catalina
Mar 17, 2014 12:34:08 AM org.apache.catalina.core.StandardEngine startInternal
INFO: Starting Servlet Engine: Apache Tomcat/7.0.42
Mar 17, 2014 12:34:08 AM org.apache.catalina.startup.HostConfig deployWAR
INFO: Deploying web application archive D:\softwares\apache-tomcat-7.0.42\webapps\ApnaAspatalAdmin.war
Mar 17, 2014 12:34:09 AM org.apache.catalina.startup.HostConfig deployWAR
INFO: Deploying web application archive D:\softwares\apache-tomcat-7.0.42\webapps\ApnaAspatalBoothWebClient.war
Mar 17, 2014 12:34:09 AM org.apache.catalina.startup.HostConfig deployWAR
INFO: Deploying web application archive D:\softwares\apache-tomcat-7.0.42\webapps\ApnaAspatalDoctorWebClient.war
Mar 17, 2014 12:34:10 AM org.apache.catalina.startup.HostConfig deployWAR
INFO: Deploying web application archive D:\softwares\apache-tomcat-7.0.42\webapps\remote-healthcare.war
Mar 17, 2014 12:34:12 AM org.apache.catalina.loader.WebappClassLoader validateJarFile
INFO: validateJarFile(D:\softwares\apache-tomcat-7.0.42\webapps\remote-healthcare\WEB-INF\lib\servlet-api-2.5.jar) - jar not loaded. See Servlet Spec 2.3, section 9.7.2. Offending class: javax/servlet/Servlet.class
Mar 17, 2014 12:34:34 AM org.apache.catalina.startup.HostConfig deployDirectory
INFO: Deploying web application directory D:\softwares\apache-tomcat-7.0.42\webapps\docs
Mar 17, 2014 12:34:34 AM org.apache.catalina.startup.HostConfig deployDirectory
INFO: Deploying web application directory D:\softwares\apache-tomcat-7.0.42\webapps\examples
Mar 17, 2014 12:34:34 AM org.apache.catalina.startup.HostConfig deployDirectory
INFO: Deploying web application directory D:\softwares\apache-tomcat-7.0.42\webapps\host-manager
Mar 17, 2014 12:34:34 AM org.apache.catalina.startup.HostConfig deployDirectory
INFO: Deploying web application directory D:\softwares\apache-tomcat-7.0.42\webapps\manager
Mar 17, 2014 12:34:34 AM org.apache.catalina.startup.HostConfig deployDirectory
INFO: Deploying web application directory D:\softwares\apache-tomcat-7.0.42\webapps\ROOT
Mar 17, 2014 12:34:34 AM org.apache.coyote.AbstractProtocol start
INFO: Starting ProtocolHandler ["http-apr-8080"]
Mar 17, 2014 12:34:34 AM org.apache.coyote.AbstractProtocol start
INFO: Starting ProtocolHandler ["ajp-apr-8009"]
Mar 17, 2014 12:34:34 AM org.apache.catalina.startup.Catalina start
INFO: Server startup in 26714 ms
Mar 17, 2014 12:48:03 AM org.apache.catalina.core.StandardServer await
INFO: A valid shutdown command was received via the shutdown port. Stopping the Server instance.
Mar 17, 2014 12:48:03 AM org.apache.coyote.AbstractProtocol pause
INFO: Pausing ProtocolHandler ["http-apr-8080"]
Mar 17, 2014 12:48:03 AM org.apache.coyote.AbstractProtocol pause
INFO: Pausing ProtocolHandler ["ajp-apr-8009"]
Mar 17, 2014 12:48:03 AM org.apache.catalina.core.StandardService stopInternal
INFO: Stopping service Catalina
Mar 17, 2014 12:48:03 AM org.apache.catalina.loader.WebappClassLoader clearReferencesThreads
SEVERE: The web application [] appears to have started a thread named [Abandoned connection cleanup thread] but has failed to stop it. This is very likely to create a memory leak.
Mar 17, 2014 12:48:11 AM org.apache.catalina.loader.WebappClassLoader clearReferencesJdbc
SEVERE: The web application [/remote-healthcare] registered the JDBC driver [com.mysql.jdbc.Driver] but failed to unregister it when the web application was stopped. To prevent a memory leak, the JDBC Driver has been forcibly unregistered.
Mar 17, 2014 12:48:11 AM org.apache.catalina.loader.WebappClassLoader clearReferencesThreads
SEVERE: The web application [/remote-healthcare] appears to have started a thread named [Timer-0] but has failed to stop it. This is very likely to create a memory leak.
Mar 17, 2014 12:48:11 AM org.apache.coyote.AbstractProtocol stop
INFO: Stopping ProtocolHandler ["http-apr-8080"]
Mar 17, 2014 12:48:11 AM org.apache.coyote.AbstractProtocol stop
INFO: Stopping ProtocolHandler ["ajp-apr-8009"]
Mar 17, 2014 12:48:12 AM org.apache.coyote.AbstractProtocol destroy
INFO: Destroying ProtocolHandler ["http-apr-8080"]
Mar 17, 2014 12:48:12 AM org.apache.coyote.AbstractProtocol destroy
INFO: Destroying ProtocolHandler ["ajp-apr-8009"]
Mar 17, 2014 12:49:16 AM org.apache.catalina.core.AprLifecycleListener init
INFO: Loaded APR based Apache Tomcat Native library 1.1.27 using APR version 1.4.6.
Mar 17, 2014 12:49:17 AM org.apache.catalina.core.AprLifecycleListener init
INFO: APR capabilities: IPv6 [true], sendfile [true], accept filters [false], random [true].
Mar 17, 2014 12:49:18 AM org.apache.catalina.core.AprLifecycleListener initializeSSL
INFO: OpenSSL successfully initialized (OpenSSL 1.0.1d 5 Feb 2013)
Mar 17, 2014 12:49:18 AM org.apache.coyote.AbstractProtocol init
INFO: Initializing ProtocolHandler ["http-apr-8080"]
Mar 17, 2014 12:49:18 AM org.apache.coyote.AbstractProtocol init
INFO: Initializing ProtocolHandler ["ajp-apr-8009"]
Mar 17, 2014 12:49:18 AM org.apache.catalina.startup.Catalina load
INFO: Initialization processed in 2535 ms
Mar 17, 2014 12:49:19 AM org.apache.catalina.core.StandardService startInternal
INFO: Starting service Catalina
Mar 17, 2014 12:49:19 AM org.apache.catalina.core.StandardEngine startInternal
INFO: Starting Servlet Engine: Apache Tomcat/7.0.42
Mar 17, 2014 12:49:19 AM org.apache.catalina.startup.HostConfig deployWAR
INFO: Deploying web application archive D:\softwares\apache-tomcat-7.0.42\webapps\ApnaAspatalAdmin.war
Mar 17, 2014 12:49:20 AM org.apache.catalina.startup.HostConfig deployWAR
INFO: Deploying web application archive D:\softwares\apache-tomcat-7.0.42\webapps\ApnaAspatalBoothWebClient.war
Mar 17, 2014 12:49:20 AM org.apache.catalina.startup.HostConfig deployWAR
INFO: Deploying web application archive D:\softwares\apache-tomcat-7.0.42\webapps\ApnaAspatalDoctorWebClient.war
Mar 17, 2014 12:49:21 AM org.apache.catalina.startup.HostConfig deployWAR
INFO: Deploying web application archive D:\softwares\apache-tomcat-7.0.42\webapps\remote-healthcare.war
Mar 17, 2014 12:49:25 AM org.apache.catalina.loader.WebappClassLoader validateJarFile
INFO: validateJarFile(D:\softwares\apache-tomcat-7.0.42\webapps\remote-healthcare\WEB-INF\lib\servlet-api-2.5.jar) - jar not loaded. See Servlet Spec 2.3, section 9.7.2. Offending class: javax/servlet/Servlet.class
Mar 17, 2014 12:50:00 AM org.apache.catalina.startup.HostConfig deployDirectory
INFO: Deploying web application directory D:\softwares\apache-tomcat-7.0.42\webapps\docs
Mar 17, 2014 12:50:00 AM org.apache.catalina.startup.HostConfig deployDirectory
INFO: Deploying web application directory D:\softwares\apache-tomcat-7.0.42\webapps\examples
Mar 17, 2014 12:50:00 AM org.apache.catalina.startup.HostConfig deployDirectory
INFO: Deploying web application directory D:\softwares\apache-tomcat-7.0.42\webapps\host-manager
Mar 17, 2014 12:50:00 AM org.apache.catalina.startup.HostConfig deployDirectory
INFO: Deploying web application directory D:\softwares\apache-tomcat-7.0.42\webapps\manager
Mar 17, 2014 12:50:00 AM org.apache.catalina.startup.HostConfig deployDirectory
INFO: Deploying web application directory D:\softwares\apache-tomcat-7.0.42\webapps\ROOT
Mar 17, 2014 12:50:00 AM org.apache.coyote.AbstractProtocol start
INFO: Starting ProtocolHandler ["http-apr-8080"]
Mar 17, 2014 12:50:00 AM org.apache.coyote.AbstractProtocol start
INFO: Starting ProtocolHandler ["ajp-apr-8009"]
Mar 17, 2014 12:50:00 AM org.apache.catalina.startup.Catalina start
INFO: Server startup in 41862 ms
Mar 17, 2014 12:58:11 AM org.apache.catalina.core.StandardServer await
INFO: A valid shutdown command was received via the shutdown port. Stopping the Server instance.
Mar 17, 2014 12:58:11 AM org.apache.coyote.AbstractProtocol pause
INFO: Pausing ProtocolHandler ["http-apr-8080"]
Mar 17, 2014 12:58:11 AM org.apache.coyote.AbstractProtocol pause
INFO: Pausing ProtocolHandler ["ajp-apr-8009"]
Mar 17, 2014 12:58:11 AM org.apache.catalina.core.StandardService stopInternal
INFO: Stopping service Catalina
Mar 17, 2014 12:58:11 AM org.apache.catalina.loader.WebappClassLoader clearReferencesThreads
SEVERE: The web application [] appears to have started a thread named [Abandoned connection cleanup thread] but has failed to stop it. This is very likely to create a memory leak.
Mar 17, 2014 12:58:12 AM org.apache.catalina.loader.WebappClassLoader clearReferencesJdbc
SEVERE: The web application [/remote-healthcare] registered the JDBC driver [com.mysql.jdbc.Driver] but failed to unregister it when the web application was stopped. To prevent a memory leak, the JDBC Driver has been forcibly unregistered.
Mar 17, 2014 12:58:12 AM org.apache.catalina.loader.WebappClassLoader clearReferencesThreads
SEVERE: The web application [/remote-healthcare] appears to have started a thread named [Timer-0] but has failed to stop it. This is very likely to create a memory leak.
Mar 17, 2014 12:58:12 AM org.apache.coyote.AbstractProtocol stop
INFO: Stopping ProtocolHandler ["http-apr-8080"]
Mar 17, 2014 12:58:12 AM org.apache.coyote.AbstractProtocol stop
INFO: Stopping ProtocolHandler ["ajp-apr-8009"]
Mar 17, 2014 12:58:12 AM org.apache.coyote.AbstractProtocol destroy
INFO: Destroying ProtocolHandler ["http-apr-8080"]
Mar 17, 2014 12:58:12 AM org.apache.coyote.AbstractProtocol destroy
INFO: Destroying ProtocolHandler ["ajp-apr-8009"]
Mar 17, 2014 12:59:50 AM org.apache.catalina.core.AprLifecycleListener init
INFO: Loaded APR based Apache Tomcat Native library 1.1.27 using APR version 1.4.6.
Mar 17, 2014 12:59:50 AM org.apache.catalina.core.AprLifecycleListener init
INFO: APR capabilities: IPv6 [true], sendfile [true], accept filters [false], random [true].
Mar 17, 2014 12:59:52 AM org.apache.catalina.core.AprLifecycleListener initializeSSL
INFO: OpenSSL successfully initialized (OpenSSL 1.0.1d 5 Feb 2013)
Mar 17, 2014 12:59:52 AM org.apache.coyote.AbstractProtocol init
INFO: Initializing ProtocolHandler ["http-apr-8080"]
Mar 17, 2014 12:59:52 AM org.apache.coyote.AbstractProtocol init
INFO: Initializing ProtocolHandler ["ajp-apr-8009"]
Mar 17, 2014 12:59:52 AM org.apache.catalina.startup.Catalina load
INFO: Initialization processed in 3173 ms
Mar 17, 2014 12:59:52 AM org.apache.catalina.core.StandardService startInternal
INFO: Starting service Catalina
Mar 17, 2014 12:59:52 AM org.apache.catalina.core.StandardEngine startInternal
INFO: Starting Servlet Engine: Apache Tomcat/7.0.42
Mar 17, 2014 12:59:53 AM org.apache.catalina.startup.HostConfig deployWAR
INFO: Deploying web application archive D:\softwares\apache-tomcat-7.0.42\webapps\ApnaAspatalAdmin.war
Mar 17, 2014 12:59:54 AM org.apache.catalina.util.SessionIdGenerator createSecureRandom
INFO: Creation of SecureRandom instance for session ID generation using [SHA1PRNG] took [181] milliseconds.
Mar 17, 2014 12:59:54 AM org.apache.catalina.startup.HostConfig deployWAR
INFO: Deploying web application archive D:\softwares\apache-tomcat-7.0.42\webapps\ApnaAspatalBoothWebClient.war
Mar 17, 2014 12:59:54 AM org.apache.catalina.startup.HostConfig deployWAR
INFO: Deploying web application archive D:\softwares\apache-tomcat-7.0.42\webapps\ApnaAspatalDoctorWebClient.war
Mar 17, 2014 12:59:55 AM org.apache.catalina.startup.HostConfig deployWAR
INFO: Deploying web application archive D:\softwares\apache-tomcat-7.0.42\webapps\remote-healthcare.war
Mar 17, 2014 1:00:10 AM org.apache.catalina.loader.WebappClassLoader validateJarFile
INFO: validateJarFile(D:\softwares\apache-tomcat-7.0.42\webapps\remote-healthcare\WEB-INF\lib\servlet-api-2.5.jar) - jar not loaded. See Servlet Spec 2.3, section 9.7.2. Offending class: javax/servlet/Servlet.class
Mar 17, 2014 1:00:36 AM org.apache.catalina.startup.HostConfig deployDirectory
INFO: Deploying web application directory D:\softwares\apache-tomcat-7.0.42\webapps\docs
Mar 17, 2014 1:00:36 AM org.apache.catalina.startup.HostConfig deployDirectory
INFO: Deploying web application directory D:\softwares\apache-tomcat-7.0.42\webapps\examples
Mar 17, 2014 1:00:37 AM org.apache.catalina.startup.HostConfig deployDirectory
INFO: Deploying web application directory D:\softwares\apache-tomcat-7.0.42\webapps\host-manager
Mar 17, 2014 1:00:37 AM org.apache.catalina.startup.HostConfig deployDirectory
INFO: Deploying web application directory D:\softwares\apache-tomcat-7.0.42\webapps\manager
Mar 17, 2014 1:00:37 AM org.apache.catalina.startup.HostConfig deployDirectory
INFO: Deploying web application directory D:\softwares\apache-tomcat-7.0.42\webapps\ROOT
Mar 17, 2014 1:00:37 AM org.apache.coyote.AbstractProtocol start
INFO: Starting ProtocolHandler ["http-apr-8080"]
Mar 17, 2014 1:00:37 AM org.apache.coyote.AbstractProtocol start
INFO: Starting ProtocolHandler ["ajp-apr-8009"]
Mar 17, 2014 1:00:37 AM org.apache.catalina.startup.Catalina start
INFO: Server startup in 44694 ms
Mar 17, 2014 1:09:55 AM org.apache.catalina.core.StandardServer await
INFO: A valid shutdown command was received via the shutdown port. Stopping the Server instance.
Mar 17, 2014 1:09:55 AM org.apache.coyote.AbstractProtocol pause
INFO: Pausing ProtocolHandler ["http-apr-8080"]
Mar 17, 2014 1:09:55 AM org.apache.coyote.AbstractProtocol pause
INFO: Pausing ProtocolHandler ["ajp-apr-8009"]
Mar 17, 2014 1:09:55 AM org.apache.catalina.core.StandardService stopInternal
INFO: Stopping service Catalina
Mar 17, 2014 1:09:55 AM org.apache.catalina.loader.WebappClassLoader clearReferencesThreads
SEVERE: The web application [] appears to have started a thread named [Abandoned connection cleanup thread] but has failed to stop it. This is very likely to create a memory leak.
Mar 17, 2014 1:09:56 AM org.apache.catalina.loader.WebappClassLoader clearReferencesJdbc
SEVERE: The web application [/remote-healthcare] registered the JDBC driver [com.mysql.jdbc.Driver] but failed to unregister it when the web application was stopped. To prevent a memory leak, the JDBC Driver has been forcibly unregistered.
Mar 17, 2014 1:09:56 AM org.apache.catalina.loader.WebappClassLoader clearReferencesThreads
SEVERE: The web application [/remote-healthcare] appears to have started a thread named [Timer-0] but has failed to stop it. This is very likely to create a memory leak.
Mar 17, 2014 1:09:56 AM org.apache.coyote.AbstractProtocol stop
INFO: Stopping ProtocolHandler ["http-apr-8080"]
Mar 17, 2014 1:09:56 AM org.apache.coyote.AbstractProtocol stop
INFO: Stopping ProtocolHandler ["ajp-apr-8009"]
Mar 17, 2014 1:09:56 AM org.apache.coyote.AbstractProtocol destroy
INFO: Destroying ProtocolHandler ["http-apr-8080"]
Mar 17, 2014 1:09:56 AM org.apache.coyote.AbstractProtocol destroy
INFO: Destroying ProtocolHandler ["ajp-apr-8009"]
Mar 17, 2014 1:11:13 AM org.apache.catalina.core.AprLifecycleListener init
INFO: Loaded APR based Apache Tomcat Native library 1.1.27 using APR version 1.4.6.
Mar 17, 2014 1:11:13 AM org.apache.catalina.core.AprLifecycleListener init
INFO: APR capabilities: IPv6 [true], sendfile [true], accept filters [false], random [true].
Mar 17, 2014 1:11:14 AM org.apache.catalina.core.AprLifecycleListener initializeSSL
INFO: OpenSSL successfully initialized (OpenSSL 1.0.1d 5 Feb 2013)
Mar 17, 2014 1:11:15 AM org.apache.coyote.AbstractProtocol init
INFO: Initializing ProtocolHandler ["http-apr-8080"]
Mar 17, 2014 1:11:15 AM org.apache.coyote.AbstractProtocol init
INFO: Initializing ProtocolHandler ["ajp-apr-8009"]
Mar 17, 2014 1:11:15 AM org.apache.catalina.startup.Catalina load
INFO: Initialization processed in 2537 ms
Mar 17, 2014 1:11:15 AM org.apache.catalina.core.StandardService startInternal
INFO: Starting service Catalina
Mar 17, 2014 1:11:15 AM org.apache.catalina.core.StandardEngine startInternal
INFO: Starting Servlet Engine: Apache Tomcat/7.0.42
Mar 17, 2014 1:11:15 AM org.apache.catalina.startup.HostConfig deployWAR
INFO: Deploying web application archive D:\softwares\apache-tomcat-7.0.42\webapps\ApnaAspatalAdmin.war
Mar 17, 2014 1:11:16 AM org.apache.catalina.startup.HostConfig deployWAR
INFO: Deploying web application archive D:\softwares\apache-tomcat-7.0.42\webapps\ApnaAspatalBoothWebClient.war
Mar 17, 2014 1:11:16 AM org.apache.catalina.startup.HostConfig deployWAR
INFO: Deploying web application archive D:\softwares\apache-tomcat-7.0.42\webapps\ApnaAspatalDoctorWebClient.war
Mar 17, 2014 1:11:17 AM org.apache.catalina.startup.HostConfig deployWAR
INFO: Deploying web application archive D:\softwares\apache-tomcat-7.0.42\webapps\remote-healthcare.war
Mar 17, 2014 1:11:25 AM org.apache.catalina.loader.WebappClassLoader validateJarFile
INFO: validateJarFile(D:\softwares\apache-tomcat-7.0.42\webapps\remote-healthcare\WEB-INF\lib\servlet-api-2.5.jar) - jar not loaded. See Servlet Spec 2.3, section 9.7.2. Offending class: javax/servlet/Servlet.class
Mar 17, 2014 1:11:46 AM org.apache.catalina.startup.HostConfig deployDirectory
INFO: Deploying web application directory D:\softwares\apache-tomcat-7.0.42\webapps\docs
Mar 17, 2014 1:11:46 AM org.apache.catalina.startup.HostConfig deployDirectory
INFO: Deploying web application directory D:\softwares\apache-tomcat-7.0.42\webapps\examples
Mar 17, 2014 1:11:47 AM org.apache.catalina.startup.HostConfig deployDirectory
INFO: Deploying web application directory D:\softwares\apache-tomcat-7.0.42\webapps\host-manager
Mar 17, 2014 1:11:47 AM org.apache.catalina.startup.HostConfig deployDirectory
INFO: Deploying web application directory D:\softwares\apache-tomcat-7.0.42\webapps\manager
Mar 17, 2014 1:11:47 AM org.apache.catalina.startup.HostConfig deployDirectory
INFO: Deploying web application directory D:\softwares\apache-tomcat-7.0.42\webapps\ROOT
Mar 17, 2014 1:11:47 AM org.apache.coyote.AbstractProtocol start
INFO: Starting ProtocolHandler ["http-apr-8080"]
Mar 17, 2014 1:11:47 AM org.apache.coyote.AbstractProtocol start
INFO: Starting ProtocolHandler ["ajp-apr-8009"]
Mar 17, 2014 1:11:47 AM org.apache.catalina.startup.Catalina start
INFO: Server startup in 32355 ms
Mar 17, 2014 1:18:44 AM org.apache.catalina.core.StandardServer await
INFO: A valid shutdown command was received via the shutdown port. Stopping the Server instance.
Mar 17, 2014 1:18:44 AM org.apache.coyote.AbstractProtocol pause
INFO: Pausing ProtocolHandler ["http-apr-8080"]
Mar 17, 2014 1:18:45 AM org.apache.coyote.AbstractProtocol pause
INFO: Pausing ProtocolHandler ["ajp-apr-8009"]
Mar 17, 2014 1:18:45 AM org.apache.catalina.core.StandardService stopInternal
INFO: Stopping service Catalina
Mar 17, 2014 1:18:45 AM org.apache.catalina.loader.WebappClassLoader clearReferencesThreads
SEVERE: The web application [] appears to have started a thread named [Abandoned connection cleanup thread] but has failed to stop it. This is very likely to create a memory leak.
Mar 17, 2014 1:18:45 AM org.apache.catalina.loader.WebappClassLoader clearReferencesJdbc
SEVERE: The web application [/remote-healthcare] registered the JDBC driver [com.mysql.jdbc.Driver] but failed to unregister it when the web application was stopped. To prevent a memory leak, the JDBC Driver has been forcibly unregistered.
Mar 17, 2014 1:18:45 AM org.apache.catalina.loader.WebappClassLoader clearReferencesThreads
SEVERE: The web application [/remote-healthcare] appears to have started a thread named [Timer-0] but has failed to stop it. This is very likely to create a memory leak.
Mar 17, 2014 1:18:45 AM org.apache.coyote.AbstractProtocol stop
INFO: Stopping ProtocolHandler ["http-apr-8080"]
Mar 17, 2014 1:18:45 AM org.apache.coyote.AbstractProtocol stop
INFO: Stopping ProtocolHandler ["ajp-apr-8009"]
Mar 17, 2014 1:18:45 AM org.apache.coyote.AbstractProtocol destroy
INFO: Destroying ProtocolHandler ["http-apr-8080"]
Mar 17, 2014 1:18:45 AM org.apache.coyote.AbstractProtocol destroy
INFO: Destroying ProtocolHandler ["ajp-apr-8009"]
Mar 17, 2014 8:51:53 PM org.apache.catalina.core.AprLifecycleListener init
INFO: Loaded APR based Apache Tomcat Native library 1.1.27 using APR version 1.4.6.
Mar 17, 2014 8:51:53 PM org.apache.catalina.core.AprLifecycleListener init
INFO: APR capabilities: IPv6 [true], sendfile [true], accept filters [false], random [true].
Mar 17, 2014 8:51:55 PM org.apache.catalina.core.AprLifecycleListener initializeSSL
INFO: OpenSSL successfully initialized (OpenSSL 1.0.1d 5 Feb 2013)
Mar 17, 2014 8:51:56 PM org.apache.coyote.AbstractProtocol init
INFO: Initializing ProtocolHandler ["http-apr-8080"]
Mar 17, 2014 8:51:56 PM org.apache.coyote.AbstractProtocol init
INFO: Initializing ProtocolHandler ["ajp-apr-8009"]
Mar 17, 2014 8:51:56 PM org.apache.catalina.startup.Catalina load
INFO: Initialization processed in 3112 ms
Mar 17, 2014 8:51:56 PM org.apache.catalina.core.StandardService startInternal
INFO: Starting service Catalina
Mar 17, 2014 8:51:56 PM org.apache.catalina.core.StandardEngine startInternal
INFO: Starting Servlet Engine: Apache Tomcat/7.0.42
Mar 17, 2014 8:51:56 PM org.apache.catalina.startup.HostConfig deployWAR
INFO: Deploying web application archive D:\softwares\apache-tomcat-7.0.42\webapps\ApnaAspatalAdmin.war
Mar 17, 2014 8:51:57 PM org.apache.catalina.util.SessionIdGenerator createSecureRandom
INFO: Creation of SecureRandom instance for session ID generation using [SHA1PRNG] took [105] milliseconds.
Mar 17, 2014 8:51:57 PM org.apache.catalina.startup.HostConfig deployWAR
INFO: Deploying web application archive D:\softwares\apache-tomcat-7.0.42\webapps\ApnaAspatalBoothWebClient.war
Mar 17, 2014 8:51:58 PM org.apache.catalina.startup.HostConfig deployWAR
INFO: Deploying web application archive D:\softwares\apache-tomcat-7.0.42\webapps\ApnaAspatalDoctorWebClient.war
Mar 17, 2014 8:51:58 PM org.apache.catalina.startup.HostConfig deployWAR
INFO: Deploying web application archive D:\softwares\apache-tomcat-7.0.42\webapps\remote-healthcare.war
Mar 17, 2014 8:52:00 PM org.apache.catalina.loader.WebappClassLoader validateJarFile
INFO: validateJarFile(D:\softwares\apache-tomcat-7.0.42\webapps\remote-healthcare\WEB-INF\lib\servlet-api-2.5.jar) - jar not loaded. See Servlet Spec 2.3, section 9.7.2. Offending class: javax/servlet/Servlet.class
Mar 17, 2014 8:52:24 PM org.apache.catalina.startup.HostConfig deployDirectory
INFO: Deploying web application directory D:\softwares\apache-tomcat-7.0.42\webapps\docs
Mar 17, 2014 8:52:24 PM org.apache.catalina.startup.HostConfig deployDirectory
INFO: Deploying web application directory D:\softwares\apache-tomcat-7.0.42\webapps\examples
Mar 17, 2014 8:52:24 PM org.apache.catalina.startup.HostConfig deployDirectory
INFO: Deploying web application directory D:\softwares\apache-tomcat-7.0.42\webapps\host-manager
Mar 17, 2014 8:52:24 PM org.apache.catalina.startup.HostConfig deployDirectory
INFO: Deploying web application directory D:\softwares\apache-tomcat-7.0.42\webapps\manager
Mar 17, 2014 8:52:24 PM org.apache.catalina.startup.HostConfig deployDirectory
INFO: Deploying web application directory D:\softwares\apache-tomcat-7.0.42\webapps\ROOT
Mar 17, 2014 8:52:24 PM org.apache.coyote.AbstractProtocol start
INFO: Starting ProtocolHandler ["http-apr-8080"]
Mar 17, 2014 8:52:25 PM org.apache.coyote.AbstractProtocol start
INFO: Starting ProtocolHandler ["ajp-apr-8009"]
Mar 17, 2014 8:52:25 PM org.apache.catalina.startup.Catalina start
INFO: Server startup in 28704 ms
Mar 17, 2014 9:16:08 PM org.apache.catalina.core.StandardServer await
INFO: A valid shutdown command was received via the shutdown port. Stopping the Server instance.
Mar 17, 2014 9:16:08 PM org.apache.coyote.AbstractProtocol pause
INFO: Pausing ProtocolHandler ["http-apr-8080"]
Mar 17, 2014 9:16:08 PM org.apache.coyote.AbstractProtocol pause
INFO: Pausing ProtocolHandler ["ajp-apr-8009"]
Mar 17, 2014 9:16:08 PM org.apache.catalina.core.StandardService stopInternal
INFO: Stopping service Catalina
Mar 17, 2014 9:16:09 PM org.apache.catalina.loader.WebappClassLoader clearReferencesThreads
SEVERE: The web application [] appears to have started a thread named [Abandoned connection cleanup thread] but has failed to stop it. This is very likely to create a memory leak.
Mar 17, 2014 9:16:09 PM org.apache.catalina.loader.WebappClassLoader clearReferencesJdbc
SEVERE: The web application [/remote-healthcare] registered the JDBC driver [com.mysql.jdbc.Driver] but failed to unregister it when the web application was stopped. To prevent a memory leak, the JDBC Driver has been forcibly unregistered.
Mar 17, 2014 9:16:09 PM org.apache.catalina.loader.WebappClassLoader clearReferencesThreads
SEVERE: The web application [/remote-healthcare] appears to have started a thread named [Timer-0] but has failed to stop it. This is very likely to create a memory leak.
Mar 17, 2014 9:16:09 PM org.apache.coyote.AbstractProtocol stop
INFO: Stopping ProtocolHandler ["http-apr-8080"]
Mar 17, 2014 9:16:09 PM org.apache.coyote.AbstractProtocol stop
INFO: Stopping ProtocolHandler ["ajp-apr-8009"]
Mar 17, 2014 9:16:10 PM org.apache.coyote.AbstractProtocol destroy
INFO: Destroying ProtocolHandler ["http-apr-8080"]
Mar 17, 2014 9:16:10 PM org.apache.coyote.AbstractProtocol destroy
INFO: Destroying ProtocolHandler ["ajp-apr-8009"]
Mar 17, 2014 9:20:20 PM org.apache.catalina.core.AprLifecycleListener init
INFO: Loaded APR based Apache Tomcat Native library 1.1.27 using APR version 1.4.6.
Mar 17, 2014 9:20:20 PM org.apache.catalina.core.AprLifecycleListener init
INFO: APR capabilities: IPv6 [true], sendfile [true], accept filters [false], random [true].
Mar 17, 2014 9:20:22 PM org.apache.catalina.core.AprLifecycleListener initializeSSL
INFO: OpenSSL successfully initialized (OpenSSL 1.0.1d 5 Feb 2013)
Mar 17, 2014 9:20:23 PM org.apache.coyote.AbstractProtocol init
INFO: Initializing ProtocolHandler ["http-apr-8080"]
Mar 17, 2014 9:20:23 PM org.apache.coyote.AbstractProtocol init
INFO: Initializing ProtocolHandler ["ajp-apr-8009"]
Mar 17, 2014 9:20:23 PM org.apache.catalina.startup.Catalina load
INFO: Initialization processed in 3334 ms
Mar 17, 2014 9:20:23 PM org.apache.catalina.core.StandardService startInternal
INFO: Starting service Catalina
Mar 17, 2014 9:20:23 PM org.apache.catalina.core.StandardEngine startInternal
INFO: Starting Servlet Engine: Apache Tomcat/7.0.42
Mar 17, 2014 9:20:23 PM org.apache.catalina.startup.HostConfig deployWAR
INFO: Deploying web application archive D:\softwares\apache-tomcat-7.0.42\webapps\ApnaAspatalAdmin.war
Mar 17, 2014 9:20:24 PM org.apache.catalina.startup.HostConfig deployWAR
INFO: Deploying web application archive D:\softwares\apache-tomcat-7.0.42\webapps\ApnaAspatalBoothWebClient.war
Mar 17, 2014 9:20:25 PM org.apache.catalina.startup.HostConfig deployWAR
INFO: Deploying web application archive D:\softwares\apache-tomcat-7.0.42\webapps\ApnaAspatalDoctorWebClient.war
Mar 17, 2014 9:20:26 PM org.apache.catalina.startup.HostConfig deployWAR
INFO: Deploying web application archive D:\softwares\apache-tomcat-7.0.42\webapps\remote-healthcare.war
Mar 17, 2014 9:20:29 PM org.apache.catalina.loader.WebappClassLoader validateJarFile
INFO: validateJarFile(D:\softwares\apache-tomcat-7.0.42\webapps\remote-healthcare\WEB-INF\lib\servlet-api-2.5.jar) - jar not loaded. See Servlet Spec 2.3, section 9.7.2. Offending class: javax/servlet/Servlet.class
Mar 17, 2014 9:21:09 PM org.apache.catalina.startup.HostConfig deployDirectory
INFO: Deploying web application directory D:\softwares\apache-tomcat-7.0.42\webapps\docs
Mar 17, 2014 9:21:09 PM org.apache.catalina.startup.HostConfig deployDirectory
INFO: Deploying web application directory D:\softwares\apache-tomcat-7.0.42\webapps\examples
Mar 17, 2014 9:21:09 PM org.apache.catalina.startup.HostConfig deployDirectory
INFO: Deploying web application directory D:\softwares\apache-tomcat-7.0.42\webapps\host-manager
Mar 17, 2014 9:21:09 PM org.apache.catalina.startup.HostConfig deployDirectory
INFO: Deploying web application directory D:\softwares\apache-tomcat-7.0.42\webapps\manager
Mar 17, 2014 9:21:10 PM org.apache.catalina.startup.HostConfig deployDirectory
INFO: Deploying web application directory D:\softwares\apache-tomcat-7.0.42\webapps\ROOT
Mar 17, 2014 9:21:10 PM org.apache.coyote.AbstractProtocol start
INFO: Starting ProtocolHandler ["http-apr-8080"]
Mar 17, 2014 9:21:10 PM org.apache.coyote.AbstractProtocol start
INFO: Starting ProtocolHandler ["ajp-apr-8009"]
Mar 17, 2014 9:21:10 PM org.apache.catalina.startup.Catalina start
INFO: Server startup in 46976 ms
Mar 17, 2014 9:25:03 PM org.apache.catalina.core.StandardServer await
INFO: A valid shutdown command was received via the shutdown port. Stopping the Server instance.
Mar 17, 2014 9:25:03 PM org.apache.coyote.AbstractProtocol pause
INFO: Pausing ProtocolHandler ["http-apr-8080"]
Mar 17, 2014 9:25:03 PM org.apache.coyote.AbstractProtocol pause
INFO: Pausing ProtocolHandler ["ajp-apr-8009"]
Mar 17, 2014 9:25:04 PM org.apache.catalina.core.StandardService stopInternal
INFO: Stopping service Catalina
Mar 17, 2014 9:25:04 PM org.apache.catalina.loader.WebappClassLoader clearReferencesThreads
SEVERE: The web application [] appears to have started a thread named [Abandoned connection cleanup thread] but has failed to stop it. This is very likely to create a memory leak.
Mar 17, 2014 9:25:04 PM org.apache.catalina.loader.WebappClassLoader clearReferencesJdbc
SEVERE: The web application [/remote-healthcare] registered the JDBC driver [com.mysql.jdbc.Driver] but failed to unregister it when the web application was stopped. To prevent a memory leak, the JDBC Driver has been forcibly unregistered.
Mar 17, 2014 9:25:04 PM org.apache.catalina.loader.WebappClassLoader clearReferencesThreads
SEVERE: The web application [/remote-healthcare] appears to have started a thread named [Timer-0] but has failed to stop it. This is very likely to create a memory leak.
Mar 17, 2014 9:25:04 PM org.apache.coyote.AbstractProtocol stop
INFO: Stopping ProtocolHandler ["http-apr-8080"]
Mar 17, 2014 9:25:04 PM org.apache.coyote.AbstractProtocol stop
INFO: Stopping ProtocolHandler ["ajp-apr-8009"]
Mar 17, 2014 9:25:04 PM org.apache.coyote.AbstractProtocol destroy
INFO: Destroying ProtocolHandler ["http-apr-8080"]
Mar 17, 2014 9:25:04 PM org.apache.coyote.AbstractProtocol destroy
INFO: Destroying ProtocolHandler ["ajp-apr-8009"]
Mar 17, 2014 9:26:25 PM org.apache.catalina.core.AprLifecycleListener init
INFO: Loaded APR based Apache Tomcat Native library 1.1.27 using APR version 1.4.6.
Mar 17, 2014 9:26:25 PM org.apache.catalina.core.AprLifecycleListener init
INFO: APR capabilities: IPv6 [true], sendfile [true], accept filters [false], random [true].
Mar 17, 2014 9:26:26 PM org.apache.catalina.core.AprLifecycleListener initializeSSL
INFO: OpenSSL successfully initialized (OpenSSL 1.0.1d 5 Feb 2013)
Mar 17, 2014 9:26:28 PM org.apache.coyote.AbstractProtocol init
INFO: Initializing ProtocolHandler ["http-apr-8080"]
Mar 17, 2014 9:26:28 PM org.apache.coyote.AbstractProtocol init
INFO: Initializing ProtocolHandler ["ajp-apr-8009"]
Mar 17, 2014 9:26:28 PM org.apache.catalina.startup.Catalina load
INFO: Initialization processed in 3684 ms
Mar 17, 2014 9:26:28 PM org.apache.catalina.core.StandardService startInternal
INFO: Starting service Catalina
Mar 17, 2014 9:26:28 PM org.apache.catalina.core.StandardEngine startInternal
INFO: Starting Servlet Engine: Apache Tomcat/7.0.42
Mar 17, 2014 9:26:28 PM org.apache.catalina.startup.HostConfig deployWAR
INFO: Deploying web application archive D:\softwares\apache-tomcat-7.0.42\webapps\ApnaAspatalAdmin.war
Mar 17, 2014 9:26:29 PM org.apache.catalina.util.SessionIdGenerator createSecureRandom
INFO: Creation of SecureRandom instance for session ID generation using [SHA1PRNG] took [221] milliseconds.
Mar 17, 2014 9:26:29 PM org.apache.catalina.startup.HostConfig deployWAR
INFO: Deploying web application archive D:\softwares\apache-tomcat-7.0.42\webapps\ApnaAspatalBoothWebClient.war
Mar 17, 2014 9:26:30 PM org.apache.catalina.startup.HostConfig deployWAR
INFO: Deploying web application archive D:\softwares\apache-tomcat-7.0.42\webapps\ApnaAspatalDoctorWebClient.war
Mar 17, 2014 9:26:31 PM org.apache.catalina.startup.HostConfig deployWAR
INFO: Deploying web application archive D:\softwares\apache-tomcat-7.0.42\webapps\remote-healthcare.war
Mar 17, 2014 9:26:33 PM org.apache.catalina.loader.WebappClassLoader validateJarFile
INFO: validateJarFile(D:\softwares\apache-tomcat-7.0.42\webapps\remote-healthcare\WEB-INF\lib\servlet-api-2.5.jar) - jar not loaded. See Servlet Spec 2.3, section 9.7.2. Offending class: javax/servlet/Servlet.class
Mar 17, 2014 9:27:03 PM org.apache.catalina.startup.HostConfig deployDirectory
INFO: Deploying web application directory D:\softwares\apache-tomcat-7.0.42\webapps\docs
Mar 17, 2014 9:27:03 PM org.apache.catalina.startup.HostConfig deployDirectory
INFO: Deploying web application directory D:\softwares\apache-tomcat-7.0.42\webapps\examples
Mar 17, 2014 9:27:04 PM org.apache.catalina.startup.HostConfig deployDirectory
INFO: Deploying web application directory D:\softwares\apache-tomcat-7.0.42\webapps\host-manager
Mar 17, 2014 9:27:04 PM org.apache.catalina.startup.HostConfig deployDirectory
INFO: Deploying web application directory D:\softwares\apache-tomcat-7.0.42\webapps\manager
Mar 17, 2014 9:27:04 PM org.apache.catalina.startup.HostConfig deployDirectory
INFO: Deploying web application directory D:\softwares\apache-tomcat-7.0.42\webapps\ROOT
Mar 17, 2014 9:27:04 PM org.apache.coyote.AbstractProtocol start
INFO: Starting ProtocolHandler ["http-apr-8080"]
Mar 17, 2014 9:27:04 PM org.apache.coyote.AbstractProtocol start
INFO: Starting ProtocolHandler ["ajp-apr-8009"]
Mar 17, 2014 9:27:04 PM org.apache.catalina.startup.Catalina start
INFO: Server startup in 35971 ms
Mar 17, 2014 9:30:59 PM org.apache.catalina.core.StandardServer await
INFO: A valid shutdown command was received via the shutdown port. Stopping the Server instance.
Mar 17, 2014 9:30:59 PM org.apache.coyote.AbstractProtocol pause
INFO: Pausing ProtocolHandler ["http-apr-8080"]
Mar 17, 2014 9:31:00 PM org.apache.coyote.AbstractProtocol pause
INFO: Pausing ProtocolHandler ["ajp-apr-8009"]
Mar 17, 2014 9:31:00 PM org.apache.catalina.core.StandardService stopInternal
INFO: Stopping service Catalina
Mar 17, 2014 9:31:00 PM org.apache.catalina.loader.WebappClassLoader clearReferencesThreads
SEVERE: The web application [] appears to have started a thread named [Abandoned connection cleanup thread] but has failed to stop it. This is very likely to create a memory leak.
Mar 17, 2014 9:31:00 PM org.apache.catalina.loader.WebappClassLoader clearReferencesJdbc
SEVERE: The web application [/remote-healthcare] registered the JDBC driver [com.mysql.jdbc.Driver] but failed to unregister it when the web application was stopped. To prevent a memory leak, the JDBC Driver has been forcibly unregistered.
Mar 17, 2014 9:31:00 PM org.apache.catalina.loader.WebappClassLoader clearReferencesThreads
SEVERE: The web application [/remote-healthcare] appears to have started a thread named [Timer-0] but has failed to stop it. This is very likely to create a memory leak.
Mar 17, 2014 9:31:00 PM org.apache.coyote.AbstractProtocol stop
INFO: Stopping ProtocolHandler ["http-apr-8080"]
Mar 17, 2014 9:31:00 PM org.apache.coyote.AbstractProtocol stop
INFO: Stopping ProtocolHandler ["ajp-apr-8009"]
Mar 17, 2014 9:31:00 PM org.apache.coyote.AbstractProtocol destroy
INFO: Destroying ProtocolHandler ["http-apr-8080"]
Mar 17, 2014 9:31:00 PM org.apache.coyote.AbstractProtocol destroy
INFO: Destroying ProtocolHandler ["ajp-apr-8009"]
Mar 17, 2014 9:33:53 PM org.apache.catalina.core.AprLifecycleListener init
INFO: Loaded APR based Apache Tomcat Native library 1.1.27 using APR version 1.4.6.
Mar 17, 2014 9:33:54 PM org.apache.catalina.core.AprLifecycleListener init
INFO: APR capabilities: IPv6 [true], sendfile [true], accept filters [false], random [true].
Mar 17, 2014 9:33:55 PM org.apache.catalina.core.AprLifecycleListener initializeSSL
INFO: OpenSSL successfully initialized (OpenSSL 1.0.1d 5 Feb 2013)
Mar 17, 2014 9:33:55 PM org.apache.coyote.AbstractProtocol init
INFO: Initializing ProtocolHandler ["http-apr-8080"]
Mar 17, 2014 9:33:55 PM org.apache.coyote.AbstractProtocol init
INFO: Initializing ProtocolHandler ["ajp-apr-8009"]
Mar 17, 2014 9:33:55 PM org.apache.catalina.startup.Catalina load
INFO: Initialization processed in 2180 ms
Mar 17, 2014 9:33:55 PM org.apache.catalina.core.StandardService startInternal
INFO: Starting service Catalina
Mar 17, 2014 9:33:55 PM org.apache.catalina.core.StandardEngine startInternal
INFO: Starting Servlet Engine: Apache Tomcat/7.0.42
Mar 17, 2014 9:33:55 PM org.apache.catalina.startup.HostConfig deployWAR
INFO: Deploying web application archive D:\softwares\apache-tomcat-7.0.42\webapps\ApnaAspatalAdmin.war
Mar 17, 2014 9:33:56 PM org.apache.catalina.startup.HostConfig deployWAR
INFO: Deploying web application archive D:\softwares\apache-tomcat-7.0.42\webapps\ApnaAspatalBoothWebClient.war
Mar 17, 2014 9:33:56 PM org.apache.catalina.startup.HostConfig deployWAR
INFO: Deploying web application archive D:\softwares\apache-tomcat-7.0.42\webapps\ApnaAspatalDoctorWebClient.war
Mar 17, 2014 9:33:57 PM org.apache.catalina.startup.HostConfig deployWAR
INFO: Deploying web application archive D:\softwares\apache-tomcat-7.0.42\webapps\remote-healthcare.war
Mar 17, 2014 9:33:59 PM org.apache.catalina.loader.WebappClassLoader validateJarFile
INFO: validateJarFile(D:\softwares\apache-tomcat-7.0.42\webapps\remote-healthcare\WEB-INF\lib\servlet-api-2.5.jar) - jar not loaded. See Servlet Spec 2.3, section 9.7.2. Offending class: javax/servlet/Servlet.class
Mar 17, 2014 9:34:24 PM org.apache.catalina.startup.HostConfig deployDirectory
INFO: Deploying web application directory D:\softwares\apache-tomcat-7.0.42\webapps\docs
Mar 17, 2014 9:34:24 PM org.apache.catalina.startup.HostConfig deployDirectory
INFO: Deploying web application directory D:\softwares\apache-tomcat-7.0.42\webapps\examples
Mar 17, 2014 9:34:24 PM org.apache.catalina.startup.HostConfig deployDirectory
INFO: Deploying web application directory D:\softwares\apache-tomcat-7.0.42\webapps\host-manager
Mar 17, 2014 9:34:24 PM org.apache.catalina.startup.HostConfig deployDirectory
INFO: Deploying web application directory D:\softwares\apache-tomcat-7.0.42\webapps\manager
Mar 17, 2014 9:34:24 PM org.apache.catalina.startup.HostConfig deployDirectory
INFO: Deploying web application directory D:\softwares\apache-tomcat-7.0.42\webapps\ROOT
Mar 17, 2014 9:34:24 PM org.apache.coyote.AbstractProtocol start
INFO: Starting ProtocolHandler ["http-apr-8080"]
Mar 17, 2014 9:34:25 PM org.apache.coyote.AbstractProtocol start
INFO: Starting ProtocolHandler ["ajp-apr-8009"]
Mar 17, 2014 9:34:25 PM org.apache.catalina.startup.Catalina start
INFO: Server startup in 29441 ms
Mar 17, 2014 9:44:43 PM org.apache.catalina.core.StandardServer await
INFO: A valid shutdown command was received via the shutdown port. Stopping the Server instance.
Mar 17, 2014 9:44:43 PM org.apache.coyote.AbstractProtocol pause
INFO: Pausing ProtocolHandler ["http-apr-8080"]
Mar 17, 2014 9:44:43 PM org.apache.coyote.AbstractProtocol pause
INFO: Pausing ProtocolHandler ["ajp-apr-8009"]
Mar 17, 2014 9:44:43 PM org.apache.catalina.core.StandardService stopInternal
INFO: Stopping service Catalina
Mar 17, 2014 9:44:43 PM org.apache.catalina.loader.WebappClassLoader clearReferencesThreads
SEVERE: The web application [] appears to have started a thread named [Abandoned connection cleanup thread] but has failed to stop it. This is very likely to create a memory leak.
Mar 17, 2014 9:44:43 PM org.apache.catalina.loader.WebappClassLoader clearReferencesJdbc
SEVERE: The web application [/remote-healthcare] registered the JDBC driver [com.mysql.jdbc.Driver] but failed to unregister it when the web application was stopped. To prevent a memory leak, the JDBC Driver has been forcibly unregistered.
Mar 17, 2014 9:44:43 PM org.apache.catalina.loader.WebappClassLoader clearReferencesThreads
SEVERE: The web application [/remote-healthcare] appears to have started a thread named [Timer-0] but has failed to stop it. This is very likely to create a memory leak.
Mar 17, 2014 9:44:43 PM org.apache.coyote.AbstractProtocol stop
INFO: Stopping ProtocolHandler ["http-apr-8080"]
Mar 17, 2014 9:44:43 PM org.apache.coyote.AbstractProtocol stop
INFO: Stopping ProtocolHandler ["ajp-apr-8009"]
Mar 17, 2014 9:44:43 PM org.apache.coyote.AbstractProtocol destroy
INFO: Destroying ProtocolHandler ["http-apr-8080"]
Mar 17, 2014 9:44:43 PM org.apache.coyote.AbstractProtocol destroy
INFO: Destroying ProtocolHandler ["ajp-apr-8009"]
Mar 17, 2014 9:45:12 PM org.apache.catalina.core.AprLifecycleListener init
INFO: Loaded APR based Apache Tomcat Native library 1.1.27 using APR version 1.4.6.
Mar 17, 2014 9:45:12 PM org.apache.catalina.core.AprLifecycleListener init
INFO: APR capabilities: IPv6 [true], sendfile [true], accept filters [false], random [true].
Mar 17, 2014 9:45:13 PM org.apache.catalina.core.AprLifecycleListener initializeSSL
INFO: OpenSSL successfully initialized (OpenSSL 1.0.1d 5 Feb 2013)
Mar 17, 2014 9:45:19 PM org.apache.coyote.AbstractProtocol init
INFO: Initializing ProtocolHandler ["http-apr-8080"]
Mar 17, 2014 9:45:19 PM org.apache.coyote.AbstractProtocol init
INFO: Initializing ProtocolHandler ["ajp-apr-8009"]
Mar 17, 2014 9:45:19 PM org.apache.catalina.startup.Catalina load
INFO: Initialization processed in 7577 ms
Mar 17, 2014 9:45:19 PM org.apache.catalina.core.StandardService startInternal
INFO: Starting service Catalina
Mar 17, 2014 9:45:19 PM org.apache.catalina.core.StandardEngine startInternal
INFO: Starting Servlet Engine: Apache Tomcat/7.0.42
Mar 17, 2014 9:45:19 PM org.apache.catalina.startup.HostConfig deployWAR
INFO: Deploying web application archive D:\softwares\apache-tomcat-7.0.42\webapps\ApnaAspatalAdmin.war
Mar 17, 2014 9:45:20 PM org.apache.catalina.startup.HostConfig deployWAR
INFO: Deploying web application archive D:\softwares\apache-tomcat-7.0.42\webapps\ApnaAspatalBoothWebClient.war
Mar 17, 2014 9:45:21 PM org.apache.catalina.startup.HostConfig deployWAR
INFO: Deploying web application archive D:\softwares\apache-tomcat-7.0.42\webapps\ApnaAspatalDoctorWebClient.war
Mar 17, 2014 9:45:21 PM org.apache.catalina.startup.HostConfig deployWAR
INFO: Deploying web application archive D:\softwares\apache-tomcat-7.0.42\webapps\remote-healthcare.war
Mar 17, 2014 9:45:24 PM org.apache.catalina.loader.WebappClassLoader validateJarFile
INFO: validateJarFile(D:\softwares\apache-tomcat-7.0.42\webapps\remote-healthcare\WEB-INF\lib\servlet-api-2.5.jar) - jar not loaded. See Servlet Spec 2.3, section 9.7.2. Offending class: javax/servlet/Servlet.class
Mar 17, 2014 9:45:56 PM org.apache.catalina.startup.HostConfig deployDirectory
INFO: Deploying web application directory D:\softwares\apache-tomcat-7.0.42\webapps\docs
Mar 17, 2014 9:45:56 PM org.apache.catalina.startup.HostConfig deployDirectory
INFO: Deploying web application directory D:\softwares\apache-tomcat-7.0.42\webapps\examples
Mar 17, 2014 9:45:57 PM org.apache.catalina.startup.HostConfig deployDirectory
INFO: Deploying web application directory D:\softwares\apache-tomcat-7.0.42\webapps\host-manager
Mar 17, 2014 9:45:57 PM org.apache.catalina.startup.HostConfig deployDirectory
INFO: Deploying web application directory D:\softwares\apache-tomcat-7.0.42\webapps\manager
Mar 17, 2014 9:45:57 PM org.apache.catalina.startup.HostConfig deployDirectory
INFO: Deploying web application directory D:\softwares\apache-tomcat-7.0.42\webapps\ROOT
Mar 17, 2014 9:45:57 PM org.apache.coyote.AbstractProtocol start
INFO: Starting ProtocolHandler ["http-apr-8080"]
Mar 17, 2014 9:45:57 PM org.apache.coyote.AbstractProtocol start
INFO: Starting ProtocolHandler ["ajp-apr-8009"]
Mar 17, 2014 9:45:57 PM org.apache.catalina.startup.Catalina start
INFO: Server startup in 37706 ms
Mar 17, 2014 9:50:59 PM org.apache.catalina.core.StandardServer await
INFO: A valid shutdown command was received via the shutdown port. Stopping the Server instance.
Mar 17, 2014 9:50:59 PM org.apache.coyote.AbstractProtocol pause
INFO: Pausing ProtocolHandler ["http-apr-8080"]
Mar 17, 2014 9:50:59 PM org.apache.coyote.AbstractProtocol pause
INFO: Pausing ProtocolHandler ["ajp-apr-8009"]
Mar 17, 2014 9:50:59 PM org.apache.catalina.core.StandardService stopInternal
INFO: Stopping service Catalina
Mar 17, 2014 9:50:59 PM org.apache.catalina.loader.WebappClassLoader clearReferencesThreads
SEVERE: The web application [] appears to have started a thread named [Abandoned connection cleanup thread] but has failed to stop it. This is very likely to create a memory leak.
Mar 17, 2014 9:50:59 PM org.apache.catalina.loader.WebappClassLoader clearReferencesJdbc
SEVERE: The web application [/remote-healthcare] registered the JDBC driver [com.mysql.jdbc.Driver] but failed to unregister it when the web application was stopped. To prevent a memory leak, the JDBC Driver has been forcibly unregistered.
Mar 17, 2014 9:50:59 PM org.apache.catalina.loader.WebappClassLoader clearReferencesThreads
SEVERE: The web application [/remote-healthcare] appears to have started a thread named [Timer-0] but has failed to stop it. This is very likely to create a memory leak.
Mar 17, 2014 9:50:59 PM org.apache.coyote.AbstractProtocol stop
INFO: Stopping ProtocolHandler ["http-apr-8080"]
Mar 17, 2014 9:50:59 PM org.apache.coyote.AbstractProtocol stop
INFO: Stopping ProtocolHandler ["ajp-apr-8009"]
Mar 17, 2014 9:50:59 PM org.apache.coyote.AbstractProtocol destroy
INFO: Destroying ProtocolHandler ["http-apr-8080"]
Mar 17, 2014 9:50:59 PM org.apache.coyote.AbstractProtocol destroy
INFO: Destroying ProtocolHandler ["ajp-apr-8009"]
Mar 17, 2014 9:54:39 PM org.apache.catalina.core.AprLifecycleListener init
INFO: Loaded APR based Apache Tomcat Native library 1.1.27 using APR version 1.4.6.
Mar 17, 2014 9:54:39 PM org.apache.catalina.core.AprLifecycleListener init
INFO: APR capabilities: IPv6 [true], sendfile [true], accept filters [false], random [true].
Mar 17, 2014 9:54:40 PM org.apache.catalina.core.AprLifecycleListener initializeSSL
INFO: OpenSSL successfully initialized (OpenSSL 1.0.1d 5 Feb 2013)
Mar 17, 2014 9:54:42 PM org.apache.coyote.AbstractProtocol init
INFO: Initializing ProtocolHandler ["http-apr-8080"]
Mar 17, 2014 9:54:42 PM org.apache.coyote.AbstractProtocol init
INFO: Initializing ProtocolHandler ["ajp-apr-8009"]
Mar 17, 2014 9:54:42 PM org.apache.catalina.startup.Catalina load
INFO: Initialization processed in 3577 ms
Mar 17, 2014 9:54:42 PM org.apache.catalina.core.StandardService startInternal
INFO: Starting service Catalina
Mar 17, 2014 9:54:42 PM org.apache.catalina.core.StandardEngine startInternal
INFO: Starting Servlet Engine: Apache Tomcat/7.0.42
Mar 17, 2014 9:54:42 PM org.apache.catalina.startup.HostConfig deployWAR
INFO: Deploying web application archive D:\softwares\apache-tomcat-7.0.42\webapps\ApnaAspatalAdmin.war
Mar 17, 2014 9:54:43 PM org.apache.catalina.startup.HostConfig deployWAR
INFO: Deploying web application archive D:\softwares\apache-tomcat-7.0.42\webapps\ApnaAspatalBoothWebClient.war
Mar 17, 2014 9:54:44 PM org.apache.catalina.startup.HostConfig deployWAR
INFO: Deploying web application archive D:\softwares\apache-tomcat-7.0.42\webapps\ApnaAspatalDoctorWebClient.war
Mar 17, 2014 9:54:44 PM org.apache.catalina.startup.HostConfig deployWAR
INFO: Deploying web application archive D:\softwares\apache-tomcat-7.0.42\webapps\remote-healthcare.war
Mar 17, 2014 9:54:49 PM org.apache.catalina.loader.WebappClassLoader validateJarFile
INFO: validateJarFile(D:\softwares\apache-tomcat-7.0.42\webapps\remote-healthcare\WEB-INF\lib\servlet-api-2.5.jar) - jar not loaded. See Servlet Spec 2.3, section 9.7.2. Offending class: javax/servlet/Servlet.class
Mar 17, 2014 9:55:26 PM org.apache.catalina.startup.HostConfig deployDirectory
INFO: Deploying web application directory D:\softwares\apache-tomcat-7.0.42\webapps\docs
Mar 17, 2014 9:55:27 PM org.apache.catalina.startup.HostConfig deployDirectory
INFO: Deploying web application directory D:\softwares\apache-tomcat-7.0.42\webapps\examples
Mar 17, 2014 9:55:27 PM org.apache.catalina.startup.HostConfig deployDirectory
INFO: Deploying web application directory D:\softwares\apache-tomcat-7.0.42\webapps\host-manager
Mar 17, 2014 9:55:27 PM org.apache.catalina.startup.HostConfig deployDirectory
INFO: Deploying web application directory D:\softwares\apache-tomcat-7.0.42\webapps\manager
Mar 17, 2014 9:55:27 PM org.apache.catalina.startup.HostConfig deployDirectory
INFO: Deploying web application directory D:\softwares\apache-tomcat-7.0.42\webapps\ROOT
Mar 17, 2014 9:55:27 PM org.apache.coyote.AbstractProtocol start
INFO: Starting ProtocolHandler ["http-apr-8080"]
Mar 17, 2014 9:55:27 PM org.apache.coyote.AbstractProtocol start
INFO: Starting ProtocolHandler ["ajp-apr-8009"]
Mar 17, 2014 9:55:28 PM org.apache.catalina.startup.Catalina start
INFO: Server startup in 45748 ms
Mar 17, 2014 10:54:43 PM org.apache.catalina.core.StandardServer await
INFO: A valid shutdown command was received via the shutdown port. Stopping the Server instance.
Mar 17, 2014 10:54:47 PM org.apache.coyote.AbstractProtocol pause
INFO: Pausing ProtocolHandler ["http-apr-8080"]
Mar 17, 2014 10:54:48 PM org.apache.coyote.AbstractProtocol pause
INFO: Pausing ProtocolHandler ["ajp-apr-8009"]
Mar 17, 2014 10:54:48 PM org.apache.catalina.core.StandardService stopInternal
INFO: Stopping service Catalina
Mar 17, 2014 10:54:52 PM org.apache.catalina.loader.WebappClassLoader clearReferencesThreads
SEVERE: The web application [] appears to have started a thread named [Abandoned connection cleanup thread] but has failed to stop it. This is very likely to create a memory leak.
Mar 17, 2014 10:55:04 PM org.apache.catalina.loader.WebappClassLoader clearReferencesJdbc
SEVERE: The web application [/remote-healthcare] registered the JDBC driver [com.mysql.jdbc.Driver] but failed to unregister it when the web application was stopped. To prevent a memory leak, the JDBC Driver has been forcibly unregistered.
Mar 17, 2014 10:55:04 PM org.apache.catalina.loader.WebappClassLoader clearReferencesThreads
SEVERE: The web application [/remote-healthcare] appears to have started a thread named [Timer-0] but has failed to stop it. This is very likely to create a memory leak.
Mar 17, 2014 10:55:04 PM org.apache.coyote.AbstractProtocol stop
INFO: Stopping ProtocolHandler ["http-apr-8080"]
Mar 17, 2014 10:55:05 PM org.apache.coyote.AbstractProtocol stop
INFO: Stopping ProtocolHandler ["ajp-apr-8009"]
Mar 17, 2014 10:55:05 PM org.apache.coyote.AbstractProtocol destroy
INFO: Destroying ProtocolHandler ["http-apr-8080"]
Mar 17, 2014 10:55:05 PM org.apache.coyote.AbstractProtocol destroy
INFO: Destroying ProtocolHandler ["ajp-apr-8009"]
Mar 17, 2014 10:59:08 PM org.apache.catalina.core.AprLifecycleListener init
INFO: Loaded APR based Apache Tomcat Native library 1.1.27 using APR version 1.4.6.
Mar 17, 2014 10:59:08 PM org.apache.catalina.core.AprLifecycleListener init
INFO: APR capabilities: IPv6 [true], sendfile [true], accept filters [false], random [true].
Mar 17, 2014 10:59:09 PM org.apache.catalina.core.AprLifecycleListener initializeSSL
INFO: OpenSSL successfully initialized (OpenSSL 1.0.1d 5 Feb 2013)
Mar 17, 2014 10:59:15 PM org.apache.coyote.AbstractProtocol init
INFO: Initializing ProtocolHandler ["http-apr-8080"]
Mar 17, 2014 10:59:15 PM org.apache.coyote.AbstractProtocol init
INFO: Initializing ProtocolHandler ["ajp-apr-8009"]
Mar 17, 2014 10:59:15 PM org.apache.catalina.startup.Catalina load
INFO: Initialization processed in 8108 ms
Mar 17, 2014 10:59:15 PM org.apache.catalina.core.StandardService startInternal
INFO: Starting service Catalina
Mar 17, 2014 10:59:15 PM org.apache.catalina.core.StandardEngine startInternal
INFO: Starting Servlet Engine: Apache Tomcat/7.0.42
Mar 17, 2014 10:59:15 PM org.apache.catalina.startup.HostConfig deployWAR
INFO: Deploying web application archive D:\softwares\apache-tomcat-7.0.42\webapps\ApnaAspatalAdmin.war
Mar 17, 2014 10:59:16 PM org.apache.catalina.startup.HostConfig deployWAR
INFO: Deploying web application archive D:\softwares\apache-tomcat-7.0.42\webapps\ApnaAspatalBoothWebClient.war
Mar 17, 2014 10:59:17 PM org.apache.catalina.startup.HostConfig deployWAR
INFO: Deploying web application archive D:\softwares\apache-tomcat-7.0.42\webapps\ApnaAspatalDoctorWebClient.war
Mar 17, 2014 10:59:17 PM org.apache.catalina.startup.HostConfig deployWAR
INFO: Deploying web application archive D:\softwares\apache-tomcat-7.0.42\webapps\remote-healthcare.war
Mar 17, 2014 10:59:19 PM org.apache.catalina.loader.WebappClassLoader validateJarFile
INFO: validateJarFile(D:\softwares\apache-tomcat-7.0.42\webapps\remote-healthcare\WEB-INF\lib\servlet-api-2.5.jar) - jar not loaded. See Servlet Spec 2.3, section 9.7.2. Offending class: javax/servlet/Servlet.class
Mar 17, 2014 10:59:51 PM org.apache.catalina.startup.HostConfig deployDirectory
INFO: Deploying web application directory D:\softwares\apache-tomcat-7.0.42\webapps\docs
Mar 17, 2014 10:59:51 PM org.apache.catalina.startup.HostConfig deployDirectory
INFO: Deploying web application directory D:\softwares\apache-tomcat-7.0.42\webapps\examples
Mar 17, 2014 10:59:51 PM org.apache.catalina.startup.HostConfig deployDirectory
INFO: Deploying web application directory D:\softwares\apache-tomcat-7.0.42\webapps\host-manager
Mar 17, 2014 10:59:52 PM org.apache.catalina.startup.HostConfig deployDirectory
INFO: Deploying web application directory D:\softwares\apache-tomcat-7.0.42\webapps\manager
Mar 17, 2014 10:59:52 PM org.apache.catalina.startup.HostConfig deployDirectory
INFO: Deploying web application directory D:\softwares\apache-tomcat-7.0.42\webapps\ROOT
Mar 17, 2014 10:59:52 PM org.apache.coyote.AbstractProtocol start
INFO: Starting ProtocolHandler ["http-apr-8080"]
Mar 17, 2014 10:59:52 PM org.apache.coyote.AbstractProtocol start
INFO: Starting ProtocolHandler ["ajp-apr-8009"]
Mar 17, 2014 10:59:52 PM org.apache.catalina.startup.Catalina start
INFO: Server startup in 36807 ms
Mar 17, 2014 11:04:23 PM org.apache.catalina.core.StandardServer await
INFO: A valid shutdown command was received via the shutdown port. Stopping the Server instance.
Mar 17, 2014 11:04:23 PM org.apache.coyote.AbstractProtocol pause
INFO: Pausing ProtocolHandler ["http-apr-8080"]
Mar 17, 2014 11:04:23 PM org.apache.coyote.AbstractProtocol pause
INFO: Pausing ProtocolHandler ["ajp-apr-8009"]
Mar 17, 2014 11:04:23 PM org.apache.catalina.core.StandardService stopInternal
INFO: Stopping service Catalina
Mar 17, 2014 11:04:23 PM org.apache.catalina.loader.WebappClassLoader clearReferencesThreads
SEVERE: The web application [] appears to have started a thread named [Abandoned connection cleanup thread] but has failed to stop it. This is very likely to create a memory leak.
Mar 17, 2014 11:04:23 PM org.apache.catalina.loader.WebappClassLoader clearReferencesJdbc
SEVERE: The web application [/remote-healthcare] registered the JDBC driver [com.mysql.jdbc.Driver] but failed to unregister it when the web application was stopped. To prevent a memory leak, the JDBC Driver has been forcibly unregistered.
Mar 17, 2014 11:04:23 PM org.apache.catalina.loader.WebappClassLoader clearReferencesThreads
SEVERE: The web application [/remote-healthcare] appears to have started a thread named [Timer-0] but has failed to stop it. This is very likely to create a memory leak.
Mar 17, 2014 11:04:23 PM org.apache.coyote.AbstractProtocol stop
INFO: Stopping ProtocolHandler ["http-apr-8080"]
Mar 17, 2014 11:04:23 PM org.apache.coyote.AbstractProtocol stop
INFO: Stopping ProtocolHandler ["ajp-apr-8009"]
Mar 17, 2014 11:04:23 PM org.apache.coyote.AbstractProtocol destroy
INFO: Destroying ProtocolHandler ["http-apr-8080"]
Mar 17, 2014 11:04:23 PM org.apache.coyote.AbstractProtocol destroy
INFO: Destroying ProtocolHandler ["ajp-apr-8009"]
Mar 17, 2014 11:05:14 PM org.apache.catalina.core.AprLifecycleListener init
INFO: Loaded APR based Apache Tomcat Native library 1.1.27 using APR version 1.4.6.
Mar 17, 2014 11:05:14 PM org.apache.catalina.core.AprLifecycleListener init
INFO: APR capabilities: IPv6 [true], sendfile [true], accept filters [false], random [true].
Mar 17, 2014 11:05:15 PM org.apache.catalina.core.AprLifecycleListener initializeSSL
INFO: OpenSSL successfully initialized (OpenSSL 1.0.1d 5 Feb 2013)
Mar 17, 2014 11:05:16 PM org.apache.coyote.AbstractProtocol init
INFO: Initializing ProtocolHandler ["http-apr-8080"]
Mar 17, 2014 11:05:16 PM org.apache.coyote.AbstractProtocol init
INFO: Initializing ProtocolHandler ["ajp-apr-8009"]
Mar 17, 2014 11:05:16 PM org.apache.catalina.startup.Catalina load
INFO: Initialization processed in 2744 ms
Mar 17, 2014 11:05:16 PM org.apache.catalina.core.StandardService startInternal
INFO: Starting service Catalina
Mar 17, 2014 11:05:16 PM org.apache.catalina.core.StandardEngine startInternal
INFO: Starting Servlet Engine: Apache Tomcat/7.0.42
Mar 17, 2014 11:05:16 PM org.apache.catalina.startup.HostConfig deployWAR
INFO: Deploying web application archive D:\softwares\apache-tomcat-7.0.42\webapps\ApnaAspatalAdmin.war
Mar 17, 2014 11:05:18 PM org.apache.catalina.util.SessionIdGenerator createSecureRandom
INFO: Creation of SecureRandom instance for session ID generation using [SHA1PRNG] took [228] milliseconds.
Mar 17, 2014 11:05:18 PM org.apache.catalina.startup.HostConfig deployWAR
INFO: Deploying web application archive D:\softwares\apache-tomcat-7.0.42\webapps\ApnaAspatalBoothWebClient.war
Mar 17, 2014 11:05:18 PM org.apache.catalina.startup.HostConfig deployWAR
INFO: Deploying web application archive D:\softwares\apache-tomcat-7.0.42\webapps\ApnaAspatalDoctorWebClient.war
Mar 17, 2014 11:05:18 PM org.apache.catalina.startup.HostConfig deployWAR
INFO: Deploying web application archive D:\softwares\apache-tomcat-7.0.42\webapps\remote-healthcare.war
Mar 17, 2014 11:05:21 PM org.apache.catalina.loader.WebappClassLoader validateJarFile
INFO: validateJarFile(D:\softwares\apache-tomcat-7.0.42\webapps\remote-healthcare\WEB-INF\lib\servlet-api-2.5.jar) - jar not loaded. See Servlet Spec 2.3, section 9.7.2. Offending class: javax/servlet/Servlet.class
Mar 17, 2014 11:05:48 PM org.apache.catalina.startup.HostConfig deployDirectory
INFO: Deploying web application directory D:\softwares\apache-tomcat-7.0.42\webapps\docs
Mar 17, 2014 11:05:48 PM org.apache.catalina.startup.HostConfig deployDirectory
INFO: Deploying web application directory D:\softwares\apache-tomcat-7.0.42\webapps\examples
Mar 17, 2014 11:05:49 PM org.apache.catalina.startup.HostConfig deployDirectory
INFO: Deploying web application directory D:\softwares\apache-tomcat-7.0.42\webapps\host-manager
Mar 17, 2014 11:05:49 PM org.apache.catalina.startup.HostConfig deployDirectory
INFO: Deploying web application directory D:\softwares\apache-tomcat-7.0.42\webapps\manager
Mar 17, 2014 11:05:49 PM org.apache.catalina.startup.HostConfig deployDirectory
INFO: Deploying web application directory D:\softwares\apache-tomcat-7.0.42\webapps\ROOT
Mar 17, 2014 11:05:49 PM org.apache.coyote.AbstractProtocol start
INFO: Starting ProtocolHandler ["http-apr-8080"]
Mar 17, 2014 11:05:49 PM org.apache.coyote.AbstractProtocol start
INFO: Starting ProtocolHandler ["ajp-apr-8009"]
Mar 17, 2014 11:05:49 PM org.apache.catalina.startup.Catalina start
INFO: Server startup in 32951 ms
Mar 17, 2014 11:13:53 PM org.apache.catalina.core.StandardServer await
INFO: A valid shutdown command was received via the shutdown port. Stopping the Server instance.
Mar 17, 2014 11:13:53 PM org.apache.coyote.AbstractProtocol pause
INFO: Pausing ProtocolHandler ["http-apr-8080"]
Mar 17, 2014 11:13:53 PM org.apache.coyote.AbstractProtocol pause
INFO: Pausing ProtocolHandler ["ajp-apr-8009"]
Mar 17, 2014 11:13:53 PM org.apache.catalina.core.StandardService stopInternal
INFO: Stopping service Catalina
Mar 17, 2014 11:13:53 PM org.apache.catalina.loader.WebappClassLoader clearReferencesThreads
SEVERE: The web application [] appears to have started a thread named [Abandoned connection cleanup thread] but has failed to stop it. This is very likely to create a memory leak.
Mar 17, 2014 11:13:54 PM org.apache.catalina.loader.WebappClassLoader clearReferencesJdbc
SEVERE: The web application [/remote-healthcare] registered the JDBC driver [com.mysql.jdbc.Driver] but failed to unregister it when the web application was stopped. To prevent a memory leak, the JDBC Driver has been forcibly unregistered.
Mar 17, 2014 11:13:54 PM org.apache.catalina.loader.WebappClassLoader clearReferencesThreads
SEVERE: The web application [/remote-healthcare] appears to have started a thread named [Timer-0] but has failed to stop it. This is very likely to create a memory leak.
Mar 17, 2014 11:13:54 PM org.apache.coyote.AbstractProtocol stop
INFO: Stopping ProtocolHandler ["http-apr-8080"]
Mar 17, 2014 11:13:54 PM org.apache.coyote.AbstractProtocol stop
INFO: Stopping ProtocolHandler ["ajp-apr-8009"]
Mar 17, 2014 11:13:54 PM org.apache.coyote.AbstractProtocol destroy
INFO: Destroying ProtocolHandler ["http-apr-8080"]
Mar 17, 2014 11:13:54 PM org.apache.coyote.AbstractProtocol destroy
INFO: Destroying ProtocolHandler ["ajp-apr-8009"]
Mar 17, 2014 11:14:17 PM org.apache.catalina.core.AprLifecycleListener init
INFO: Loaded APR based Apache Tomcat Native library 1.1.27 using APR version 1.4.6.
Mar 17, 2014 11:14:17 PM org.apache.catalina.core.AprLifecycleListener init
INFO: APR capabilities: IPv6 [true], sendfile [true], accept filters [false], random [true].
Mar 17, 2014 11:14:19 PM org.apache.catalina.core.AprLifecycleListener initializeSSL
INFO: OpenSSL successfully initialized (OpenSSL 1.0.1d 5 Feb 2013)
Mar 17, 2014 11:14:19 PM org.apache.coyote.AbstractProtocol init
INFO: Initializing ProtocolHandler ["http-apr-8080"]
Mar 17, 2014 11:14:19 PM org.apache.coyote.AbstractProtocol init
INFO: Initializing ProtocolHandler ["ajp-apr-8009"]
Mar 17, 2014 11:14:19 PM org.apache.catalina.startup.Catalina load
INFO: Initialization processed in 1923 ms
Mar 17, 2014 11:14:19 PM org.apache.catalina.core.StandardService startInternal
INFO: Starting service Catalina
Mar 17, 2014 11:14:19 PM org.apache.catalina.core.StandardEngine startInternal
INFO: Starting Servlet Engine: Apache Tomcat/7.0.42
Mar 17, 2014 11:14:19 PM org.apache.catalina.startup.HostConfig deployWAR
INFO: Deploying web application archive D:\softwares\apache-tomcat-7.0.42\webapps\ApnaAspatalAdmin.war
Mar 17, 2014 11:14:20 PM org.apache.catalina.startup.HostConfig deployWAR
INFO: Deploying web application archive D:\softwares\apache-tomcat-7.0.42\webapps\ApnaAspatalBoothWebClient.war
Mar 17, 2014 11:14:20 PM org.apache.catalina.startup.HostConfig deployWAR
INFO: Deploying web application archive D:\softwares\apache-tomcat-7.0.42\webapps\ApnaAspatalDoctorWebClient.war
Mar 17, 2014 11:14:21 PM org.apache.catalina.startup.HostConfig deployWAR
INFO: Deploying web application archive D:\softwares\apache-tomcat-7.0.42\webapps\remote-healthcare.war
Mar 17, 2014 11:14:23 PM org.apache.catalina.loader.WebappClassLoader validateJarFile
INFO: validateJarFile(D:\softwares\apache-tomcat-7.0.42\webapps\remote-healthcare\WEB-INF\lib\servlet-api-2.5.jar) - jar not loaded. See Servlet Spec 2.3, section 9.7.2. Offending class: javax/servlet/Servlet.class
Mar 17, 2014 11:14:48 PM org.apache.catalina.startup.HostConfig deployDirectory
INFO: Deploying web application directory D:\softwares\apache-tomcat-7.0.42\webapps\docs
Mar 17, 2014 11:14:48 PM org.apache.catalina.startup.HostConfig deployDirectory
INFO: Deploying web application directory D:\softwares\apache-tomcat-7.0.42\webapps\examples
Mar 17, 2014 11:14:48 PM org.apache.catalina.startup.HostConfig deployDirectory
INFO: Deploying web application directory D:\softwares\apache-tomcat-7.0.42\webapps\host-manager
Mar 17, 2014 11:14:48 PM org.apache.catalina.startup.HostConfig deployDirectory
INFO: Deploying web application directory D:\softwares\apache-tomcat-7.0.42\webapps\manager
Mar 17, 2014 11:14:48 PM org.apache.catalina.startup.HostConfig deployDirectory
INFO: Deploying web application directory D:\softwares\apache-tomcat-7.0.42\webapps\ROOT
Mar 17, 2014 11:14:48 PM org.apache.coyote.AbstractProtocol start
INFO: Starting ProtocolHandler ["http-apr-8080"]
Mar 17, 2014 11:14:49 PM org.apache.coyote.AbstractProtocol start
INFO: Starting ProtocolHandler ["ajp-apr-8009"]
Mar 17, 2014 11:14:49 PM org.apache.catalina.startup.Catalina start
INFO: Server startup in 29627 ms
Mar 17, 2014 11:33:50 PM org.apache.catalina.core.StandardServer await
INFO: A valid shutdown command was received via the shutdown port. Stopping the Server instance.
Mar 17, 2014 11:33:50 PM org.apache.coyote.AbstractProtocol pause
INFO: Pausing ProtocolHandler ["http-apr-8080"]
Mar 17, 2014 11:33:50 PM org.apache.coyote.AbstractProtocol pause
INFO: Pausing ProtocolHandler ["ajp-apr-8009"]
Mar 17, 2014 11:33:50 PM org.apache.catalina.core.StandardService stopInternal
INFO: Stopping service Catalina
Mar 17, 2014 11:33:50 PM org.apache.catalina.loader.WebappClassLoader clearReferencesThreads
SEVERE: The web application [] appears to have started a thread named [Abandoned connection cleanup thread] but has failed to stop it. This is very likely to create a memory leak.
Mar 17, 2014 11:33:52 PM org.apache.catalina.loader.WebappClassLoader clearReferencesJdbc
SEVERE: The web application [/remote-healthcare] registered the JDBC driver [com.mysql.jdbc.Driver] but failed to unregister it when the web application was stopped. To prevent a memory leak, the JDBC Driver has been forcibly unregistered.
Mar 17, 2014 11:33:52 PM org.apache.catalina.loader.WebappClassLoader clearReferencesThreads
SEVERE: The web application [/remote-healthcare] appears to have started a thread named [Timer-0] but has failed to stop it. This is very likely to create a memory leak.
Mar 17, 2014 11:33:52 PM org.apache.coyote.AbstractProtocol stop
INFO: Stopping ProtocolHandler ["http-apr-8080"]
Mar 17, 2014 11:33:52 PM org.apache.coyote.AbstractProtocol stop
INFO: Stopping ProtocolHandler ["ajp-apr-8009"]
Mar 17, 2014 11:33:52 PM org.apache.coyote.AbstractProtocol destroy
INFO: Destroying ProtocolHandler ["http-apr-8080"]
Mar 17, 2014 11:33:52 PM org.apache.coyote.AbstractProtocol destroy
INFO: Destroying ProtocolHandler ["ajp-apr-8009"]
Mar 17, 2014 11:48:31 PM org.apache.catalina.core.AprLifecycleListener init
INFO: Loaded APR based Apache Tomcat Native library 1.1.27 using APR version 1.4.6.
Mar 17, 2014 11:48:31 PM org.apache.catalina.core.AprLifecycleListener init
INFO: APR capabilities: IPv6 [true], sendfile [true], accept filters [false], random [true].
Mar 17, 2014 11:48:33 PM org.apache.catalina.core.AprLifecycleListener initializeSSL
INFO: OpenSSL successfully initialized (OpenSSL 1.0.1d 5 Feb 2013)
Mar 17, 2014 11:48:34 PM org.apache.coyote.AbstractProtocol init
INFO: Initializing ProtocolHandler ["http-apr-8080"]
Mar 17, 2014 11:48:34 PM org.apache.coyote.AbstractProtocol init
INFO: Initializing ProtocolHandler ["ajp-apr-8009"]
Mar 17, 2014 11:48:34 PM org.apache.catalina.startup.Catalina load
INFO: Initialization processed in 3856 ms
Mar 17, 2014 11:48:34 PM org.apache.catalina.core.StandardService startInternal
INFO: Starting service Catalina
Mar 17, 2014 11:48:34 PM org.apache.catalina.core.StandardEngine startInternal
INFO: Starting Servlet Engine: Apache Tomcat/7.0.42
Mar 17, 2014 11:48:34 PM org.apache.catalina.startup.HostConfig deployWAR
INFO: Deploying web application archive D:\softwares\apache-tomcat-7.0.42\webapps\ApnaAspatalAdmin.war
Mar 17, 2014 11:48:36 PM org.apache.catalina.startup.HostConfig deployWAR
INFO: Deploying web application archive D:\softwares\apache-tomcat-7.0.42\webapps\ApnaAspatalBoothWebClient.war
Mar 17, 2014 11:48:36 PM org.apache.catalina.startup.HostConfig deployWAR
INFO: Deploying web application archive D:\softwares\apache-tomcat-7.0.42\webapps\ApnaAspatalDoctorWebClient.war
Mar 17, 2014 11:48:37 PM org.apache.catalina.startup.HostConfig deployWAR
INFO: Deploying web application archive D:\softwares\apache-tomcat-7.0.42\webapps\remote-healthcare.war
Mar 17, 2014 11:48:43 PM org.apache.catalina.loader.WebappClassLoader validateJarFile
INFO: validateJarFile(D:\softwares\apache-tomcat-7.0.42\webapps\remote-healthcare\WEB-INF\lib\servlet-api-2.5.jar) - jar not loaded. See Servlet Spec 2.3, section 9.7.2. Offending class: javax/servlet/Servlet.class
Mar 17, 2014 11:49:34 PM org.apache.catalina.startup.HostConfig deployDirectory
INFO: Deploying web application directory D:\softwares\apache-tomcat-7.0.42\webapps\docs
Mar 17, 2014 11:49:34 PM org.apache.catalina.startup.HostConfig deployDirectory
INFO: Deploying web application directory D:\softwares\apache-tomcat-7.0.42\webapps\examples
Mar 17, 2014 11:49:35 PM org.apache.catalina.startup.HostConfig deployDirectory
INFO: Deploying web application directory D:\softwares\apache-tomcat-7.0.42\webapps\host-manager
Mar 17, 2014 11:49:35 PM org.apache.catalina.startup.HostConfig deployDirectory
INFO: Deploying web application directory D:\softwares\apache-tomcat-7.0.42\webapps\manager
Mar 17, 2014 11:49:35 PM org.apache.catalina.startup.HostConfig deployDirectory
INFO: Deploying web application directory D:\softwares\apache-tomcat-7.0.42\webapps\ROOT
Mar 17, 2014 11:49:35 PM org.apache.coyote.AbstractProtocol start
INFO: Starting ProtocolHandler ["http-apr-8080"]
Mar 17, 2014 11:49:36 PM org.apache.coyote.AbstractProtocol start
INFO: Starting ProtocolHandler ["ajp-apr-8009"]
Mar 17, 2014 11:49:36 PM org.apache.catalina.startup.Catalina start
INFO: Server startup in 61356 ms
