Mar 18, 2014 12:25:35 AM org.apache.catalina.core.ApplicationContext log
INFO: SessionListener: contextDestroyed()
Mar 18, 2014 12:25:35 AM org.apache.catalina.core.ApplicationContext log
INFO: ContextListener: contextDestroyed()
Mar 18, 2014 12:25:35 AM org.apache.catalina.core.ApplicationContext log
INFO: Destroying Spring FrameworkServlet 'healthcare'
Mar 18, 2014 12:25:35 AM org.apache.catalina.core.ApplicationContext log
INFO: Closing Spring root WebApplicationContext
Mar 18, 2014 12:38:37 AM org.apache.catalina.core.ApplicationContext log
INFO: No Spring WebApplicationInitializer types detected on classpath
Mar 18, 2014 12:38:37 AM org.apache.catalina.core.ApplicationContext log
INFO: Initializing Spring root WebApplicationContext
Mar 18, 2014 12:38:50 AM org.apache.catalina.core.ApplicationContext log
INFO: Initializing Spring FrameworkServlet 'healthcare'
Mar 18, 2014 12:38:58 AM org.apache.catalina.core.ApplicationContext log
INFO: ContextListener: contextInitialized()
Mar 18, 2014 12:38:58 AM org.apache.catalina.core.ApplicationContext log
INFO: SessionListener: contextInitialized()
Mar 18, 2014 12:38:58 AM org.apache.catalina.core.ApplicationContext log
INFO: ContextListener: attributeAdded('org.apache.jasper.compiler.TldLocationsCache', 'org.apache.jasper.compiler.TldLocationsCache@92d089')
Mar 18, 2014 12:43:14 AM org.apache.catalina.core.ApplicationContext log
INFO: SessionListener: contextDestroyed()
Mar 18, 2014 12:43:14 AM org.apache.catalina.core.ApplicationContext log
INFO: ContextListener: contextDestroyed()
Mar 18, 2014 12:43:14 AM org.apache.catalina.core.ApplicationContext log
INFO: Destroying Spring FrameworkServlet 'healthcare'
Mar 18, 2014 12:43:14 AM org.apache.catalina.core.ApplicationContext log
INFO: Closing Spring root WebApplicationContext
