Mar 16, 2014 9:28:58 PM org.apache.catalina.core.ApplicationContext log
INFO: No Spring WebApplicationInitializer types detected on classpath
Mar 16, 2014 9:28:58 PM org.apache.catalina.core.ApplicationContext log
INFO: Initializing Spring root WebApplicationContext
Mar 16, 2014 9:29:10 PM org.apache.catalina.core.ApplicationContext log
INFO: Initializing Spring FrameworkServlet 'healthcare'
Mar 16, 2014 9:29:22 PM org.apache.catalina.core.ApplicationContext log
INFO: ContextListener: contextInitialized()
Mar 16, 2014 9:29:22 PM org.apache.catalina.core.ApplicationContext log
INFO: SessionListener: contextInitialized()
Mar 16, 2014 9:29:22 PM org.apache.catalina.core.ApplicationContext log
INFO: ContextListener: attributeAdded('org.apache.jasper.compiler.TldLocationsCache', 'org.apache.jasper.compiler.TldLocationsCache@16e066a')
Mar 16, 2014 9:33:50 PM org.apache.catalina.core.ApplicationContext log
INFO: SessionListener: contextDestroyed()
Mar 16, 2014 9:33:50 PM org.apache.catalina.core.ApplicationContext log
INFO: ContextListener: contextDestroyed()
Mar 16, 2014 9:33:50 PM org.apache.catalina.core.ApplicationContext log
INFO: Destroying Spring FrameworkServlet 'healthcare'
Mar 16, 2014 9:33:50 PM org.apache.catalina.core.ApplicationContext log
INFO: Closing Spring root WebApplicationContext
Mar 16, 2014 9:35:16 PM org.apache.catalina.core.ApplicationContext log
INFO: No Spring WebApplicationInitializer types detected on classpath
Mar 16, 2014 9:35:16 PM org.apache.catalina.core.ApplicationContext log
INFO: Initializing Spring root WebApplicationContext
Mar 16, 2014 9:35:28 PM org.apache.catalina.core.ApplicationContext log
INFO: Initializing Spring FrameworkServlet 'healthcare'
Mar 16, 2014 9:35:36 PM org.apache.catalina.core.ApplicationContext log
INFO: ContextListener: contextInitialized()
Mar 16, 2014 9:35:36 PM org.apache.catalina.core.ApplicationContext log
INFO: SessionListener: contextInitialized()
Mar 16, 2014 9:35:36 PM org.apache.catalina.core.ApplicationContext log
INFO: ContextListener: attributeAdded('org.apache.jasper.compiler.TldLocationsCache', 'org.apache.jasper.compiler.TldLocationsCache@5fe8bf')
Mar 16, 2014 9:38:12 PM org.apache.catalina.core.ApplicationContext log
INFO: SessionListener: contextDestroyed()
Mar 16, 2014 9:38:12 PM org.apache.catalina.core.ApplicationContext log
INFO: ContextListener: contextDestroyed()
Mar 16, 2014 9:38:12 PM org.apache.catalina.core.ApplicationContext log
INFO: Destroying Spring FrameworkServlet 'healthcare'
Mar 16, 2014 9:38:12 PM org.apache.catalina.core.ApplicationContext log
INFO: Closing Spring root WebApplicationContext
Mar 16, 2014 9:39:16 PM org.apache.catalina.core.ApplicationContext log
INFO: No Spring WebApplicationInitializer types detected on classpath
Mar 16, 2014 9:39:16 PM org.apache.catalina.core.ApplicationContext log
INFO: Initializing Spring root WebApplicationContext
Mar 16, 2014 9:39:26 PM org.apache.catalina.core.ApplicationContext log
INFO: Initializing Spring FrameworkServlet 'healthcare'
Mar 16, 2014 9:39:33 PM org.apache.catalina.core.ApplicationContext log
INFO: ContextListener: contextInitialized()
Mar 16, 2014 9:39:33 PM org.apache.catalina.core.ApplicationContext log
INFO: SessionListener: contextInitialized()
Mar 16, 2014 9:39:33 PM org.apache.catalina.core.ApplicationContext log
INFO: ContextListener: attributeAdded('org.apache.jasper.compiler.TldLocationsCache', 'org.apache.jasper.compiler.TldLocationsCache@1394bfc')
Mar 16, 2014 9:46:00 PM org.apache.catalina.core.ApplicationContext log
INFO: SessionListener: contextDestroyed()
Mar 16, 2014 9:46:00 PM org.apache.catalina.core.ApplicationContext log
INFO: ContextListener: contextDestroyed()
Mar 16, 2014 9:46:00 PM org.apache.catalina.core.ApplicationContext log
INFO: Destroying Spring FrameworkServlet 'healthcare'
Mar 16, 2014 9:46:00 PM org.apache.catalina.core.ApplicationContext log
INFO: Closing Spring root WebApplicationContext
Mar 16, 2014 9:50:08 PM org.apache.catalina.core.ApplicationContext log
INFO: No Spring WebApplicationInitializer types detected on classpath
Mar 16, 2014 9:50:09 PM org.apache.catalina.core.ApplicationContext log
INFO: Initializing Spring root WebApplicationContext
Mar 16, 2014 9:50:19 PM org.apache.catalina.core.ApplicationContext log
INFO: Initializing Spring FrameworkServlet 'healthcare'
Mar 16, 2014 9:50:27 PM org.apache.catalina.core.ApplicationContext log
INFO: ContextListener: contextInitialized()
Mar 16, 2014 9:50:27 PM org.apache.catalina.core.ApplicationContext log
INFO: SessionListener: contextInitialized()
Mar 16, 2014 9:50:27 PM org.apache.catalina.core.ApplicationContext log
INFO: ContextListener: attributeAdded('org.apache.jasper.compiler.TldLocationsCache', 'org.apache.jasper.compiler.TldLocationsCache@78a50f')
Mar 16, 2014 9:53:57 PM org.apache.catalina.core.ApplicationContext log
INFO: SessionListener: contextDestroyed()
Mar 16, 2014 9:53:57 PM org.apache.catalina.core.ApplicationContext log
INFO: ContextListener: contextDestroyed()
Mar 16, 2014 9:53:57 PM org.apache.catalina.core.ApplicationContext log
INFO: Destroying Spring FrameworkServlet 'healthcare'
Mar 16, 2014 9:53:57 PM org.apache.catalina.core.ApplicationContext log
INFO: Closing Spring root WebApplicationContext
Mar 16, 2014 9:54:53 PM org.apache.catalina.core.ApplicationContext log
INFO: No Spring WebApplicationInitializer types detected on classpath
Mar 16, 2014 9:54:54 PM org.apache.catalina.core.ApplicationContext log
INFO: Initializing Spring root WebApplicationContext
Mar 16, 2014 9:55:08 PM org.apache.catalina.core.ApplicationContext log
INFO: Initializing Spring FrameworkServlet 'healthcare'
Mar 16, 2014 9:55:15 PM org.apache.catalina.core.ApplicationContext log
INFO: ContextListener: contextInitialized()
Mar 16, 2014 9:55:15 PM org.apache.catalina.core.ApplicationContext log
INFO: SessionListener: contextInitialized()
Mar 16, 2014 9:55:15 PM org.apache.catalina.core.ApplicationContext log
INFO: ContextListener: attributeAdded('org.apache.jasper.compiler.TldLocationsCache', 'org.apache.jasper.compiler.TldLocationsCache@1395dab')
Mar 16, 2014 9:57:32 PM org.apache.catalina.core.ApplicationContext log
INFO: SessionListener: contextDestroyed()
Mar 16, 2014 9:57:32 PM org.apache.catalina.core.ApplicationContext log
INFO: ContextListener: contextDestroyed()
Mar 16, 2014 9:57:32 PM org.apache.catalina.core.ApplicationContext log
INFO: Destroying Spring FrameworkServlet 'healthcare'
Mar 16, 2014 9:57:32 PM org.apache.catalina.core.ApplicationContext log
INFO: Closing Spring root WebApplicationContext
Mar 16, 2014 9:58:35 PM org.apache.catalina.core.ApplicationContext log
INFO: No Spring WebApplicationInitializer types detected on classpath
Mar 16, 2014 9:58:35 PM org.apache.catalina.core.ApplicationContext log
INFO: Initializing Spring root WebApplicationContext
Mar 16, 2014 9:58:45 PM org.apache.catalina.core.ApplicationContext log
INFO: Initializing Spring FrameworkServlet 'healthcare'
Mar 16, 2014 9:58:53 PM org.apache.catalina.core.ApplicationContext log
INFO: ContextListener: contextInitialized()
Mar 16, 2014 9:58:53 PM org.apache.catalina.core.ApplicationContext log
INFO: SessionListener: contextInitialized()
Mar 16, 2014 9:58:53 PM org.apache.catalina.core.ApplicationContext log
INFO: ContextListener: attributeAdded('org.apache.jasper.compiler.TldLocationsCache', 'org.apache.jasper.compiler.TldLocationsCache@1bcc923')
Mar 16, 2014 10:02:36 PM org.apache.catalina.core.ApplicationContext log
INFO: Destroying Spring FrameworkServlet 'healthcare'
Mar 16, 2014 10:02:36 PM org.apache.catalina.core.ApplicationContext log
INFO: Closing Spring root WebApplicationContext
Mar 16, 2014 10:02:37 PM org.apache.catalina.core.StandardContext listenerStop
SEVERE: Exception sending context destroyed event to listener instance of class org.springframework.web.context.ContextLoaderListener
java.lang.NoClassDefFoundError: org/springframework/web/context/ContextCleanupListener
	at org.springframework.web.context.ContextLoaderListener.contextDestroyed(ContextLoaderListener.java:144)
	at org.apache.catalina.core.StandardContext.listenerStop(StandardContext.java:4980)
	at org.apache.catalina.core.StandardContext.stopInternal(StandardContext.java:5626)
	at org.apache.catalina.util.LifecycleBase.stop(LifecycleBase.java:232)
	at org.apache.catalina.core.ContainerBase.removeChild(ContainerBase.java:1028)
	at org.apache.catalina.startup.HostConfig.deleteRedeployResources(HostConfig.java:1299)
	at org.apache.catalina.startup.HostConfig.checkResources(HostConfig.java:1250)
	at org.apache.catalina.startup.HostConfig.check(HostConfig.java:1439)
	at org.apache.catalina.startup.HostConfig.lifecycleEvent(HostConfig.java:315)
	at org.apache.catalina.util.LifecycleSupport.fireLifecycleEvent(LifecycleSupport.java:119)
	at org.apache.catalina.util.LifecycleBase.fireLifecycleEvent(LifecycleBase.java:90)
	at org.apache.catalina.core.ContainerBase.backgroundProcess(ContainerBase.java:1374)
	at org.apache.catalina.core.ContainerBase$ContainerBackgroundProcessor.processChildren(ContainerBase.java:1530)
	at org.apache.catalina.core.ContainerBase$ContainerBackgroundProcessor.processChildren(ContainerBase.java:1540)
	at org.apache.catalina.core.ContainerBase$ContainerBackgroundProcessor.run(ContainerBase.java:1519)
	at java.lang.Thread.run(Thread.java:724)
Caused by: java.lang.ClassNotFoundException: org.springframework.web.context.ContextCleanupListener
	at org.apache.catalina.loader.WebappClassLoader.loadClass(WebappClassLoader.java:1714)
	at org.apache.catalina.loader.WebappClassLoader.loadClass(WebappClassLoader.java:1559)
	... 16 more

Mar 16, 2014 10:02:51 PM org.apache.catalina.core.ApplicationContext log
INFO: No Spring WebApplicationInitializer types detected on classpath
Mar 16, 2014 10:02:51 PM org.apache.catalina.core.ApplicationContext log
INFO: Initializing Spring root WebApplicationContext
Mar 16, 2014 10:03:02 PM org.apache.catalina.core.ApplicationContext log
INFO: Initializing Spring FrameworkServlet 'healthcare'
Mar 16, 2014 10:03:10 PM org.apache.catalina.core.ApplicationContext log
INFO: SessionListener: contextDestroyed()
Mar 16, 2014 10:03:10 PM org.apache.catalina.core.ApplicationContext log
INFO: ContextListener: contextDestroyed()
Mar 16, 2014 10:03:11 PM org.apache.catalina.core.ApplicationContext log
INFO: Destroying Spring FrameworkServlet 'healthcare'
Mar 16, 2014 10:03:11 PM org.apache.catalina.core.ApplicationContext log
INFO: Closing Spring root WebApplicationContext
Mar 16, 2014 10:04:12 PM org.apache.catalina.core.ApplicationContext log
INFO: No Spring WebApplicationInitializer types detected on classpath
Mar 16, 2014 10:04:13 PM org.apache.catalina.core.ApplicationContext log
INFO: Initializing Spring root WebApplicationContext
Mar 16, 2014 10:04:25 PM org.apache.catalina.core.ApplicationContext log
INFO: Initializing Spring FrameworkServlet 'healthcare'
Mar 16, 2014 10:04:36 PM org.apache.catalina.core.ApplicationContext log
INFO: ContextListener: contextInitialized()
Mar 16, 2014 10:04:36 PM org.apache.catalina.core.ApplicationContext log
INFO: SessionListener: contextInitialized()
Mar 16, 2014 10:04:36 PM org.apache.catalina.core.ApplicationContext log
INFO: ContextListener: attributeAdded('org.apache.jasper.compiler.TldLocationsCache', 'org.apache.jasper.compiler.TldLocationsCache@fa9166')
Mar 16, 2014 10:14:00 PM org.apache.catalina.core.ApplicationContext log
INFO: SessionListener: contextDestroyed()
Mar 16, 2014 10:14:00 PM org.apache.catalina.core.ApplicationContext log
INFO: ContextListener: contextDestroyed()
Mar 16, 2014 10:14:00 PM org.apache.catalina.core.ApplicationContext log
INFO: Destroying Spring FrameworkServlet 'healthcare'
Mar 16, 2014 10:14:00 PM org.apache.catalina.core.ApplicationContext log
INFO: Closing Spring root WebApplicationContext
Mar 16, 2014 10:15:14 PM org.apache.catalina.core.ApplicationContext log
INFO: No Spring WebApplicationInitializer types detected on classpath
Mar 16, 2014 10:15:14 PM org.apache.catalina.core.ApplicationContext log
INFO: Initializing Spring root WebApplicationContext
Mar 16, 2014 10:15:35 PM org.apache.catalina.core.ApplicationContext log
INFO: Initializing Spring FrameworkServlet 'healthcare'
Mar 16, 2014 10:15:52 PM org.apache.catalina.core.ApplicationContext log
INFO: ContextListener: contextInitialized()
Mar 16, 2014 10:15:52 PM org.apache.catalina.core.ApplicationContext log
INFO: SessionListener: contextInitialized()
Mar 16, 2014 10:15:52 PM org.apache.catalina.core.ApplicationContext log
INFO: ContextListener: attributeAdded('org.apache.jasper.compiler.TldLocationsCache', 'org.apache.jasper.compiler.TldLocationsCache@10497ef')
Mar 16, 2014 10:20:46 PM org.apache.catalina.core.ApplicationContext log
INFO: SessionListener: contextDestroyed()
Mar 16, 2014 10:20:46 PM org.apache.catalina.core.ApplicationContext log
INFO: ContextListener: contextDestroyed()
Mar 16, 2014 10:20:46 PM org.apache.catalina.core.ApplicationContext log
INFO: Destroying Spring FrameworkServlet 'healthcare'
Mar 16, 2014 10:20:46 PM org.apache.catalina.core.ApplicationContext log
INFO: Closing Spring root WebApplicationContext
Mar 16, 2014 10:22:20 PM org.apache.catalina.core.ApplicationContext log
INFO: No Spring WebApplicationInitializer types detected on classpath
Mar 16, 2014 10:22:21 PM org.apache.catalina.core.ApplicationContext log
INFO: Initializing Spring root WebApplicationContext
Mar 16, 2014 10:22:32 PM org.apache.catalina.core.ApplicationContext log
INFO: Initializing Spring FrameworkServlet 'healthcare'
Mar 16, 2014 10:22:40 PM org.apache.catalina.core.ApplicationContext log
INFO: ContextListener: contextInitialized()
Mar 16, 2014 10:22:40 PM org.apache.catalina.core.ApplicationContext log
INFO: SessionListener: contextInitialized()
Mar 16, 2014 10:22:40 PM org.apache.catalina.core.ApplicationContext log
INFO: ContextListener: attributeAdded('org.apache.jasper.compiler.TldLocationsCache', 'org.apache.jasper.compiler.TldLocationsCache@933fe4')
Mar 16, 2014 10:27:36 PM org.apache.catalina.core.ApplicationContext log
INFO: SessionListener: contextDestroyed()
Mar 16, 2014 10:27:36 PM org.apache.catalina.core.ApplicationContext log
INFO: ContextListener: contextDestroyed()
Mar 16, 2014 10:27:36 PM org.apache.catalina.core.ApplicationContext log
INFO: Destroying Spring FrameworkServlet 'healthcare'
Mar 16, 2014 10:27:37 PM org.apache.catalina.core.ApplicationContext log
INFO: Closing Spring root WebApplicationContext
Mar 16, 2014 10:28:55 PM org.apache.catalina.core.ApplicationContext log
INFO: No Spring WebApplicationInitializer types detected on classpath
Mar 16, 2014 10:28:56 PM org.apache.catalina.core.ApplicationContext log
INFO: Initializing Spring root WebApplicationContext
Mar 16, 2014 10:29:08 PM org.apache.catalina.core.ApplicationContext log
INFO: Initializing Spring FrameworkServlet 'healthcare'
Mar 16, 2014 10:29:16 PM org.apache.catalina.core.ApplicationContext log
INFO: ContextListener: contextInitialized()
Mar 16, 2014 10:29:16 PM org.apache.catalina.core.ApplicationContext log
INFO: SessionListener: contextInitialized()
Mar 16, 2014 10:29:16 PM org.apache.catalina.core.ApplicationContext log
INFO: ContextListener: attributeAdded('org.apache.jasper.compiler.TldLocationsCache', 'org.apache.jasper.compiler.TldLocationsCache@5d49ec')
Mar 16, 2014 10:38:31 PM org.apache.catalina.core.ApplicationContext log
INFO: SessionListener: contextDestroyed()
Mar 16, 2014 10:38:31 PM org.apache.catalina.core.ApplicationContext log
INFO: ContextListener: contextDestroyed()
Mar 16, 2014 10:38:31 PM org.apache.catalina.core.ApplicationContext log
INFO: Destroying Spring FrameworkServlet 'healthcare'
Mar 16, 2014 10:38:31 PM org.apache.catalina.core.ApplicationContext log
INFO: Closing Spring root WebApplicationContext
Mar 16, 2014 10:40:05 PM org.apache.catalina.core.ApplicationContext log
INFO: No Spring WebApplicationInitializer types detected on classpath
Mar 16, 2014 10:40:05 PM org.apache.catalina.core.ApplicationContext log
INFO: Initializing Spring root WebApplicationContext
Mar 16, 2014 10:40:16 PM org.apache.catalina.core.ApplicationContext log
INFO: Initializing Spring FrameworkServlet 'healthcare'
Mar 16, 2014 10:40:23 PM org.apache.catalina.core.ApplicationContext log
INFO: ContextListener: contextInitialized()
Mar 16, 2014 10:40:23 PM org.apache.catalina.core.ApplicationContext log
INFO: SessionListener: contextInitialized()
Mar 16, 2014 10:40:23 PM org.apache.catalina.core.ApplicationContext log
INFO: ContextListener: attributeAdded('org.apache.jasper.compiler.TldLocationsCache', 'org.apache.jasper.compiler.TldLocationsCache@124b16')
Mar 16, 2014 10:46:16 PM org.apache.catalina.core.ApplicationContext log
INFO: SessionListener: contextDestroyed()
Mar 16, 2014 10:46:16 PM org.apache.catalina.core.ApplicationContext log
INFO: ContextListener: contextDestroyed()
Mar 16, 2014 10:46:16 PM org.apache.catalina.core.ApplicationContext log
INFO: Destroying Spring FrameworkServlet 'healthcare'
Mar 16, 2014 10:46:16 PM org.apache.catalina.core.ApplicationContext log
INFO: Closing Spring root WebApplicationContext
Mar 16, 2014 10:47:46 PM org.apache.catalina.core.ApplicationContext log
INFO: No Spring WebApplicationInitializer types detected on classpath
Mar 16, 2014 10:47:46 PM org.apache.catalina.core.ApplicationContext log
INFO: Initializing Spring root WebApplicationContext
Mar 16, 2014 10:48:00 PM org.apache.catalina.core.ApplicationContext log
INFO: Initializing Spring FrameworkServlet 'healthcare'
Mar 16, 2014 10:48:10 PM org.apache.catalina.core.ApplicationContext log
INFO: ContextListener: contextInitialized()
Mar 16, 2014 10:48:10 PM org.apache.catalina.core.ApplicationContext log
INFO: SessionListener: contextInitialized()
Mar 16, 2014 10:48:10 PM org.apache.catalina.core.ApplicationContext log
INFO: ContextListener: attributeAdded('org.apache.jasper.compiler.TldLocationsCache', 'org.apache.jasper.compiler.TldLocationsCache@1145910')
Mar 16, 2014 11:33:17 PM org.apache.catalina.core.ApplicationContext log
INFO: SessionListener: contextDestroyed()
Mar 16, 2014 11:33:17 PM org.apache.catalina.core.ApplicationContext log
INFO: ContextListener: contextDestroyed()
Mar 16, 2014 11:33:17 PM org.apache.catalina.core.ApplicationContext log
INFO: Destroying Spring FrameworkServlet 'healthcare'
Mar 16, 2014 11:33:24 PM org.apache.catalina.core.ApplicationContext log
INFO: Closing Spring root WebApplicationContext
Mar 16, 2014 11:43:06 PM org.apache.catalina.core.ApplicationContext log
INFO: No Spring WebApplicationInitializer types detected on classpath
Mar 16, 2014 11:43:06 PM org.apache.catalina.core.ApplicationContext log
INFO: Initializing Spring root WebApplicationContext
Mar 16, 2014 11:43:19 PM org.apache.catalina.core.ApplicationContext log
INFO: Initializing Spring FrameworkServlet 'healthcare'
Mar 16, 2014 11:43:30 PM org.apache.catalina.core.ApplicationContext log
INFO: ContextListener: contextInitialized()
Mar 16, 2014 11:43:30 PM org.apache.catalina.core.ApplicationContext log
INFO: SessionListener: contextInitialized()
Mar 16, 2014 11:43:30 PM org.apache.catalina.core.ApplicationContext log
INFO: ContextListener: attributeAdded('org.apache.jasper.compiler.TldLocationsCache', 'org.apache.jasper.compiler.TldLocationsCache@19fea04')
Mar 16, 2014 11:49:15 PM org.apache.catalina.core.ApplicationContext log
INFO: SessionListener: contextDestroyed()
Mar 16, 2014 11:49:15 PM org.apache.catalina.core.ApplicationContext log
INFO: ContextListener: contextDestroyed()
Mar 16, 2014 11:49:15 PM org.apache.catalina.core.ApplicationContext log
INFO: Destroying Spring FrameworkServlet 'healthcare'
Mar 16, 2014 11:49:15 PM org.apache.catalina.core.ApplicationContext log
INFO: Closing Spring root WebApplicationContext
Mar 16, 2014 11:50:29 PM org.apache.catalina.core.ApplicationContext log
INFO: No Spring WebApplicationInitializer types detected on classpath
Mar 16, 2014 11:50:29 PM org.apache.catalina.core.ApplicationContext log
INFO: Initializing Spring root WebApplicationContext
Mar 16, 2014 11:50:42 PM org.apache.catalina.core.ApplicationContext log
INFO: Initializing Spring FrameworkServlet 'healthcare'
Mar 16, 2014 11:50:49 PM org.apache.catalina.core.ApplicationContext log
INFO: ContextListener: contextInitialized()
Mar 16, 2014 11:50:49 PM org.apache.catalina.core.ApplicationContext log
INFO: SessionListener: contextInitialized()
Mar 16, 2014 11:50:49 PM org.apache.catalina.core.ApplicationContext log
INFO: ContextListener: attributeAdded('org.apache.jasper.compiler.TldLocationsCache', 'org.apache.jasper.compiler.TldLocationsCache@16ff21d')
Mar 16, 2014 11:53:14 PM org.apache.catalina.core.ApplicationContext log
INFO: SessionListener: contextDestroyed()
Mar 16, 2014 11:53:14 PM org.apache.catalina.core.ApplicationContext log
INFO: ContextListener: contextDestroyed()
Mar 16, 2014 11:53:14 PM org.apache.catalina.core.ApplicationContext log
INFO: Destroying Spring FrameworkServlet 'healthcare'
Mar 16, 2014 11:53:15 PM org.apache.catalina.core.ApplicationContext log
INFO: Closing Spring root WebApplicationContext
Mar 16, 2014 11:54:31 PM org.apache.catalina.core.ApplicationContext log
INFO: No Spring WebApplicationInitializer types detected on classpath
Mar 16, 2014 11:54:32 PM org.apache.catalina.core.ApplicationContext log
INFO: Initializing Spring root WebApplicationContext
Mar 16, 2014 11:54:43 PM org.apache.catalina.core.ApplicationContext log
INFO: Initializing Spring FrameworkServlet 'healthcare'
Mar 16, 2014 11:54:53 PM org.apache.catalina.core.ApplicationContext log
INFO: ContextListener: contextInitialized()
Mar 16, 2014 11:54:53 PM org.apache.catalina.core.ApplicationContext log
INFO: SessionListener: contextInitialized()
Mar 16, 2014 11:54:53 PM org.apache.catalina.core.ApplicationContext log
INFO: ContextListener: attributeAdded('org.apache.jasper.compiler.TldLocationsCache', 'org.apache.jasper.compiler.TldLocationsCache@7d9fe8')
