May 03, 2014 6:11:13 PM org.apache.catalina.core.ApplicationContext log
INFO: No Spring WebApplicationInitializer types detected on classpath
May 03, 2014 6:11:13 PM org.apache.catalina.core.ApplicationContext log
INFO: Initializing Spring root WebApplicationContext
May 03, 2014 6:11:43 PM org.apache.catalina.core.ApplicationContext log
INFO: Initializing Spring FrameworkServlet 'healthcare'
May 03, 2014 6:11:53 PM org.apache.catalina.core.ApplicationContext log
INFO: ContextListener: contextInitialized()
May 03, 2014 6:11:53 PM org.apache.catalina.core.ApplicationContext log
INFO: SessionListener: contextInitialized()
May 03, 2014 6:11:54 PM org.apache.catalina.core.ApplicationContext log
INFO: ContextListener: attributeAdded('org.apache.jasper.compiler.TldLocationsCache', 'org.apache.jasper.compiler.TldLocationsCache@952105')
May 03, 2014 6:18:47 PM org.apache.catalina.core.ApplicationContext log
INFO: Destroying Spring FrameworkServlet 'healthcare'
May 03, 2014 6:18:47 PM org.apache.catalina.core.ApplicationContext log
INFO: Closing Spring root WebApplicationContext
May 03, 2014 6:18:47 PM org.apache.catalina.core.StandardContext listenerStop
SEVERE: Exception sending context destroyed event to listener instance of class org.springframework.web.context.ContextLoaderListener
java.lang.NoClassDefFoundError: org/springframework/web/context/ContextCleanupListener
	at org.springframework.web.context.ContextLoaderListener.contextDestroyed(ContextLoaderListener.java:144)
	at org.apache.catalina.core.StandardContext.listenerStop(StandardContext.java:4980)
	at org.apache.catalina.core.StandardContext.stopInternal(StandardContext.java:5626)
	at org.apache.catalina.util.LifecycleBase.stop(LifecycleBase.java:232)
	at org.apache.catalina.core.ContainerBase.removeChild(ContainerBase.java:1028)
	at org.apache.catalina.startup.HostConfig.deleteRedeployResources(HostConfig.java:1299)
	at org.apache.catalina.startup.HostConfig.checkResources(HostConfig.java:1250)
	at org.apache.catalina.startup.HostConfig.check(HostConfig.java:1439)
	at org.apache.catalina.startup.HostConfig.lifecycleEvent(HostConfig.java:315)
	at org.apache.catalina.util.LifecycleSupport.fireLifecycleEvent(LifecycleSupport.java:119)
	at org.apache.catalina.util.LifecycleBase.fireLifecycleEvent(LifecycleBase.java:90)
	at org.apache.catalina.core.ContainerBase.backgroundProcess(ContainerBase.java:1374)
	at org.apache.catalina.core.ContainerBase$ContainerBackgroundProcessor.processChildren(ContainerBase.java:1530)
	at org.apache.catalina.core.ContainerBase$ContainerBackgroundProcessor.processChildren(ContainerBase.java:1540)
	at org.apache.catalina.core.ContainerBase$ContainerBackgroundProcessor.run(ContainerBase.java:1519)
	at java.lang.Thread.run(Thread.java:724)
Caused by: java.lang.ClassNotFoundException: org.springframework.web.context.ContextCleanupListener
	at org.apache.catalina.loader.WebappClassLoader.loadClass(WebappClassLoader.java:1714)
	at org.apache.catalina.loader.WebappClassLoader.loadClass(WebappClassLoader.java:1559)
	... 16 more

May 03, 2014 6:19:00 PM org.apache.catalina.core.ApplicationContext log
INFO: No Spring WebApplicationInitializer types detected on classpath
May 03, 2014 6:19:00 PM org.apache.catalina.core.ApplicationContext log
INFO: Initializing Spring root WebApplicationContext
May 03, 2014 6:19:13 PM org.apache.catalina.core.ApplicationContext log
INFO: Initializing Spring FrameworkServlet 'healthcare'
May 03, 2014 6:19:14 PM org.apache.catalina.core.ApplicationContext log
INFO: No Spring WebApplicationInitializer types detected on classpath
May 03, 2014 6:19:14 PM org.apache.catalina.core.ApplicationContext log
INFO: Initializing Spring root WebApplicationContext
May 03, 2014 6:20:15 PM org.apache.catalina.core.ApplicationContext log
INFO: No Spring WebApplicationInitializer types detected on classpath
May 03, 2014 6:20:16 PM org.apache.catalina.core.ApplicationContext log
INFO: Initializing Spring root WebApplicationContext
May 03, 2014 6:20:26 PM org.apache.catalina.core.ApplicationContext log
INFO: Initializing Spring FrameworkServlet 'healthcare'
May 03, 2014 6:20:34 PM org.apache.catalina.core.ApplicationContext log
INFO: ContextListener: contextInitialized()
May 03, 2014 6:20:34 PM org.apache.catalina.core.ApplicationContext log
INFO: SessionListener: contextInitialized()
May 03, 2014 6:20:34 PM org.apache.catalina.core.ApplicationContext log
INFO: ContextListener: attributeAdded('org.apache.jasper.compiler.TldLocationsCache', 'org.apache.jasper.compiler.TldLocationsCache@107f59')
May 03, 2014 6:26:34 PM org.apache.catalina.core.ApplicationContext log
INFO: SessionListener: contextDestroyed()
May 03, 2014 6:26:34 PM org.apache.catalina.core.ApplicationContext log
INFO: ContextListener: contextDestroyed()
May 03, 2014 6:26:34 PM org.apache.catalina.core.ApplicationContext log
INFO: Destroying Spring FrameworkServlet 'healthcare'
May 03, 2014 6:26:42 PM org.apache.catalina.core.ApplicationContext log
INFO: Closing Spring root WebApplicationContext
May 03, 2014 6:27:27 PM org.apache.catalina.core.ApplicationContext log
INFO: No Spring WebApplicationInitializer types detected on classpath
May 03, 2014 6:27:28 PM org.apache.catalina.core.ApplicationContext log
INFO: Initializing Spring root WebApplicationContext
May 03, 2014 6:27:40 PM org.apache.catalina.core.ApplicationContext log
INFO: Initializing Spring FrameworkServlet 'healthcare'
May 03, 2014 6:27:49 PM org.apache.catalina.core.ApplicationContext log
INFO: ContextListener: contextInitialized()
May 03, 2014 6:27:49 PM org.apache.catalina.core.ApplicationContext log
INFO: SessionListener: contextInitialized()
May 03, 2014 6:27:50 PM org.apache.catalina.core.ApplicationContext log
INFO: ContextListener: attributeAdded('org.apache.jasper.compiler.TldLocationsCache', 'org.apache.jasper.compiler.TldLocationsCache@115cedd')
May 03, 2014 6:31:18 PM org.apache.catalina.core.ApplicationContext log
INFO: SessionListener: contextDestroyed()
May 03, 2014 6:31:18 PM org.apache.catalina.core.ApplicationContext log
INFO: ContextListener: contextDestroyed()
May 03, 2014 6:31:18 PM org.apache.catalina.core.ApplicationContext log
INFO: Destroying Spring FrameworkServlet 'healthcare'
May 03, 2014 6:31:18 PM org.apache.catalina.core.ApplicationContext log
INFO: Closing Spring root WebApplicationContext
May 03, 2014 6:35:54 PM org.apache.catalina.core.ApplicationContext log
INFO: No Spring WebApplicationInitializer types detected on classpath
May 03, 2014 6:35:54 PM org.apache.catalina.core.ApplicationContext log
INFO: Initializing Spring root WebApplicationContext
May 03, 2014 6:36:05 PM org.apache.catalina.core.ApplicationContext log
INFO: Initializing Spring FrameworkServlet 'healthcare'
May 03, 2014 6:36:13 PM org.apache.catalina.core.ApplicationContext log
INFO: ContextListener: contextInitialized()
May 03, 2014 6:36:13 PM org.apache.catalina.core.ApplicationContext log
INFO: SessionListener: contextInitialized()
May 03, 2014 6:36:13 PM org.apache.catalina.core.ApplicationContext log
INFO: ContextListener: attributeAdded('org.apache.jasper.compiler.TldLocationsCache', 'org.apache.jasper.compiler.TldLocationsCache@9350f6')
May 03, 2014 8:22:57 PM org.apache.catalina.core.ApplicationContext log
INFO: SessionListener: contextDestroyed()
May 03, 2014 8:22:57 PM org.apache.catalina.core.ApplicationContext log
INFO: ContextListener: contextDestroyed()
May 03, 2014 8:22:57 PM org.apache.catalina.core.ApplicationContext log
INFO: Destroying Spring FrameworkServlet 'healthcare'
May 03, 2014 8:23:00 PM org.apache.catalina.core.ApplicationContext log
INFO: Closing Spring root WebApplicationContext
May 03, 2014 8:32:07 PM org.apache.catalina.core.ApplicationContext log
INFO: No Spring WebApplicationInitializer types detected on classpath
May 03, 2014 8:32:07 PM org.apache.catalina.core.ApplicationContext log
INFO: Initializing Spring root WebApplicationContext
May 03, 2014 8:32:21 PM org.apache.catalina.core.ApplicationContext log
INFO: Initializing Spring FrameworkServlet 'healthcare'
May 03, 2014 8:32:33 PM org.apache.catalina.core.ApplicationContext log
INFO: ContextListener: contextInitialized()
May 03, 2014 8:32:33 PM org.apache.catalina.core.ApplicationContext log
INFO: SessionListener: contextInitialized()
May 03, 2014 8:32:33 PM org.apache.catalina.core.ApplicationContext log
INFO: ContextListener: attributeAdded('org.apache.jasper.compiler.TldLocationsCache', 'org.apache.jasper.compiler.TldLocationsCache@1330197')
May 03, 2014 9:34:25 PM org.apache.catalina.core.ApplicationContext log
INFO: SessionListener: contextDestroyed()
May 03, 2014 9:34:25 PM org.apache.catalina.core.ApplicationContext log
INFO: ContextListener: contextDestroyed()
May 03, 2014 9:34:25 PM org.apache.catalina.core.ApplicationContext log
INFO: Destroying Spring FrameworkServlet 'healthcare'
May 03, 2014 9:34:33 PM org.apache.catalina.core.ApplicationContext log
INFO: Closing Spring root WebApplicationContext
