May 19, 2014 12:55:11 AM org.apache.catalina.core.ApplicationContext log
INFO: No Spring WebApplicationInitializer types detected on classpath
May 19, 2014 12:55:12 AM org.apache.catalina.core.ApplicationContext log
INFO: Initializing Spring root WebApplicationContext
May 19, 2014 12:55:25 AM org.apache.catalina.core.ApplicationContext log
INFO: Initializing Spring FrameworkServlet 'healthcare'
May 19, 2014 12:55:36 AM org.apache.catalina.core.ApplicationContext log
INFO: ContextListener: contextInitialized()
May 19, 2014 12:55:36 AM org.apache.catalina.core.ApplicationContext log
INFO: SessionListener: contextInitialized()
May 19, 2014 12:55:36 AM org.apache.catalina.core.ApplicationContext log
INFO: ContextListener: attributeAdded('org.apache.jasper.compiler.TldLocationsCache', 'org.apache.jasper.compiler.TldLocationsCache@1941a15')
May 19, 2014 1:34:40 AM org.apache.catalina.core.ApplicationContext log
INFO: SessionListener: contextDestroyed()
May 19, 2014 1:34:40 AM org.apache.catalina.core.ApplicationContext log
INFO: ContextListener: contextDestroyed()
May 19, 2014 1:34:41 AM org.apache.catalina.core.ApplicationContext log
INFO: Destroying Spring FrameworkServlet 'healthcare'
May 19, 2014 1:34:45 AM org.apache.catalina.core.ApplicationContext log
INFO: Closing Spring root WebApplicationContext
