May 05, 2014 8:55:29 PM org.apache.catalina.core.ApplicationContext log
INFO: No Spring WebApplicationInitializer types detected on classpath
May 05, 2014 8:55:29 PM org.apache.catalina.core.ApplicationContext log
INFO: Initializing Spring root WebApplicationContext
May 05, 2014 8:55:43 PM org.apache.catalina.core.ApplicationContext log
INFO: Initializing Spring FrameworkServlet 'healthcare'
May 05, 2014 8:55:50 PM org.apache.catalina.core.ApplicationContext log
INFO: ContextListener: contextInitialized()
May 05, 2014 8:55:50 PM org.apache.catalina.core.ApplicationContext log
INFO: SessionListener: contextInitialized()
May 05, 2014 8:55:50 PM org.apache.catalina.core.ApplicationContext log
INFO: ContextListener: attributeAdded('org.apache.jasper.compiler.TldLocationsCache', 'org.apache.jasper.compiler.TldLocationsCache@707aab')
May 05, 2014 8:56:27 PM org.apache.catalina.core.ApplicationContext log
INFO: SessionListener: contextDestroyed()
May 05, 2014 8:56:27 PM org.apache.catalina.core.ApplicationContext log
INFO: ContextListener: contextDestroyed()
May 05, 2014 8:56:27 PM org.apache.catalina.core.ApplicationContext log
INFO: Destroying Spring FrameworkServlet 'healthcare'
May 05, 2014 8:56:27 PM org.apache.catalina.core.ApplicationContext log
INFO: Closing Spring root WebApplicationContext
