May 18, 2014 1:11:32 AM org.apache.catalina.core.ApplicationContext log
INFO: No Spring WebApplicationInitializer types detected on classpath
May 18, 2014 1:11:32 AM org.apache.catalina.core.ApplicationContext log
INFO: Initializing Spring root WebApplicationContext
May 18, 2014 1:11:47 AM org.apache.catalina.core.ApplicationContext log
INFO: Initializing Spring FrameworkServlet 'healthcare'
May 18, 2014 1:11:54 AM org.apache.catalina.core.ApplicationContext log
INFO: ContextListener: contextInitialized()
May 18, 2014 1:11:54 AM org.apache.catalina.core.ApplicationContext log
INFO: SessionListener: contextInitialized()
May 18, 2014 1:11:54 AM org.apache.catalina.core.ApplicationContext log
INFO: ContextListener: attributeAdded('org.apache.jasper.compiler.TldLocationsCache', 'org.apache.jasper.compiler.TldLocationsCache@10a41ec')
May 18, 2014 1:12:13 AM org.apache.catalina.core.ApplicationContext log
INFO: SessionListener: contextDestroyed()
May 18, 2014 1:12:13 AM org.apache.catalina.core.ApplicationContext log
INFO: ContextListener: contextDestroyed()
May 18, 2014 1:12:13 AM org.apache.catalina.core.ApplicationContext log
INFO: Destroying Spring FrameworkServlet 'healthcare'
May 18, 2014 1:12:13 AM org.apache.catalina.core.ApplicationContext log
INFO: Closing Spring root WebApplicationContext
