May 06, 2014 10:30:27 PM org.apache.catalina.core.ApplicationContext log
INFO: No Spring WebApplicationInitializer types detected on classpath
May 06, 2014 10:30:27 PM org.apache.catalina.core.ApplicationContext log
INFO: Initializing Spring root WebApplicationContext
May 06, 2014 10:30:45 PM org.apache.catalina.core.ApplicationContext log
INFO: Initializing Spring FrameworkServlet 'healthcare'
May 06, 2014 10:30:55 PM org.apache.catalina.core.ApplicationContext log
INFO: ContextListener: contextInitialized()
May 06, 2014 10:30:55 PM org.apache.catalina.core.ApplicationContext log
INFO: SessionListener: contextInitialized()
May 06, 2014 10:30:55 PM org.apache.catalina.core.ApplicationContext log
INFO: ContextListener: attributeAdded('org.apache.jasper.compiler.TldLocationsCache', 'org.apache.jasper.compiler.TldLocationsCache@13f02d4')
May 06, 2014 10:31:06 PM org.apache.catalina.core.ApplicationContext log
INFO: SessionListener: contextDestroyed()
May 06, 2014 10:31:06 PM org.apache.catalina.core.ApplicationContext log
INFO: ContextListener: contextDestroyed()
May 06, 2014 10:31:06 PM org.apache.catalina.core.ApplicationContext log
INFO: Destroying Spring FrameworkServlet 'healthcare'
May 06, 2014 10:31:06 PM org.apache.catalina.core.ApplicationContext log
INFO: Closing Spring root WebApplicationContext
